{"meta": {"format": 3, "version": "7.10.3", "timestamp": "2025-08-15T14:45:34.413345", "branch_coverage": false, "show_contexts": false}, "files": {"app.py": {"executed_lines": [1, 2, 3, 4, 5, 7, 9, 14, 15, 16, 17, 18, 19, 20, 26, 30, 32, 34, 35, 36, 37, 46, 47, 48, 49, 51, 53, 54, 56, 57, 58, 59, 60, 61, 63, 64, 65, 68, 70, 74], "summary": {"covered_lines": 35, "num_statements": 81, "percent_covered": 43.20987654320987, "percent_covered_display": "43", "missing_lines": 46, "excluded_lines": 0}, "missing_lines": [21, 22, 23, 24, 25, 28, 29, 31, 33, 39, 41, 42, 44, 45, 50, 52, 55, 62, 66, 67, 69, 71, 72, 73, 75, 76, 77, 78, 79, 80, 81, 83, 84, 90, 91, 92, 95, 97, 99, 101, 103, 104, 105, 108, 109, 110], "excluded_lines": [], "functions": {"_resolve_external_stylesheets": {"executed_lines": [14, 15, 16, 17, 18, 19, 20, 26, 30, 32, 34, 35, 36, 37], "summary": {"covered_lines": 13, "num_statements": 22, "percent_covered": 59.09090909090909, "percent_covered_display": "59", "missing_lines": 9, "excluded_lines": 0}, "missing_lines": [21, 22, 23, 24, 25, 28, 29, 31, 33], "excluded_lines": []}, "_build_layout": {"executed_lines": [46, 47, 48, 49, 51, 53, 54, 56, 57, 58], "summary": {"covered_lines": 10, "num_statements": 17, "percent_covered": 58.8235294117647, "percent_covered_display": "59", "missing_lines": 7, "excluded_lines": 0}, "missing_lines": [41, 42, 44, 45, 50, 52, 55], "excluded_lines": []}, "_register_callbacks": {"executed_lines": [61, 63, 64, 65, 68, 70, 74], "summary": {"covered_lines": 4, "num_statements": 18, "percent_covered": 22.22222222222222, "percent_covered_display": "22", "missing_lines": 14, "excluded_lines": 0}, "missing_lines": [62, 66, 67, 69, 71, 72, 73, 75, 76, 77, 78, 79, 80, 81], "excluded_lines": []}, "create_app": {"executed_lines": [], "summary": {"covered_lines": 0, "num_statements": 4, "percent_covered": 0.0, "percent_covered_display": "0", "missing_lines": 4, "excluded_lines": 0}, "missing_lines": [84, 90, 91, 92], "excluded_lines": []}, "open_browser": {"executed_lines": [], "summary": {"covered_lines": 0, "num_statements": 1, "percent_covered": 0.0, "percent_covered_display": "0", "missing_lines": 1, "excluded_lines": 0}, "missing_lines": [99], "excluded_lines": []}, "": {"executed_lines": [1, 2, 3, 4, 5, 7, 9, 59, 60], "summary": {"covered_lines": 8, "num_statements": 19, "percent_covered": 42.10526315789474, "percent_covered_display": "42", "missing_lines": 11, "excluded_lines": 0}, "missing_lines": [39, 83, 95, 97, 101, 103, 104, 105, 108, 109, 110], "excluded_lines": []}}, "classes": {"": {"executed_lines": [1, 2, 3, 4, 5, 7, 9, 14, 15, 16, 17, 18, 19, 20, 26, 30, 32, 34, 35, 36, 37, 46, 47, 48, 49, 51, 53, 54, 56, 57, 58, 59, 60, 61, 63, 64, 65, 68, 70, 74], "summary": {"covered_lines": 35, "num_statements": 81, "percent_covered": 43.20987654320987, "percent_covered_display": "43", "missing_lines": 46, "excluded_lines": 0}, "missing_lines": [21, 22, 23, 24, 25, 28, 29, 31, 33, 39, 41, 42, 44, 45, 50, 52, 55, 62, 66, 67, 69, 71, 72, 73, 75, 76, 77, 78, 79, 80, 81, 83, 84, 90, 91, 92, 95, 97, 99, 101, 103, 104, 105, 108, 109, 110], "excluded_lines": []}}}, "callbacks.py": {"executed_lines": [3, 4, 5, 6, 7, 8, 10, 11, 14, 16, 18, 21, 36, 45, 81, 86, 93, 100, 107, 115, 125, 130, 138, 143, 151, 161, 182, 192, 209, 210, 211, 212, 213, 286, 287, 288, 289, 290, 304, 305, 306, 307, 308, 322, 323, 324, 325, 326, 341, 342, 343, 344, 345, 362, 363, 364, 365, 366, 379, 380, 381, 382, 383, 410, 418, 419, 420, 429, 430, 431, 432, 433, 478, 479, 480, 481, 482, 500, 501, 502, 503, 504], "summary": {"covered_lines": 63, "num_statements": 244, "percent_covered": 25.81967213114754, "percent_covered_display": "26", "missing_lines": 181, "excluded_lines": 0}, "missing_lines": [23, 24, 33, 55, 56, 58, 59, 60, 62, 63, 64, 66, 67, 68, 69, 72, 73, 74, 75, 76, 77, 79, 88, 89, 90, 102, 103, 104, 105, 117, 118, 119, 120, 121, 122, 123, 132, 133, 134, 135, 136, 145, 146, 147, 148, 149, 166, 167, 169, 170, 171, 172, 173, 174, 175, 177, 194, 196, 198, 204, 206, 207, 208, 230, 236, 239, 240, 241, 244, 245, 246, 247, 249, 252, 255, 256, 257, 260, 262, 263, 265, 266, 268, 269, 270, 272, 273, 274, 276, 277, 279, 282, 283, 284, 285, 297, 299, 300, 301, 302, 303, 315, 317, 318, 319, 320, 321, 333, 335, 336, 337, 338, 339, 340, 353, 355, 356, 357, 358, 359, 360, 361, 374, 376, 377, 378, 390, 392, 393, 395, 396, 398, 399, 402, 403, 404, 406, 427, 443, 445, 446, 448, 449, 450, 451, 453, 455, 456, 459, 460, 461, 463, 470, 490, 495, 496, 498, 499, 512, 517, 518, 520, 521, 523, 524, 527, 528, 529, 531, 532, 536, 544, 546, 547, 548, 550, 551, 553, 559, 567, 569], "excluded_lines": [], "functions": {"create_empty_figure": {"executed_lines": [], "summary": {"covered_lines": 0, "num_statements": 3, "percent_covered": 0.0, "percent_covered_display": "0", "missing_lines": 3, "excluded_lines": 0}, "missing_lines": [23, 24, 33], "excluded_lines": []}, "update_data_and_configs": {"executed_lines": [], "summary": {"covered_lines": 0, "num_statements": 19, "percent_covered": 0.0, "percent_covered_display": "0", "missing_lines": 19, "excluded_lines": 0}, "missing_lines": [55, 56, 58, 59, 60, 62, 63, 64, 66, 67, 68, 69, 72, 73, 74, 75, 76, 77, 79], "excluded_lines": []}, "display_config_warnings": {"executed_lines": [], "summary": {"covered_lines": 0, "num_statements": 3, "percent_covered": 0.0, "percent_covered_display": "0", "missing_lines": 3, "excluded_lines": 0}, "missing_lines": [88, 89, 90], "excluded_lines": []}, "update_config_tab_options": {"executed_lines": [], "summary": {"covered_lines": 0, "num_statements": 4, "percent_covered": 0.0, "percent_covered_display": "0", "missing_lines": 4, "excluded_lines": 0}, "missing_lines": [102, 103, 104, 105], "excluded_lines": []}, "populate_config_tab_values": {"executed_lines": [], "summary": {"covered_lines": 0, "num_statements": 7, "percent_covered": 0.0, "percent_covered_display": "0", "missing_lines": 7, "excluded_lines": 0}, "missing_lines": [117, 118, 119, 120, 121, 122, 123], "excluded_lines": []}, "update_main_graph_radios": {"executed_lines": [], "summary": {"covered_lines": 0, "num_statements": 5, "percent_covered": 0.0, "percent_covered_display": "0", "missing_lines": 5, "excluded_lines": 0}, "missing_lines": [132, 133, 134, 135, 136], "excluded_lines": []}, "update_2d_plot_radios": {"executed_lines": [], "summary": {"covered_lines": 0, "num_statements": 5, "percent_covered": 0.0, "percent_covered_display": "0", "missing_lines": 5, "excluded_lines": 0}, "missing_lines": [145, 146, 147, 148, 149], "excluded_lines": []}, "update_custom_and_mesh_plot_controls": {"executed_lines": [], "summary": {"covered_lines": 0, "num_statements": 10, "percent_covered": 0.0, "percent_covered_display": "0", "missing_lines": 10, "excluded_lines": 0}, "missing_lines": [166, 167, 169, 170, 171, 172, 173, 174, 175, 177], "excluded_lines": []}, "save_config_and_advise_restart": {"executed_lines": [209, 210], "summary": {"covered_lines": 1, "num_statements": 8, "percent_covered": 12.5, "percent_covered_display": "12", "missing_lines": 7, "excluded_lines": 0}, "missing_lines": [194, 196, 198, 204, 206, 207, 208], "excluded_lines": []}, "sync_filter_controls": {"executed_lines": [286, 287], "summary": {"covered_lines": 1, "num_statements": 32, "percent_covered": 3.125, "percent_covered_display": "3", "missing_lines": 31, "excluded_lines": 0}, "missing_lines": [236, 239, 240, 241, 244, 245, 246, 247, 249, 252, 255, 256, 257, 260, 262, 263, 265, 266, 268, 269, 270, 272, 273, 274, 276, 277, 279, 282, 283, 284, 285], "excluded_lines": []}, "update_graph_1": {"executed_lines": [304, 305, 306], "summary": {"covered_lines": 3, "num_statements": 8, "percent_covered": 37.5, "percent_covered_display": "38", "missing_lines": 5, "excluded_lines": 0}, "missing_lines": [299, 300, 301, 302, 303], "excluded_lines": []}, "update_graph_2": {"executed_lines": [322, 323, 324], "summary": {"covered_lines": 3, "num_statements": 8, "percent_covered": 37.5, "percent_covered_display": "38", "missing_lines": 5, "excluded_lines": 0}, "missing_lines": [317, 318, 319, 320, 321], "excluded_lines": []}, "update_2d_scatter": {"executed_lines": [341, 342, 343], "summary": {"covered_lines": 3, "num_statements": 9, "percent_covered": 33.333333333333336, "percent_covered_display": "33", "missing_lines": 6, "excluded_lines": 0}, "missing_lines": [335, 336, 337, 338, 339, 340], "excluded_lines": []}, "update_custom_graph": {"executed_lines": [362, 363, 364], "summary": {"covered_lines": 3, "num_statements": 10, "percent_covered": 30.0, "percent_covered_display": "30", "missing_lines": 7, "excluded_lines": 0}, "missing_lines": [355, 356, 357, 358, 359, 360, 361], "excluded_lines": []}, "update_data_table": {"executed_lines": [379, 380, 381], "summary": {"covered_lines": 3, "num_statements": 6, "percent_covered": 50.0, "percent_covered_display": "50", "missing_lines": 3, "excluded_lines": 0}, "missing_lines": [376, 377, 378], "excluded_lines": []}, "update_line_plot": {"executed_lines": [410, 418], "summary": {"covered_lines": 2, "num_statements": 12, "percent_covered": 16.666666666666668, "percent_covered_display": "17", "missing_lines": 10, "excluded_lines": 0}, "missing_lines": [392, 393, 395, 396, 398, 399, 402, 403, 404, 406], "excluded_lines": []}, "update_color_range_for_mesh_plot": {"executed_lines": [429, 430, 431], "summary": {"covered_lines": 3, "num_statements": 3, "percent_covered": 100.0, "percent_covered_display": "100", "missing_lines": 0, "excluded_lines": 0}, "missing_lines": [], "excluded_lines": []}, "update_mesh_plot": {"executed_lines": [478], "summary": {"covered_lines": 1, "num_statements": 15, "percent_covered": 6.666666666666667, "percent_covered_display": "7", "missing_lines": 14, "excluded_lines": 0}, "missing_lines": [445, 446, 448, 449, 450, 451, 453, 455, 456, 459, 460, 461, 463, 470], "excluded_lines": []}, "handle_gcode_upload": {"executed_lines": [500, 501, 502], "summary": {"covered_lines": 2, "num_statements": 6, "percent_covered": 33.333333333333336, "percent_covered_display": "33", "missing_lines": 4, "excluded_lines": 0}, "missing_lines": [495, 496, 498, 499], "excluded_lines": []}, "update_gcode_visualization": {"executed_lines": [], "summary": {"covered_lines": 0, "num_statements": 22, "percent_covered": 0.0, "percent_covered_display": "0", "missing_lines": 22, "excluded_lines": 0}, "missing_lines": [517, 518, 520, 521, 523, 524, 527, 528, 529, 531, 532, 536, 544, 546, 547, 548, 550, 551, 553, 559, 567, 569], "excluded_lines": []}, "": {"executed_lines": [3, 4, 5, 6, 7, 8, 10, 11, 14, 16, 18, 21, 36, 45, 81, 86, 93, 100, 107, 115, 125, 130, 138, 143, 151, 161, 182, 192, 211, 212, 213, 288, 289, 290, 307, 308, 325, 326, 344, 345, 365, 366, 382, 383, 419, 420, 432, 433, 479, 480, 481, 482, 503, 504], "summary": {"covered_lines": 38, "num_statements": 49, "percent_covered": 77.55102040816327, "percent_covered_display": "78", "missing_lines": 11, "excluded_lines": 0}, "missing_lines": [230, 297, 315, 333, 353, 374, 390, 427, 443, 490, 512], "excluded_lines": []}}, "classes": {"": {"executed_lines": [3, 4, 5, 6, 7, 8, 10, 11, 14, 16, 18, 21, 36, 45, 81, 86, 93, 100, 107, 115, 125, 130, 138, 143, 151, 161, 182, 192, 209, 210, 211, 212, 213, 286, 287, 288, 289, 290, 304, 305, 306, 307, 308, 322, 323, 324, 325, 326, 341, 342, 343, 344, 345, 362, 363, 364, 365, 366, 379, 380, 381, 382, 383, 410, 418, 419, 420, 429, 430, 431, 432, 433, 478, 479, 480, 481, 482, 500, 501, 502, 503, 504], "summary": {"covered_lines": 63, "num_statements": 244, "percent_covered": 25.81967213114754, "percent_covered_display": "26", "missing_lines": 181, "excluded_lines": 0}, "missing_lines": [23, 24, 33, 55, 56, 58, 59, 60, 62, 63, 64, 66, 67, 68, 69, 72, 73, 74, 75, 76, 77, 79, 88, 89, 90, 102, 103, 104, 105, 117, 118, 119, 120, 121, 122, 123, 132, 133, 134, 135, 136, 145, 146, 147, 148, 149, 166, 167, 169, 170, 171, 172, 173, 174, 175, 177, 194, 196, 198, 204, 206, 207, 208, 230, 236, 239, 240, 241, 244, 245, 246, 247, 249, 252, 255, 256, 257, 260, 262, 263, 265, 266, 268, 269, 270, 272, 273, 274, 276, 277, 279, 282, 283, 284, 285, 297, 299, 300, 301, 302, 303, 315, 317, 318, 319, 320, 321, 333, 335, 336, 337, 338, 339, 340, 353, 355, 356, 357, 358, 359, 360, 361, 374, 376, 377, 378, 390, 392, 393, 395, 396, 398, 399, 402, 403, 404, 406, 427, 443, 445, 446, 448, 449, 450, 451, 453, 455, 456, 459, 460, 461, 463, 470, 490, 495, 496, 498, 499, 512, 517, 518, 520, 521, 523, 524, 527, 528, 529, 531, 532, 536, 544, 546, 547, 548, 550, 551, 553, 559, 567, 569], "excluded_lines": []}}}, "config.py": {"executed_lines": [3, 4, 7, 23, 28, 35, 40, 45, 46, 47, 49, 52, 56, 59, 64, 65, 66], "summary": {"covered_lines": 17, "num_statements": 22, "percent_covered": 77.27272727272727, "percent_covered_display": "77", "missing_lines": 5, "excluded_lines": 0}, "missing_lines": [53, 57, 58, 60, 61], "excluded_lines": [], "functions": {"load_config": {"executed_lines": [40, 45, 46, 47, 49, 52, 56, 59], "summary": {"covered_lines": 8, "num_statements": 13, "percent_covered": 61.53846153846154, "percent_covered_display": "62", "missing_lines": 5, "excluded_lines": 0}, "missing_lines": [53, 57, 58, 60, 61], "excluded_lines": []}, "": {"executed_lines": [3, 4, 7, 23, 28, 35, 64, 65, 66], "summary": {"covered_lines": 9, "num_statements": 9, "percent_covered": 100.0, "percent_covered_display": "100", "missing_lines": 0, "excluded_lines": 0}, "missing_lines": [], "excluded_lines": []}}, "classes": {"": {"executed_lines": [3, 4, 7, 23, 28, 35, 40, 45, 46, 47, 49, 52, 56, 59, 64, 65, 66], "summary": {"covered_lines": 17, "num_statements": 22, "percent_covered": 77.27272727272727, "percent_covered_display": "77", "missing_lines": 5, "excluded_lines": 0}, "missing_lines": [53, 57, 58, 60, 61], "excluded_lines": []}}}, "data_processing.py": {"executed_lines": [3, 4, 5, 6, 7, 10, 12, 49, 178, 213], "summary": {"covered_lines": 9, "num_statements": 169, "percent_covered": 5.325443786982248, "percent_covered_display": "5", "missing_lines": 160, "excluded_lines": 0}, "missing_lines": [24, 25, 28, 31, 32, 33, 35, 36, 37, 38, 39, 41, 42, 43, 45, 47, 48, 50, 51, 52, 53, 54, 55, 57, 70, 71, 74, 77, 78, 79, 81, 82, 83, 84, 85, 86, 87, 90, 93, 94, 95, 98, 101, 109, 112, 116, 118, 120, 122, 123, 125, 128, 129, 130, 131, 132, 134, 135, 136, 138, 139, 140, 141, 144, 147, 148, 149, 150, 152, 153, 154, 156, 157, 159, 160, 163, 166, 174, 177, 179, 180, 182, 183, 185, 188, 189, 190, 193, 194, 195, 197, 200, 205, 206, 209, 211, 212, 214, 215, 216, 218, 219, 221, 222, 223, 224, 225, 227, 228, 229, 230, 231, 233, 235, 247, 248, 251, 252, 253, 254, 255, 259, 260, 261, 262, 263, 264, 270, 271, 273, 274, 277, 278, 279, 281, 282, 283, 285, 286, 287, 288, 291, 292, 295, 296, 298, 299, 302, 303, 306, 307, 308, 309, 310, 312, 313, 314, 316, 317, 319], "excluded_lines": [], "functions": {"parse_contents": {"executed_lines": [49], "summary": {"covered_lines": 1, "num_statements": 24, "percent_covered": 4.166666666666667, "percent_covered_display": "4", "missing_lines": 23, "excluded_lines": 0}, "missing_lines": [24, 25, 28, 31, 32, 33, 35, 36, 37, 38, 39, 41, 42, 43, 45, 47, 48, 50, 51, 52, 53, 54, 55], "excluded_lines": []}, "parse_gcode_file": {"executed_lines": [178], "summary": {"covered_lines": 0, "num_statements": 67, "percent_covered": 0.0, "percent_covered_display": "0", "missing_lines": 67, "excluded_lines": 0}, "missing_lines": [70, 71, 74, 77, 78, 79, 81, 82, 83, 84, 85, 86, 87, 90, 93, 94, 95, 98, 101, 109, 112, 116, 118, 120, 122, 123, 125, 128, 129, 130, 131, 132, 134, 135, 136, 138, 139, 140, 141, 144, 147, 148, 149, 150, 152, 153, 154, 156, 157, 159, 160, 163, 166, 174, 177, 179, 180, 182, 183, 185, 188, 189, 190, 193, 194, 195, 197], "excluded_lines": []}, "get_cross_section_vertices": {"executed_lines": [213], "summary": {"covered_lines": 1, "num_statements": 22, "percent_covered": 4.545454545454546, "percent_covered_display": "5", "missing_lines": 21, "excluded_lines": 0}, "missing_lines": [205, 206, 209, 211, 212, 214, 215, 216, 218, 219, 221, 222, 223, 224, 225, 227, 228, 229, 230, 231, 233], "excluded_lines": []}, "generate_volume_mesh": {"executed_lines": [], "summary": {"covered_lines": 0, "num_statements": 46, "percent_covered": 0.0, "percent_covered_display": "0", "missing_lines": 46, "excluded_lines": 0}, "missing_lines": [247, 248, 251, 252, 253, 254, 255, 259, 260, 261, 262, 263, 264, 270, 271, 273, 274, 277, 278, 279, 281, 282, 283, 285, 286, 287, 288, 291, 292, 295, 296, 298, 299, 302, 303, 306, 307, 308, 309, 310, 312, 313, 314, 316, 317, 319], "excluded_lines": []}, "": {"executed_lines": [3, 4, 5, 6, 7, 10, 12], "summary": {"covered_lines": 7, "num_statements": 10, "percent_covered": 70.0, "percent_covered_display": "70", "missing_lines": 3, "excluded_lines": 0}, "missing_lines": [57, 200, 235], "excluded_lines": []}}, "classes": {"": {"executed_lines": [3, 4, 5, 6, 7, 10, 12, 49, 178, 213], "summary": {"covered_lines": 9, "num_statements": 169, "percent_covered": 5.325443786982248, "percent_covered_display": "5", "missing_lines": 160, "excluded_lines": 0}, "missing_lines": [24, 25, 28, 31, 32, 33, 35, 36, 37, 38, 39, 41, 42, 43, 45, 47, 48, 50, 51, 52, 53, 54, 55, 57, 70, 71, 74, 77, 78, 79, 81, 82, 83, 84, 85, 86, 87, 90, 93, 94, 95, 98, 101, 109, 112, 116, 118, 120, 122, 123, 125, 128, 129, 130, 131, 132, 134, 135, 136, 138, 139, 140, 141, 144, 147, 148, 149, 150, 152, 153, 154, 156, 157, 159, 160, 163, 166, 174, 177, 179, 180, 182, 183, 185, 188, 189, 190, 193, 194, 195, 197, 200, 205, 206, 209, 211, 212, 214, 215, 216, 218, 219, 221, 222, 223, 224, 225, 227, 228, 229, 230, 231, 233, 235, 247, 248, 251, 252, 253, 254, 255, 259, 260, 261, 262, 263, 264, 270, 271, 273, 274, 277, 278, 279, 281, 282, 283, 285, 286, 287, 288, 291, 292, 295, 296, 298, 299, 302, 303, 306, 307, 308, 309, 310, 312, 313, 314, 316, 317, 319], "excluded_lines": []}}}, "layout.py": {"executed_lines": [3, 4, 5, 8, 10, 24, 26, 43, 45, 51, 53, 64, 66, 75, 77, 92, 94, 98, 100, 101, 102, 128, 130, 151, 153, 178, 180, 227, 229, 240, 246], "summary": {"covered_lines": 31, "num_statements": 31, "percent_covered": 100.0, "percent_covered_display": "100", "missing_lines": 0, "excluded_lines": 0}, "missing_lines": [], "excluded_lines": [], "functions": {"build_header": {"executed_lines": [10], "summary": {"covered_lines": 1, "num_statements": 1, "percent_covered": 100.0, "percent_covered_display": "100", "missing_lines": 0, "excluded_lines": 0}, "missing_lines": [], "excluded_lines": []}, "create_filter_controls": {"executed_lines": [26], "summary": {"covered_lines": 1, "num_statements": 1, "percent_covered": 100.0, "percent_covered_display": "100", "missing_lines": 0, "excluded_lines": 0}, "missing_lines": [], "excluded_lines": []}, "create_color_scale_controls": {"executed_lines": [45], "summary": {"covered_lines": 1, "num_statements": 1, "percent_covered": 100.0, "percent_covered_display": "100", "missing_lines": 0, "excluded_lines": 0}, "missing_lines": [], "excluded_lines": []}, "build_main_controls_and_graphs": {"executed_lines": [53], "summary": {"covered_lines": 1, "num_statements": 1, "percent_covered": 100.0, "percent_covered_display": "100", "missing_lines": 0, "excluded_lines": 0}, "missing_lines": [], "excluded_lines": []}, "build_2d_plotter": {"executed_lines": [66], "summary": {"covered_lines": 1, "num_statements": 1, "percent_covered": 100.0, "percent_covered_display": "100", "missing_lines": 0, "excluded_lines": 0}, "missing_lines": [], "excluded_lines": []}, "build_custom_plotter": {"executed_lines": [77], "summary": {"covered_lines": 1, "num_statements": 1, "percent_covered": 100.0, "percent_covered_display": "100", "missing_lines": 0, "excluded_lines": 0}, "missing_lines": [], "excluded_lines": []}, "build_data_table": {"executed_lines": [94], "summary": {"covered_lines": 1, "num_statements": 1, "percent_covered": 100.0, "percent_covered_display": "100", "missing_lines": 0, "excluded_lines": 0}, "missing_lines": [], "excluded_lines": []}, "build_config_tab": {"executed_lines": [100, 101, 102], "summary": {"covered_lines": 3, "num_statements": 3, "percent_covered": 100.0, "percent_covered_display": "100", "missing_lines": 0, "excluded_lines": 0}, "missing_lines": [], "excluded_lines": []}, "build_line_plot_tab": {"executed_lines": [130], "summary": {"covered_lines": 1, "num_statements": 1, "percent_covered": 100.0, "percent_covered_display": "100", "missing_lines": 0, "excluded_lines": 0}, "missing_lines": [], "excluded_lines": []}, "build_mesh_plot_tab": {"executed_lines": [153], "summary": {"covered_lines": 1, "num_statements": 1, "percent_covered": 100.0, "percent_covered_display": "100", "missing_lines": 0, "excluded_lines": 0}, "missing_lines": [], "excluded_lines": []}, "build_gcode_tab": {"executed_lines": [180], "summary": {"covered_lines": 1, "num_statements": 1, "percent_covered": 100.0, "percent_covered_display": "100", "missing_lines": 0, "excluded_lines": 0}, "missing_lines": [], "excluded_lines": []}, "build_app_body_with_tabs": {"executed_lines": [229], "summary": {"covered_lines": 1, "num_statements": 1, "percent_covered": 100.0, "percent_covered_display": "100", "missing_lines": 0, "excluded_lines": 0}, "missing_lines": [], "excluded_lines": []}, "get_layout": {"executed_lines": [246], "summary": {"covered_lines": 1, "num_statements": 1, "percent_covered": 100.0, "percent_covered_display": "100", "missing_lines": 0, "excluded_lines": 0}, "missing_lines": [], "excluded_lines": []}, "": {"executed_lines": [3, 4, 5, 8, 24, 43, 51, 64, 75, 92, 98, 128, 151, 178, 227, 240], "summary": {"covered_lines": 16, "num_statements": 16, "percent_covered": 100.0, "percent_covered_display": "100", "missing_lines": 0, "excluded_lines": 0}, "missing_lines": [], "excluded_lines": []}}, "classes": {"": {"executed_lines": [3, 4, 5, 8, 10, 24, 26, 43, 45, 51, 53, 64, 66, 75, 77, 92, 94, 98, 100, 101, 102, 128, 130, 151, 153, 178, 180, 227, 229, 240, 246], "summary": {"covered_lines": 31, "num_statements": 31, "percent_covered": 100.0, "percent_covered_display": "100", "missing_lines": 0, "excluded_lines": 0}, "missing_lines": [], "excluded_lines": []}}}, "tests\\conftest.py": {"executed_lines": [1, 2, 3, 4, 5, 6, 9, 11, 12, 13, 14, 15, 16, 20, 22, 23, 24, 25, 39, 40, 42, 43, 44, 45], "summary": {"covered_lines": 24, "num_statements": 44, "percent_covered": 54.54545454545455, "percent_covered_display": "55", "missing_lines": 20, "excluded_lines": 0}, "missing_lines": [17, 18, 26, 27, 28, 29, 30, 31, 32, 33, 34, 35, 36, 37, 46, 47, 49, 50, 51, 53], "excluded_lines": [], "functions": {"_add_project_root_to_sys_path": {"executed_lines": [12, 13, 14, 15, 16], "summary": {"covered_lines": 5, "num_statements": 7, "percent_covered": 71.42857142857143, "percent_covered_display": "71", "missing_lines": 2, "excluded_lines": 0}, "missing_lines": [17, 18], "excluded_lines": []}, "_try_import_app": {"executed_lines": [23, 24, 25], "summary": {"covered_lines": 3, "num_statements": 15, "percent_covered": 20.0, "percent_covered_display": "20", "missing_lines": 12, "excluded_lines": 0}, "missing_lines": [26, 27, 28, 29, 30, 31, 32, 33, 34, 35, 36, 37], "excluded_lines": []}, "dash_app": {"executed_lines": [42, 43, 44, 45], "summary": {"covered_lines": 4, "num_statements": 10, "percent_covered": 40.0, "percent_covered_display": "40", "missing_lines": 6, "excluded_lines": 0}, "missing_lines": [46, 47, 49, 50, 51, 53], "excluded_lines": []}, "": {"executed_lines": [1, 2, 3, 4, 5, 6, 9, 11, 20, 22, 39, 40], "summary": {"covered_lines": 12, "num_statements": 12, "percent_covered": 100.0, "percent_covered_display": "100", "missing_lines": 0, "excluded_lines": 0}, "missing_lines": [], "excluded_lines": []}}, "classes": {"": {"executed_lines": [1, 2, 3, 4, 5, 6, 9, 11, 12, 13, 14, 15, 16, 20, 22, 23, 24, 25, 39, 40, 42, 43, 44, 45], "summary": {"covered_lines": 24, "num_statements": 44, "percent_covered": 54.54545454545455, "percent_covered_display": "55", "missing_lines": 20, "excluded_lines": 0}, "missing_lines": [17, 18, 26, 27, 28, 29, 30, 31, 32, 33, 34, 35, 36, 37, 46, 47, 49, 50, 51, 53], "excluded_lines": []}}}, "tests\\e2e\\conftest.py": {"executed_lines": [1, 2, 3, 4, 5, 6, 7, 8, 10, 11, 12, 13, 15, 16, 17, 18, 20, 22, 24, 31, 48, 49, 87, 88], "summary": {"covered_lines": 24, "num_statements": 86, "percent_covered": 27.906976744186046, "percent_covered_display": "28", "missing_lines": 62, "excluded_lines": 0}, "missing_lines": [19, 25, 26, 27, 28, 29, 32, 33, 34, 35, 36, 37, 38, 39, 40, 41, 42, 43, 44, 45, 46, 50, 51, 52, 53, 54, 55, 56, 58, 59, 60, 63, 64, 66, 67, 69, 70, 72, 73, 74, 75, 76, 77, 78, 79, 80, 81, 82, 84, 85, 89, 90, 91, 92, 93, 94, 95, 96, 97, 98, 99, 100], "excluded_lines": [], "functions": {"_chrome_bin": {"executed_lines": [16, 17, 18, 20], "summary": {"covered_lines": 4, "num_statements": 5, "percent_covered": 80.0, "percent_covered_display": "80", "missing_lines": 1, "excluded_lines": 0}, "missing_lines": [19], "excluded_lines": []}, "_free_port": {"executed_lines": [], "summary": {"covered_lines": 0, "num_statements": 5, "percent_covered": 0.0, "percent_covered_display": "0", "missing_lines": 5, "excluded_lines": 0}, "missing_lines": [25, 26, 27, 28, 29], "excluded_lines": []}, "_import_app": {"executed_lines": [], "summary": {"covered_lines": 0, "num_statements": 15, "percent_covered": 0.0, "percent_covered_display": "0", "missing_lines": 15, "excluded_lines": 0}, "missing_lines": [32, 33, 34, 35, 36, 37, 38, 39, 40, 41, 42, 43, 44, 45, 46], "excluded_lines": []}, "server_url": {"executed_lines": [], "summary": {"covered_lines": 0, "num_statements": 28, "percent_covered": 0.0, "percent_covered_display": "0", "missing_lines": 28, "excluded_lines": 0}, "missing_lines": [50, 51, 52, 53, 54, 55, 56, 58, 59, 60, 63, 64, 66, 69, 70, 72, 73, 74, 75, 76, 77, 78, 79, 80, 81, 82, 84, 85], "excluded_lines": []}, "server_url.run": {"executed_lines": [], "summary": {"covered_lines": 0, "num_statements": 1, "percent_covered": 0.0, "percent_covered_display": "0", "missing_lines": 1, "excluded_lines": 0}, "missing_lines": [67], "excluded_lines": []}, "chrome": {"executed_lines": [], "summary": {"covered_lines": 0, "num_statements": 12, "percent_covered": 0.0, "percent_covered_display": "0", "missing_lines": 12, "excluded_lines": 0}, "missing_lines": [89, 90, 91, 92, 93, 94, 95, 96, 97, 98, 99, 100], "excluded_lines": []}, "": {"executed_lines": [1, 2, 3, 4, 5, 6, 7, 8, 10, 11, 12, 13, 15, 22, 24, 31, 48, 49, 87, 88], "summary": {"covered_lines": 20, "num_statements": 20, "percent_covered": 100.0, "percent_covered_display": "100", "missing_lines": 0, "excluded_lines": 0}, "missing_lines": [], "excluded_lines": []}}, "classes": {"": {"executed_lines": [1, 2, 3, 4, 5, 6, 7, 8, 10, 11, 12, 13, 15, 16, 17, 18, 20, 22, 24, 31, 48, 49, 87, 88], "summary": {"covered_lines": 24, "num_statements": 86, "percent_covered": 27.906976744186046, "percent_covered_display": "28", "missing_lines": 62, "excluded_lines": 0}, "missing_lines": [19, 25, 26, 27, 28, 29, 32, 33, 34, 35, 36, 37, 38, 39, 40, 41, 42, 43, 44, 45, 46, 50, 51, 52, 53, 54, 55, 56, 58, 59, 60, 63, 64, 66, 67, 69, 70, 72, 73, 74, 75, 76, 77, 78, 79, 80, 81, 82, 84, 85, 89, 90, 91, 92, 93, 94, 95, 96, 97, 98, 99, 100], "excluded_lines": []}}}, "tests\\e2e\\test_homepage_e2e.py": {"executed_lines": [1, 2, 3, 4, 6, 7], "summary": {"covered_lines": 6, "num_statements": 12, "percent_covered": 50.0, "percent_covered_display": "50", "missing_lines": 6, "excluded_lines": 0}, "missing_lines": [8, 9, 10, 11, 14, 15], "excluded_lines": [], "functions": {"test_homepage_renders": {"executed_lines": [], "summary": {"covered_lines": 0, "num_statements": 6, "percent_covered": 0.0, "percent_covered_display": "0", "missing_lines": 6, "excluded_lines": 0}, "missing_lines": [8, 9, 10, 11, 14, 15], "excluded_lines": []}, "": {"executed_lines": [1, 2, 3, 4, 6, 7], "summary": {"covered_lines": 6, "num_statements": 6, "percent_covered": 100.0, "percent_covered_display": "100", "missing_lines": 0, "excluded_lines": 0}, "missing_lines": [], "excluded_lines": []}}, "classes": {"": {"executed_lines": [1, 2, 3, 4, 6, 7], "summary": {"covered_lines": 6, "num_statements": 12, "percent_covered": 50.0, "percent_covered_display": "50", "missing_lines": 6, "excluded_lines": 0}, "missing_lines": [8, 9, 10, 11, 14, 15], "excluded_lines": []}}}, "tests\\e2e\\test_tabs_e2e.py": {"executed_lines": [1, 2, 3, 4, 6, 16, 32, 33], "summary": {"covered_lines": 8, "num_statements": 34, "percent_covered": 23.529411764705884, "percent_covered_display": "24", "missing_lines": 26, "excluded_lines": 0}, "missing_lines": [17, 25, 26, 27, 28, 29, 30, 34, 35, 36, 38, 39, 40, 41, 42, 43, 44, 45, 46, 47, 48, 49, 50, 51, 52, 54], "excluded_lines": [], "functions": {"_find_tab_el": {"executed_lines": [], "summary": {"covered_lines": 0, "num_statements": 7, "percent_covered": 0.0, "percent_covered_display": "0", "missing_lines": 7, "excluded_lines": 0}, "missing_lines": [17, 25, 26, 27, 28, 29, 30], "excluded_lines": []}, "test_tabs_present_and_clickable": {"executed_lines": [], "summary": {"covered_lines": 0, "num_statements": 19, "percent_covered": 0.0, "percent_covered_display": "0", "missing_lines": 19, "excluded_lines": 0}, "missing_lines": [34, 35, 36, 38, 39, 40, 41, 42, 43, 44, 45, 46, 47, 48, 49, 50, 51, 52, 54], "excluded_lines": []}, "": {"executed_lines": [1, 2, 3, 4, 6, 16, 32, 33], "summary": {"covered_lines": 8, "num_statements": 8, "percent_covered": 100.0, "percent_covered_display": "100", "missing_lines": 0, "excluded_lines": 0}, "missing_lines": [], "excluded_lines": []}}, "classes": {"": {"executed_lines": [1, 2, 3, 4, 6, 16, 32, 33], "summary": {"covered_lines": 8, "num_statements": 34, "percent_covered": 23.529411764705884, "percent_covered_display": "24", "missing_lines": 26, "excluded_lines": 0}, "missing_lines": [17, 25, 26, 27, 28, 29, 30, 34, 35, 36, 38, 39, 40, 41, 42, 43, 44, 45, 46, 47, 48, 49, 50, 51, 52, 54], "excluded_lines": []}}}, "tests\\test_app_smoke.py": {"executed_lines": [1, 2, 3, 4, 5, 7, 8], "summary": {"covered_lines": 7, "num_statements": 7, "percent_covered": 100.0, "percent_covered_display": "100", "missing_lines": 0, "excluded_lines": 0}, "missing_lines": [], "excluded_lines": [], "functions": {"test_root_responds": {"executed_lines": [2, 3, 4, 5], "summary": {"covered_lines": 4, "num_statements": 4, "percent_covered": 100.0, "percent_covered_display": "100", "missing_lines": 0, "excluded_lines": 0}, "missing_lines": [], "excluded_lines": []}, "test_layout_exists": {"executed_lines": [8], "summary": {"covered_lines": 1, "num_statements": 1, "percent_covered": 100.0, "percent_covered_display": "100", "missing_lines": 0, "excluded_lines": 0}, "missing_lines": [], "excluded_lines": []}, "": {"executed_lines": [1, 7], "summary": {"covered_lines": 2, "num_statements": 2, "percent_covered": 100.0, "percent_covered_display": "100", "missing_lines": 0, "excluded_lines": 0}, "missing_lines": [], "excluded_lines": []}}, "classes": {"": {"executed_lines": [1, 2, 3, 4, 5, 7, 8], "summary": {"covered_lines": 7, "num_statements": 7, "percent_covered": 100.0, "percent_covered_display": "100", "missing_lines": 0, "excluded_lines": 0}, "missing_lines": [], "excluded_lines": []}}}, "tests\\test_config_schema.py": {"executed_lines": [1, 2, 3, 5, 6, 7, 9, 10], "summary": {"covered_lines": 8, "num_statements": 9, "percent_covered": 88.88888888888889, "percent_covered_display": "89", "missing_lines": 1, "excluded_lines": 0}, "missing_lines": [8], "excluded_lines": [], "functions": {"test_config_json_parses_if_present": {"executed_lines": [6, 7, 9, 10], "summary": {"covered_lines": 4, "num_statements": 5, "percent_covered": 80.0, "percent_covered_display": "80", "missing_lines": 1, "excluded_lines": 0}, "missing_lines": [8], "excluded_lines": []}, "": {"executed_lines": [1, 2, 3, 5], "summary": {"covered_lines": 4, "num_statements": 4, "percent_covered": 100.0, "percent_covered_display": "100", "missing_lines": 0, "excluded_lines": 0}, "missing_lines": [], "excluded_lines": []}}, "classes": {"": {"executed_lines": [1, 2, 3, 5, 6, 7, 9, 10], "summary": {"covered_lines": 8, "num_statements": 9, "percent_covered": 88.88888888888889, "percent_covered_display": "89", "missing_lines": 1, "excluded_lines": 0}, "missing_lines": [8], "excluded_lines": []}}}, "tests\\test_e2e_placeholder.py": {"executed_lines": [1, 3, 4], "summary": {"covered_lines": 3, "num_statements": 4, "percent_covered": 75.0, "percent_covered_display": "75", "missing_lines": 1, "excluded_lines": 0}, "missing_lines": [5], "excluded_lines": [], "functions": {"test_e2e_todo": {"executed_lines": [], "summary": {"covered_lines": 0, "num_statements": 1, "percent_covered": 0.0, "percent_covered_display": "0", "missing_lines": 1, "excluded_lines": 0}, "missing_lines": [5], "excluded_lines": []}, "": {"executed_lines": [1, 3, 4], "summary": {"covered_lines": 3, "num_statements": 3, "percent_covered": 100.0, "percent_covered_display": "100", "missing_lines": 0, "excluded_lines": 0}, "missing_lines": [], "excluded_lines": []}}, "classes": {"": {"executed_lines": [1, 3, 4], "summary": {"covered_lines": 3, "num_statements": 4, "percent_covered": 75.0, "percent_covered_display": "75", "missing_lines": 1, "excluded_lines": 0}, "missing_lines": [5], "excluded_lines": []}}}, "tests\\test_imports.py": {"executed_lines": [1, 2, 4, 6, 7, 8, 10], "summary": {"covered_lines": 7, "num_statements": 8, "percent_covered": 87.5, "percent_covered_display": "88", "missing_lines": 1, "excluded_lines": 0}, "missing_lines": [9], "excluded_lines": [], "functions": {"test_module_imports_if_present": {"executed_lines": [8, 10], "summary": {"covered_lines": 2, "num_statements": 3, "percent_covered": 66.66666666666667, "percent_covered_display": "67", "missing_lines": 1, "excluded_lines": 0}, "missing_lines": [9], "excluded_lines": []}, "": {"executed_lines": [1, 2, 4, 6, 7], "summary": {"covered_lines": 5, "num_statements": 5, "percent_covered": 100.0, "percent_covered_display": "100", "missing_lines": 0, "excluded_lines": 0}, "missing_lines": [], "excluded_lines": []}}, "classes": {"": {"executed_lines": [1, 2, 4, 6, 7, 8, 10], "summary": {"covered_lines": 7, "num_statements": 8, "percent_covered": 87.5, "percent_covered_display": "88", "missing_lines": 1, "excluded_lines": 0}, "missing_lines": [9], "excluded_lines": []}}}}, "totals": {"covered_lines": 242, "num_statements": 751, "percent_covered": 32.2237017310253, "percent_covered_display": "32", "missing_lines": 509, "excluded_lines": 0}}