{"meta": {"format": 3, "version": "7.8.0", "timestamp": "2025-09-04T15:03:58.122194", "branch_coverage": true, "show_contexts": false}, "files": {"src\\meld_visualizer\\__init__.py": {"executed_lines": [1, 13, 14, 17, 18, 19], "summary": {"covered_lines": 5, "num_statements": 7, "percent_covered": 71.42857142857143, "percent_covered_display": "71.43", "missing_lines": 2, "excluded_lines": 0, "num_branches": 0, "num_partial_branches": 0, "covered_branches": 0, "missing_branches": 0}, "missing_lines": [20, 21], "excluded_lines": [], "executed_branches": [], "missing_branches": [], "functions": {"": {"executed_lines": [1, 13, 14, 17, 18, 19], "summary": {"covered_lines": 5, "num_statements": 7, "percent_covered": 71.42857142857143, "percent_covered_display": "71.43", "missing_lines": 2, "excluded_lines": 0, "num_branches": 0, "num_partial_branches": 0, "covered_branches": 0, "missing_branches": 0}, "missing_lines": [20, 21], "excluded_lines": [], "executed_branches": [], "missing_branches": []}}, "classes": {"": {"executed_lines": [1, 13, 14, 17, 18, 19], "summary": {"covered_lines": 5, "num_statements": 7, "percent_covered": 71.42857142857143, "percent_covered_display": "71.43", "missing_lines": 2, "excluded_lines": 0, "num_branches": 0, "num_partial_branches": 0, "covered_branches": 0, "missing_branches": 0}, "missing_lines": [20, 21], "excluded_lines": [], "executed_branches": [], "missing_branches": []}}}, "src\\meld_visualizer\\app.py": {"executed_lines": [1, 2, 3, 4, 5, 7, 9, 14, 15, 17, 18, 19, 20, 21, 22, 23, 24, 25, 26, 37, 39, 41, 42, 44, 45, 46, 47, 60, 61, 62, 64, 66, 67, 70, 71, 73, 80, 82, 84, 92, 93, 95, 98, 100, 104, 118], "summary": {"covered_lines": 45, "num_statements": 77, "percent_covered": 52.68817204301075, "percent_covered_display": "52.69", "missing_lines": 32, "excluded_lines": 2, "num_branches": 16, "num_partial_branches": 4, "covered_branches": 4, "missing_branches": 12}, "missing_lines": [28, 29, 30, 31, 32, 33, 34, 35, 36, 48, 49, 50, 51, 52, 53, 54, 55, 56, 57, 58, 74, 75, 76, 77, 78, 102, 107, 108, 109, 113, 114, 116], "excluded_lines": [118, 119], "executed_branches": [[21, 22], [23, 24], [25, 26], [46, 47]], "missing_branches": [[21, 23], [23, 29], [25, 28], [29, 30], [29, 37], [46, 48], [48, 49], [48, 50], [50, 51], [50, 58], [113, 114], [113, 116]], "functions": {"_resolve_external_stylesheets": {"executed_lines": [14, 15, 17, 18, 19, 20, 21, 22, 23, 24, 25, 26, 37], "summary": {"covered_lines": 13, "num_statements": 22, "percent_covered": 53.333333333333336, "percent_covered_display": "53.33", "missing_lines": 9, "excluded_lines": 0, "num_branches": 8, "num_partial_branches": 3, "covered_branches": 3, "missing_branches": 5}, "missing_lines": [28, 29, 30, 31, 32, 33, 34, 35, 36], "excluded_lines": [], "executed_branches": [[21, 22], [23, 24], [25, 26]], "missing_branches": [[21, 23], [23, 29], [25, 28], [29, 30], [29, 37]]}, "_build_layout": {"executed_lines": [41, 42, 44, 45, 46, 47], "summary": {"covered_lines": 6, "num_statements": 17, "percent_covered": 30.434782608695652, "percent_covered_display": "30.43", "missing_lines": 11, "excluded_lines": 0, "num_branches": 6, "num_partial_branches": 1, "covered_branches": 1, "missing_branches": 5}, "missing_lines": [48, 49, 50, 51, 52, 53, 54, 55, 56, 57, 58], "excluded_lines": [], "executed_branches": [[46, 47]], "missing_branches": [[46, 48], [48, 49], [48, 50], [50, 51], [50, 58]]}, "_register_callbacks": {"executed_lines": [61, 62, 64, 66, 67, 70, 71, 73], "summary": {"covered_lines": 8, "num_statements": 13, "percent_covered": 61.53846153846154, "percent_covered_display": "61.54", "missing_lines": 5, "excluded_lines": 0, "num_branches": 0, "num_partial_branches": 0, "covered_branches": 0, "missing_branches": 0}, "missing_lines": [74, 75, 76, 77, 78], "excluded_lines": [], "executed_branches": [], "missing_branches": []}, "create_app": {"executed_lines": [82, 84, 92, 93, 95], "summary": {"covered_lines": 5, "num_statements": 5, "percent_covered": 100.0, "percent_covered_display": "100.00", "missing_lines": 0, "excluded_lines": 0, "num_branches": 0, "num_partial_branches": 0, "covered_branches": 0, "missing_branches": 0}, "missing_lines": [], "excluded_lines": [], "executed_branches": [], "missing_branches": []}, "open_browser": {"executed_lines": [], "summary": {"covered_lines": 0, "num_statements": 1, "percent_covered": 0.0, "percent_covered_display": "0.00", "missing_lines": 1, "excluded_lines": 0, "num_branches": 0, "num_partial_branches": 0, "covered_branches": 0, "missing_branches": 0}, "missing_lines": [102], "excluded_lines": [], "executed_branches": [], "missing_branches": []}, "main": {"executed_lines": [], "summary": {"covered_lines": 0, "num_statements": 6, "percent_covered": 0.0, "percent_covered_display": "0.00", "missing_lines": 6, "excluded_lines": 0, "num_branches": 2, "num_partial_branches": 0, "covered_branches": 0, "missing_branches": 2}, "missing_lines": [107, 108, 109, 113, 114, 116], "excluded_lines": [], "executed_branches": [], "missing_branches": [[113, 114], [113, 116]]}, "": {"executed_lines": [1, 2, 3, 4, 5, 7, 9, 39, 60, 80, 98, 100, 104, 118], "summary": {"covered_lines": 13, "num_statements": 13, "percent_covered": 100.0, "percent_covered_display": "100.00", "missing_lines": 0, "excluded_lines": 2, "num_branches": 0, "num_partial_branches": 0, "covered_branches": 0, "missing_branches": 0}, "missing_lines": [], "excluded_lines": [118, 119], "executed_branches": [], "missing_branches": []}}, "classes": {"": {"executed_lines": [1, 2, 3, 4, 5, 7, 9, 14, 15, 17, 18, 19, 20, 21, 22, 23, 24, 25, 26, 37, 39, 41, 42, 44, 45, 46, 47, 60, 61, 62, 64, 66, 67, 70, 71, 73, 80, 82, 84, 92, 93, 95, 98, 100, 104, 118], "summary": {"covered_lines": 45, "num_statements": 77, "percent_covered": 52.68817204301075, "percent_covered_display": "52.69", "missing_lines": 32, "excluded_lines": 2, "num_branches": 16, "num_partial_branches": 4, "covered_branches": 4, "missing_branches": 12}, "missing_lines": [28, 29, 30, 31, 32, 33, 34, 35, 36, 48, 49, 50, 51, 52, 53, 54, 55, 56, 57, 58, 74, 75, 76, 77, 78, 102, 107, 108, 109, 113, 114, 116], "excluded_lines": [118, 119], "executed_branches": [[21, 22], [23, 24], [25, 26], [46, 47]], "missing_branches": [[21, 23], [23, 29], [25, 28], [29, 30], [29, 37], [46, 48], [48, 49], [48, 50], [50, 51], [50, 58], [113, 114], [113, 116]]}}}, "src\\meld_visualizer\\callbacks\\__init__.py": {"executed_lines": [1, 7, 8, 9, 10, 11, 12, 14, 21, 22, 25, 26, 27, 29, 30, 32, 33, 35, 36, 38, 39, 45, 51, 53], "summary": {"covered_lines": 23, "num_statements": 26, "percent_covered": 88.46153846153847, "percent_covered_display": "88.46", "missing_lines": 3, "excluded_lines": 0, "num_branches": 0, "num_partial_branches": 0, "covered_branches": 0, "missing_branches": 0}, "missing_lines": [46, 47, 48], "excluded_lines": [], "executed_branches": [], "missing_branches": [], "functions": {"register_all_callbacks": {"executed_lines": [21, 22, 25, 26, 27, 29, 30, 32, 33, 35, 36, 38, 39, 45], "summary": {"covered_lines": 14, "num_statements": 17, "percent_covered": 82.3529411764706, "percent_covered_display": "82.35", "missing_lines": 3, "excluded_lines": 0, "num_branches": 0, "num_partial_branches": 0, "covered_branches": 0, "missing_branches": 0}, "missing_lines": [46, 47, 48], "excluded_lines": [], "executed_branches": [], "missing_branches": []}, "": {"executed_lines": [1, 7, 8, 9, 10, 11, 12, 14, 51, 53], "summary": {"covered_lines": 9, "num_statements": 9, "percent_covered": 100.0, "percent_covered_display": "100.00", "missing_lines": 0, "excluded_lines": 0, "num_branches": 0, "num_partial_branches": 0, "covered_branches": 0, "missing_branches": 0}, "missing_lines": [], "excluded_lines": [], "executed_branches": [], "missing_branches": []}}, "classes": {"": {"executed_lines": [1, 7, 8, 9, 10, 11, 12, 14, 21, 22, 25, 26, 27, 29, 30, 32, 33, 35, 36, 38, 39, 45, 51, 53], "summary": {"covered_lines": 23, "num_statements": 26, "percent_covered": 88.46153846153847, "percent_covered_display": "88.46", "missing_lines": 3, "excluded_lines": 0, "num_branches": 0, "num_partial_branches": 0, "covered_branches": 0, "missing_branches": 0}, "missing_lines": [46, 47, 48], "excluded_lines": [], "executed_branches": [], "missing_branches": []}}}, "src\\meld_visualizer\\callbacks\\config_callbacks.py": {"executed_lines": [1, 6, 7, 8, 10, 11, 12, 14, 17, 20, 27, 35, 43, 61, 74, 102, 111, 141, 150, 180, 195], "summary": {"covered_lines": 20, "num_statements": 89, "percent_covered": 18.69158878504673, "percent_covered_display": "18.69", "missing_lines": 69, "excluded_lines": 0, "num_branches": 18, "num_partial_branches": 0, "covered_branches": 0, "missing_branches": 18}, "missing_lines": [29, 30, 32, 33, 45, 46, 48, 50, 52, 54, 56, 59, 77, 78, 80, 90, 92, 93, 95, 96, 97, 99, 100, 113, 114, 115, 118, 119, 120, 121, 123, 125, 127, 129, 132, 133, 135, 137, 138, 139, 152, 153, 154, 157, 158, 159, 160, 162, 164, 166, 168, 171, 172, 174, 176, 177, 178, 197, 198, 200, 203, 209, 212, 215, 218, 221, 223, 224, 228], "excluded_lines": [], "executed_branches": [], "missing_branches": [[29, 30], [29, 32], [45, 46], [45, 48], [77, 78], [77, 80], [92, 93], [92, 99], [114, 115], [114, 118], [118, 119], [118, 123], [153, 154], [153, 157], [157, 158], [157, 162], [197, 198], [197, 200]], "functions": {"register_config_callbacks": {"executed_lines": [20, 27, 35, 43, 61, 74, 102, 111, 141, 150, 180, 195], "summary": {"covered_lines": 12, "num_statements": 12, "percent_covered": 100.0, "percent_covered_display": "100.00", "missing_lines": 0, "excluded_lines": 0, "num_branches": 0, "num_partial_branches": 0, "covered_branches": 0, "missing_branches": 0}, "missing_lines": [], "excluded_lines": [], "executed_branches": [], "missing_branches": []}, "register_config_callbacks.update_config_tab_options": {"executed_lines": [], "summary": {"covered_lines": 0, "num_statements": 4, "percent_covered": 0.0, "percent_covered_display": "0.00", "missing_lines": 4, "excluded_lines": 0, "num_branches": 2, "num_partial_branches": 0, "covered_branches": 0, "missing_branches": 2}, "missing_lines": [29, 30, 32, 33], "excluded_lines": [], "executed_branches": [], "missing_branches": [[29, 30], [29, 32]]}, "register_config_callbacks.populate_config_tab_values": {"executed_lines": [], "summary": {"covered_lines": 0, "num_statements": 8, "percent_covered": 0.0, "percent_covered_display": "0.00", "missing_lines": 8, "excluded_lines": 0, "num_branches": 2, "num_partial_branches": 0, "covered_branches": 0, "missing_branches": 2}, "missing_lines": [45, 46, 48, 50, 52, 54, 56, 59], "excluded_lines": [], "executed_branches": [], "missing_branches": [[45, 46], [45, 48]]}, "register_config_callbacks.save_config_and_advise_restart": {"executed_lines": [], "summary": {"covered_lines": 0, "num_statements": 11, "percent_covered": 0.0, "percent_covered_display": "0.00", "missing_lines": 11, "excluded_lines": 0, "num_branches": 4, "num_partial_branches": 0, "covered_branches": 0, "missing_branches": 4}, "missing_lines": [77, 78, 80, 90, 92, 93, 95, 96, 97, 99, 100], "excluded_lines": [], "executed_branches": [], "missing_branches": [[77, 78], [77, 80], [92, 93], [92, 99]]}, "register_config_callbacks.update_main_graph_radios": {"executed_lines": [], "summary": {"covered_lines": 0, "num_statements": 17, "percent_covered": 0.0, "percent_covered_display": "0.00", "missing_lines": 17, "excluded_lines": 0, "num_branches": 4, "num_partial_branches": 0, "covered_branches": 0, "missing_branches": 4}, "missing_lines": [113, 114, 115, 118, 119, 120, 121, 123, 125, 127, 129, 132, 133, 135, 137, 138, 139], "excluded_lines": [], "executed_branches": [], "missing_branches": [[114, 115], [114, 118], [118, 119], [118, 123]]}, "register_config_callbacks.update_2d_plot_radios": {"executed_lines": [], "summary": {"covered_lines": 0, "num_statements": 17, "percent_covered": 0.0, "percent_covered_display": "0.00", "missing_lines": 17, "excluded_lines": 0, "num_branches": 4, "num_partial_branches": 0, "covered_branches": 0, "missing_branches": 4}, "missing_lines": [152, 153, 154, 157, 158, 159, 160, 162, 164, 166, 168, 171, 172, 174, 176, 177, 178], "excluded_lines": [], "executed_branches": [], "missing_branches": [[153, 154], [153, 157], [157, 158], [157, 162]]}, "register_config_callbacks.update_custom_and_mesh_plot_controls": {"executed_lines": [], "summary": {"covered_lines": 0, "num_statements": 12, "percent_covered": 0.0, "percent_covered_display": "0.00", "missing_lines": 12, "excluded_lines": 0, "num_branches": 2, "num_partial_branches": 0, "covered_branches": 0, "missing_branches": 2}, "missing_lines": [197, 198, 200, 203, 209, 212, 215, 218, 221, 223, 224, 228], "excluded_lines": [], "executed_branches": [], "missing_branches": [[197, 198], [197, 200]]}, "": {"executed_lines": [1, 6, 7, 8, 10, 11, 12, 14, 17], "summary": {"covered_lines": 8, "num_statements": 8, "percent_covered": 100.0, "percent_covered_display": "100.00", "missing_lines": 0, "excluded_lines": 0, "num_branches": 0, "num_partial_branches": 0, "covered_branches": 0, "missing_branches": 0}, "missing_lines": [], "excluded_lines": [], "executed_branches": [], "missing_branches": []}}, "classes": {"": {"executed_lines": [1, 6, 7, 8, 10, 11, 12, 14, 17, 20, 27, 35, 43, 61, 74, 102, 111, 141, 150, 180, 195], "summary": {"covered_lines": 20, "num_statements": 89, "percent_covered": 18.69158878504673, "percent_covered_display": "18.69", "missing_lines": 69, "excluded_lines": 0, "num_branches": 18, "num_partial_branches": 0, "covered_branches": 0, "missing_branches": 18}, "missing_lines": [29, 30, 32, 33, 45, 46, 48, 50, 52, 54, 56, 59, 77, 78, 80, 90, 92, 93, 95, 96, 97, 99, 100, 113, 114, 115, 118, 119, 120, 121, 123, 125, 127, 129, 132, 133, 135, 137, 138, 139, 152, 153, 154, 157, 158, 159, 160, 162, 164, 166, 168, 171, 172, 174, 176, 177, 178, 197, 198, 200, 203, 209, 212, 215, 218, 221, 223, 224, 228], "excluded_lines": [], "executed_branches": [], "missing_branches": [[29, 30], [29, 32], [45, 46], [45, 48], [77, 78], [77, 80], [92, 93], [92, 99], [114, 115], [114, 118], [118, 119], [118, 123], [153, 154], [153, 157], [157, 158], [157, 162], [197, 198], [197, 200]]}}}, "src\\meld_visualizer\\callbacks\\data_callbacks.py": {"executed_lines": [1, 6, 7, 8, 9, 11, 12, 14, 17, 20, 29, 82, 87, 93, 101], "summary": {"covered_lines": 14, "num_statements": 51, "percent_covered": 20.28985507246377, "percent_covered_display": "20.29", "missing_lines": 37, "excluded_lines": 0, "num_branches": 18, "num_partial_branches": 0, "covered_branches": 0, "missing_branches": 18}, "missing_lines": [34, 35, 38, 39, 41, 42, 45, 46, 47, 50, 51, 54, 59, 62, 63, 64, 66, 67, 68, 69, 70, 76, 78, 80, 89, 90, 91, 105, 106, 109, 112, 113, 115, 116, 119, 121, 123], "excluded_lines": [], "executed_branches": [], "missing_branches": [[34, 35], [34, 38], [41, 42], [41, 45], [46, 47], [46, 50], [66, 67], [66, 76], [67, 66], [67, 68], [69, 66], [69, 70], [89, 90], [89, 91], [105, 106], [105, 109], [115, 116], [115, 119]], "functions": {"register_data_callbacks": {"executed_lines": [20, 29, 82, 87, 93, 101], "summary": {"covered_lines": 6, "num_statements": 6, "percent_covered": 100.0, "percent_covered_display": "100.00", "missing_lines": 0, "excluded_lines": 0, "num_branches": 0, "num_partial_branches": 0, "covered_branches": 0, "missing_branches": 0}, "missing_lines": [], "excluded_lines": [], "executed_branches": [], "missing_branches": []}, "register_data_callbacks.update_data_and_configs": {"executed_lines": [], "summary": {"covered_lines": 0, "num_statements": 24, "percent_covered": 0.0, "percent_covered_display": "0.00", "missing_lines": 24, "excluded_lines": 0, "num_branches": 12, "num_partial_branches": 0, "covered_branches": 0, "missing_branches": 12}, "missing_lines": [34, 35, 38, 39, 41, 42, 45, 46, 47, 50, 51, 54, 59, 62, 63, 64, 66, 67, 68, 69, 70, 76, 78, 80], "excluded_lines": [], "executed_branches": [], "missing_branches": [[34, 35], [34, 38], [41, 42], [41, 45], [46, 47], [46, 50], [66, 67], [66, 76], [67, 66], [67, 68], [69, 66], [69, 70]]}, "register_data_callbacks.display_config_warnings": {"executed_lines": [], "summary": {"covered_lines": 0, "num_statements": 3, "percent_covered": 0.0, "percent_covered_display": "0.00", "missing_lines": 3, "excluded_lines": 0, "num_branches": 2, "num_partial_branches": 0, "covered_branches": 0, "missing_branches": 2}, "missing_lines": [89, 90, 91], "excluded_lines": [], "executed_branches": [], "missing_branches": [[89, 90], [89, 91]]}, "register_data_callbacks.handle_gcode_upload": {"executed_lines": [], "summary": {"covered_lines": 0, "num_statements": 10, "percent_covered": 0.0, "percent_covered_display": "0.00", "missing_lines": 10, "excluded_lines": 0, "num_branches": 4, "num_partial_branches": 0, "covered_branches": 0, "missing_branches": 4}, "missing_lines": [105, 106, 109, 112, 113, 115, 116, 119, 121, 123], "excluded_lines": [], "executed_branches": [], "missing_branches": [[105, 106], [105, 109], [115, 116], [115, 119]]}, "": {"executed_lines": [1, 6, 7, 8, 9, 11, 12, 14, 17], "summary": {"covered_lines": 8, "num_statements": 8, "percent_covered": 100.0, "percent_covered_display": "100.00", "missing_lines": 0, "excluded_lines": 0, "num_branches": 0, "num_partial_branches": 0, "covered_branches": 0, "missing_branches": 0}, "missing_lines": [], "excluded_lines": [], "executed_branches": [], "missing_branches": []}}, "classes": {"": {"executed_lines": [1, 6, 7, 8, 9, 11, 12, 14, 17, 20, 29, 82, 87, 93, 101], "summary": {"covered_lines": 14, "num_statements": 51, "percent_covered": 20.28985507246377, "percent_covered_display": "20.29", "missing_lines": 37, "excluded_lines": 0, "num_branches": 18, "num_partial_branches": 0, "covered_branches": 0, "missing_branches": 18}, "missing_lines": [34, 35, 38, 39, 41, 42, 45, 46, 47, 50, 51, 54, 59, 62, 63, 64, 66, 67, 68, 69, 70, 76, 78, 80, 89, 90, 91, 105, 106, 109, 112, 113, 115, 116, 119, 121, 123], "excluded_lines": [], "executed_branches": [], "missing_branches": [[34, 35], [34, 38], [41, 42], [41, 45], [46, 47], [46, 50], [66, 67], [66, 76], [67, 66], [67, 68], [69, 66], [69, 70], [89, 90], [89, 91], [105, 106], [105, 109], [115, 116], [115, 119]]}}}, "src\\meld_visualizer\\callbacks\\enhanced_ui_callbacks.py": {"executed_lines": [1, 6, 7, 8, 9, 11, 12, 13, 15, 17, 20, 30, 92, 153, 288, 316, 389, 407, 438], "summary": {"covered_lines": 18, "num_statements": 133, "percent_covered": 11.042944785276074, "percent_covered_display": "11.04", "missing_lines": 115, "excluded_lines": 0, "num_branches": 30, "num_partial_branches": 0, "covered_branches": 0, "missing_branches": 30}, "missing_lines": [23, 24, 25, 26, 27, 34, 77, 81, 83, 86, 87, 88, 89, 96, 118, 124, 126, 127, 128, 129, 130, 131, 132, 135, 141, 143, 145, 146, 147, 148, 149, 150, 157, 178, 187, 189, 190, 191, 194, 195, 201, 202, 205, 206, 212, 213, 215, 217, 218, 219, 222, 231, 233, 234, 235, 237, 239, 241, 247, 248, 250, 252, 253, 254, 257, 265, 267, 268, 269, 271, 272, 278, 279, 281, 283, 284, 285, 292, 320, 353, 359, 361, 362, 363, 365, 366, 368, 370, 371, 372, 374, 382, 384, 385, 386, 393, 411, 441, 448, 450, 451, 452, 455, 457, 458, 459, 462, 463, 465, 466, 467, 469, 471, 472, 473], "excluded_lines": [], "executed_branches": [], "missing_branches": [[127, 128], [127, 129], [145, 146], [145, 147], [190, 191], [190, 194], [194, 195], [194, 205], [205, 206], [205, 215], [234, 235], [234, 237], [237, 239], [237, 250], [268, 269], [268, 271], [271, 272], [271, 281], [362, 363], [362, 365], [365, 366], [365, 368], [451, 452], [451, 455], [457, 458], [457, 465], [462, 463], [462, 465], [465, 466], [465, 469]], "functions": {"register_enhanced_ui_callbacks": {"executed_lines": [], "summary": {"covered_lines": 0, "num_statements": 5, "percent_covered": 0.0, "percent_covered_display": "0.00", "missing_lines": 5, "excluded_lines": 0, "num_branches": 0, "num_partial_branches": 0, "covered_branches": 0, "missing_branches": 0}, "missing_lines": [23, 24, 25, 26, 27], "excluded_lines": [], "executed_branches": [], "missing_branches": []}, "register_tab_navigation_callbacks": {"executed_lines": [], "summary": {"covered_lines": 0, "num_statements": 3, "percent_covered": 0.0, "percent_covered_display": "0.00", "missing_lines": 3, "excluded_lines": 0, "num_branches": 0, "num_partial_branches": 0, "covered_branches": 0, "missing_branches": 0}, "missing_lines": [34, 77, 81], "excluded_lines": [], "executed_branches": [], "missing_branches": []}, "register_tab_navigation_callbacks.update_tab_content": {"executed_lines": [], "summary": {"covered_lines": 0, "num_statements": 5, "percent_covered": 0.0, "percent_covered_display": "0.00", "missing_lines": 5, "excluded_lines": 0, "num_branches": 0, "num_partial_branches": 0, "covered_branches": 0, "missing_branches": 0}, "missing_lines": [83, 86, 87, 88, 89], "excluded_lines": [], "executed_branches": [], "missing_branches": []}, "register_loading_state_callbacks": {"executed_lines": [], "summary": {"covered_lines": 0, "num_statements": 5, "percent_covered": 0.0, "percent_covered_display": "0.00", "missing_lines": 5, "excluded_lines": 0, "num_branches": 0, "num_partial_branches": 0, "covered_branches": 0, "missing_branches": 0}, "missing_lines": [96, 118, 124, 135, 141], "excluded_lines": [], "executed_branches": [], "missing_branches": []}, "register_loading_state_callbacks.show_loading_on_upload": {"executed_lines": [], "summary": {"covered_lines": 0, "num_statements": 7, "percent_covered": 0.0, "percent_covered_display": "0.00", "missing_lines": 7, "excluded_lines": 0, "num_branches": 2, "num_partial_branches": 0, "covered_branches": 0, "missing_branches": 2}, "missing_lines": [126, 127, 128, 129, 130, 131, 132], "excluded_lines": [], "executed_branches": [], "missing_branches": [[127, 128], [127, 129]]}, "register_loading_state_callbacks.hide_loading_after_processing": {"executed_lines": [], "summary": {"covered_lines": 0, "num_statements": 7, "percent_covered": 0.0, "percent_covered_display": "0.00", "missing_lines": 7, "excluded_lines": 0, "num_branches": 2, "num_partial_branches": 0, "covered_branches": 0, "missing_branches": 2}, "missing_lines": [143, 145, 146, 147, 148, 149, 150], "excluded_lines": [], "executed_branches": [], "missing_branches": [[145, 146], [145, 147]]}, "register_toast_notification_callbacks": {"executed_lines": [], "summary": {"covered_lines": 0, "num_statements": 7, "percent_covered": 0.0, "percent_covered_display": "0.00", "missing_lines": 7, "excluded_lines": 0, "num_branches": 0, "num_partial_branches": 0, "covered_branches": 0, "missing_branches": 0}, "missing_lines": [157, 178, 187, 222, 231, 257, 265], "excluded_lines": [], "executed_branches": [], "missing_branches": []}, "register_toast_notification_callbacks.show_upload_success_toast": {"executed_lines": [], "summary": {"covered_lines": 0, "num_statements": 15, "percent_covered": 0.0, "percent_covered_display": "0.00", "missing_lines": 15, "excluded_lines": 0, "num_branches": 6, "num_partial_branches": 0, "covered_branches": 0, "missing_branches": 6}, "missing_lines": [189, 190, 191, 194, 195, 201, 202, 205, 206, 212, 213, 215, 217, 218, 219], "excluded_lines": [], "executed_branches": [], "missing_branches": [[190, 191], [190, 194], [194, 195], [194, 205], [205, 206], [205, 215]]}, "register_toast_notification_callbacks.show_warning_toast": {"executed_lines": [], "summary": {"covered_lines": 0, "num_statements": 12, "percent_covered": 0.0, "percent_covered_display": "0.00", "missing_lines": 12, "excluded_lines": 0, "num_branches": 4, "num_partial_branches": 0, "covered_branches": 0, "missing_branches": 4}, "missing_lines": [233, 234, 235, 237, 239, 241, 247, 248, 250, 252, 253, 254], "excluded_lines": [], "executed_branches": [], "missing_branches": [[234, 235], [234, 237], [237, 239], [237, 250]]}, "register_toast_notification_callbacks.show_config_save_toast": {"executed_lines": [], "summary": {"covered_lines": 0, "num_statements": 11, "percent_covered": 0.0, "percent_covered_display": "0.00", "missing_lines": 11, "excluded_lines": 0, "num_branches": 4, "num_partial_branches": 0, "covered_branches": 0, "missing_branches": 4}, "missing_lines": [267, 268, 269, 271, 272, 278, 279, 281, 283, 284, 285], "excluded_lines": [], "executed_branches": [], "missing_branches": [[268, 269], [268, 271], [271, 272], [271, 281]]}, "register_progress_indicator_callbacks": {"executed_lines": [], "summary": {"covered_lines": 0, "num_statements": 1, "percent_covered": 0.0, "percent_covered_display": "0.00", "missing_lines": 1, "excluded_lines": 0, "num_branches": 0, "num_partial_branches": 0, "covered_branches": 0, "missing_branches": 0}, "missing_lines": [292], "excluded_lines": [], "executed_branches": [], "missing_branches": []}, "register_control_panel_callbacks": {"executed_lines": [], "summary": {"covered_lines": 0, "num_statements": 3, "percent_covered": 0.0, "percent_covered_display": "0.00", "missing_lines": 3, "excluded_lines": 0, "num_branches": 0, "num_partial_branches": 0, "covered_branches": 0, "missing_branches": 0}, "missing_lines": [320, 353, 359], "excluded_lines": [], "executed_branches": [], "missing_branches": []}, "register_control_panel_callbacks.update_responsive_layout": {"executed_lines": [], "summary": {"covered_lines": 0, "num_statements": 14, "percent_covered": 0.0, "percent_covered_display": "0.00", "missing_lines": 14, "excluded_lines": 0, "num_branches": 4, "num_partial_branches": 0, "covered_branches": 0, "missing_branches": 4}, "missing_lines": [361, 362, 363, 365, 366, 368, 370, 371, 372, 374, 382, 384, 385, 386], "excluded_lines": [], "executed_branches": [], "missing_branches": [[362, 363], [362, 365], [365, 366], [365, 368]]}, "register_keyboard_navigation_callbacks": {"executed_lines": [], "summary": {"covered_lines": 0, "num_statements": 1, "percent_covered": 0.0, "percent_covered_display": "0.00", "missing_lines": 1, "excluded_lines": 0, "num_branches": 0, "num_partial_branches": 0, "covered_branches": 0, "missing_branches": 0}, "missing_lines": [393], "excluded_lines": [], "executed_branches": [], "missing_branches": []}, "register_accessibility_callbacks": {"executed_lines": [], "summary": {"covered_lines": 0, "num_statements": 1, "percent_covered": 0.0, "percent_covered_display": "0.00", "missing_lines": 1, "excluded_lines": 0, "num_branches": 0, "num_partial_branches": 0, "covered_branches": 0, "missing_branches": 0}, "missing_lines": [411], "excluded_lines": [], "executed_branches": [], "missing_branches": []}, "register_performance_callbacks": {"executed_lines": [], "summary": {"covered_lines": 0, "num_statements": 2, "percent_covered": 0.0, "percent_covered_display": "0.00", "missing_lines": 2, "excluded_lines": 0, "num_branches": 0, "num_partial_branches": 0, "covered_branches": 0, "missing_branches": 0}, "missing_lines": [441, 448], "excluded_lines": [], "executed_branches": [], "missing_branches": []}, "register_performance_callbacks.track_data_processing_performance": {"executed_lines": [], "summary": {"covered_lines": 0, "num_statements": 16, "percent_covered": 0.0, "percent_covered_display": "0.00", "missing_lines": 16, "excluded_lines": 0, "num_branches": 8, "num_partial_branches": 0, "covered_branches": 0, "missing_branches": 8}, "missing_lines": [450, 451, 452, 455, 457, 458, 459, 462, 463, 465, 466, 467, 469, 471, 472, 473], "excluded_lines": [], "executed_branches": [], "missing_branches": [[451, 452], [451, 455], [457, 458], [457, 465], [462, 463], [462, 465], [465, 466], [465, 469]]}, "": {"executed_lines": [1, 6, 7, 8, 9, 11, 12, 13, 15, 17, 20, 30, 92, 153, 288, 316, 389, 407, 438], "summary": {"covered_lines": 18, "num_statements": 18, "percent_covered": 100.0, "percent_covered_display": "100.00", "missing_lines": 0, "excluded_lines": 0, "num_branches": 0, "num_partial_branches": 0, "covered_branches": 0, "missing_branches": 0}, "missing_lines": [], "excluded_lines": [], "executed_branches": [], "missing_branches": []}}, "classes": {"": {"executed_lines": [1, 6, 7, 8, 9, 11, 12, 13, 15, 17, 20, 30, 92, 153, 288, 316, 389, 407, 438], "summary": {"covered_lines": 18, "num_statements": 133, "percent_covered": 11.042944785276074, "percent_covered_display": "11.04", "missing_lines": 115, "excluded_lines": 0, "num_branches": 30, "num_partial_branches": 0, "covered_branches": 0, "missing_branches": 30}, "missing_lines": [23, 24, 25, 26, 27, 34, 77, 81, 83, 86, 87, 88, 89, 96, 118, 124, 126, 127, 128, 129, 130, 131, 132, 135, 141, 143, 145, 146, 147, 148, 149, 150, 157, 178, 187, 189, 190, 191, 194, 195, 201, 202, 205, 206, 212, 213, 215, 217, 218, 219, 222, 231, 233, 234, 235, 237, 239, 241, 247, 248, 250, 252, 253, 254, 257, 265, 267, 268, 269, 271, 272, 278, 279, 281, 283, 284, 285, 292, 320, 353, 359, 361, 362, 363, 365, 366, 368, 370, 371, 372, 374, 382, 384, 385, 386, 393, 411, 441, 448, 450, 451, 452, 455, 457, 458, 459, 462, 463, 465, 466, 467, 469, 471, 472, 473], "excluded_lines": [], "executed_branches": [], "missing_branches": [[127, 128], [127, 129], [145, 146], [145, 147], [190, 191], [190, 194], [194, 195], [194, 205], [205, 206], [205, 215], [234, 235], [234, 237], [237, 239], [237, 250], [268, 269], [268, 271], [271, 272], [271, 281], [362, 363], [362, 365], [365, 366], [365, 368], [451, 452], [451, 455], [457, 458], [457, 465], [462, 463], [462, 465], [465, 466], [465, 469]]}}}, "src\\meld_visualizer\\callbacks\\filter_callbacks.py": {"executed_lines": [1, 6, 7, 8, 10, 12, 15, 18, 34, 142, 148, 168, 176], "summary": {"covered_lines": 12, "num_statements": 86, "percent_covered": 9.836065573770492, "percent_covered_display": "9.84", "missing_lines": 74, "excluded_lines": 0, "num_branches": 36, "num_partial_branches": 0, "covered_branches": 0, "missing_branches": 36}, "missing_lines": [40, 41, 42, 45, 48, 49, 52, 53, 54, 55, 56, 57, 59, 61, 62, 65, 68, 69, 72, 75, 79, 80, 82, 85, 87, 88, 89, 90, 92, 95, 96, 98, 100, 103, 105, 107, 110, 112, 114, 118, 120, 125, 126, 128, 129, 131, 132, 134, 136, 138, 139, 140, 150, 151, 152, 154, 157, 158, 160, 162, 164, 165, 166, 178, 179, 180, 183, 184, 187, 188, 190, 192, 193, 194], "excluded_lines": [], "executed_branches": [], "missing_branches": [[41, 42], [41, 45], [52, 53], [52, 54], [54, 55], [54, 56], [56, 57], [56, 59], [61, 62], [61, 65], [79, 80], [79, 82], [85, 87], [85, 92], [92, 95], [92, 98], [95, 96], [95, 125], [98, 100], [98, 105], [105, 107], [105, 112], [112, 114], [112, 118], [118, 120], [118, 125], [125, 126], [125, 128], [131, 132], [131, 134], [151, 152], [151, 154], [179, 180], [179, 183], [187, 188], [187, 190]], "functions": {"register_filter_callbacks": {"executed_lines": [18, 34, 142, 148, 168, 176], "summary": {"covered_lines": 6, "num_statements": 6, "percent_covered": 100.0, "percent_covered_display": "100.00", "missing_lines": 0, "excluded_lines": 0, "num_branches": 0, "num_partial_branches": 0, "covered_branches": 0, "missing_branches": 0}, "missing_lines": [], "excluded_lines": [], "executed_branches": [], "missing_branches": []}, "register_filter_callbacks.sync_filter_controls": {"executed_lines": [], "summary": {"covered_lines": 0, "num_statements": 52, "percent_covered": 0.0, "percent_covered_display": "0.00", "missing_lines": 52, "excluded_lines": 0, "num_branches": 30, "num_partial_branches": 0, "covered_branches": 0, "missing_branches": 30}, "missing_lines": [40, 41, 42, 45, 48, 49, 52, 53, 54, 55, 56, 57, 59, 61, 62, 65, 68, 69, 72, 75, 79, 80, 82, 85, 87, 88, 89, 90, 92, 95, 96, 98, 100, 103, 105, 107, 110, 112, 114, 118, 120, 125, 126, 128, 129, 131, 132, 134, 136, 138, 139, 140], "excluded_lines": [], "executed_branches": [], "missing_branches": [[41, 42], [41, 45], [52, 53], [52, 54], [54, 55], [54, 56], [56, 57], [56, 59], [61, 62], [61, 65], [79, 80], [79, 82], [85, 87], [85, 92], [92, 95], [92, 98], [95, 96], [95, 125], [98, 100], [98, 105], [105, 107], [105, 112], [112, 114], [112, 118], [118, 120], [118, 125], [125, 126], [125, 128], [131, 132], [131, 134]]}, "register_filter_callbacks.update_bounds_from_slider": {"executed_lines": [], "summary": {"covered_lines": 0, "num_statements": 11, "percent_covered": 0.0, "percent_covered_display": "0.00", "missing_lines": 11, "excluded_lines": 0, "num_branches": 2, "num_partial_branches": 0, "covered_branches": 0, "missing_branches": 2}, "missing_lines": [150, 151, 152, 154, 157, 158, 160, 162, 164, 165, 166], "excluded_lines": [], "executed_branches": [], "missing_branches": [[151, 152], [151, 154]]}, "register_filter_callbacks.update_slider_from_bounds": {"executed_lines": [], "summary": {"covered_lines": 0, "num_statements": 11, "percent_covered": 0.0, "percent_covered_display": "0.00", "missing_lines": 11, "excluded_lines": 0, "num_branches": 4, "num_partial_branches": 0, "covered_branches": 0, "missing_branches": 4}, "missing_lines": [178, 179, 180, 183, 184, 187, 188, 190, 192, 193, 194], "excluded_lines": [], "executed_branches": [], "missing_branches": [[179, 180], [179, 183], [187, 188], [187, 190]]}, "": {"executed_lines": [1, 6, 7, 8, 10, 12, 15], "summary": {"covered_lines": 6, "num_statements": 6, "percent_covered": 100.0, "percent_covered_display": "100.00", "missing_lines": 0, "excluded_lines": 0, "num_branches": 0, "num_partial_branches": 0, "covered_branches": 0, "missing_branches": 0}, "missing_lines": [], "excluded_lines": [], "executed_branches": [], "missing_branches": []}}, "classes": {"": {"executed_lines": [1, 6, 7, 8, 10, 12, 15, 18, 34, 142, 148, 168, 176], "summary": {"covered_lines": 12, "num_statements": 86, "percent_covered": 9.836065573770492, "percent_covered_display": "9.84", "missing_lines": 74, "excluded_lines": 0, "num_branches": 36, "num_partial_branches": 0, "covered_branches": 0, "missing_branches": 36}, "missing_lines": [40, 41, 42, 45, 48, 49, 52, 53, 54, 55, 56, 57, 59, 61, 62, 65, 68, 69, 72, 75, 79, 80, 82, 85, 87, 88, 89, 90, 92, 95, 96, 98, 100, 103, 105, 107, 110, 112, 114, 118, 120, 125, 126, 128, 129, 131, 132, 134, 136, 138, 139, 140, 150, 151, 152, 154, 157, 158, 160, 162, 164, 165, 166, 178, 179, 180, 183, 184, 187, 188, 190, 192, 193, 194], "excluded_lines": [], "executed_branches": [], "missing_branches": [[41, 42], [41, 45], [52, 53], [52, 54], [54, 55], [54, 56], [56, 57], [56, 59], [61, 62], [61, 65], [79, 80], [79, 82], [85, 87], [85, 92], [92, 95], [92, 98], [95, 96], [95, 125], [98, 100], [98, 105], [105, 107], [105, 112], [112, 114], [112, 118], [118, 120], [118, 125], [125, 126], [125, 128], [131, 132], [131, 134], [151, 152], [151, 154], [179, 180], [179, 183], [187, 188], [187, 190]]}}}, "src\\meld_visualizer\\callbacks\\graph_callbacks.py": {"executed_lines": [1, 6, 7, 8, 9, 10, 11, 12, 14, 15, 21, 23, 26, 28, 29, 41, 44, 47, 49, 57, 98, 106, 147, 155, 188, 199], "summary": {"covered_lines": 25, "num_statements": 98, "percent_covered": 19.23076923076923, "percent_covered_display": "19.23", "missing_lines": 73, "excluded_lines": 0, "num_branches": 32, "num_partial_branches": 0, "covered_branches": 0, "missing_branches": 32}, "missing_lines": [59, 60, 61, 63, 64, 66, 68, 69, 72, 73, 75, 76, 78, 83, 93, 94, 95, 96, 108, 109, 110, 112, 113, 115, 117, 118, 121, 122, 124, 125, 127, 132, 142, 143, 144, 145, 157, 158, 159, 161, 162, 164, 165, 167, 168, 171, 172, 174, 175, 177, 183, 184, 185, 186, 202, 203, 204, 206, 207, 209, 211, 212, 213, 216, 217, 219, 220, 222, 227, 237, 238, 239, 240], "excluded_lines": [], "executed_branches": [], "missing_branches": [[60, 61], [60, 63], [63, 64], [63, 66], [68, 69], [68, 72], [75, 76], [75, 78], [109, 110], [109, 112], [112, 113], [112, 115], [117, 118], [117, 121], [124, 125], [124, 127], [158, 159], [158, 161], [161, 162], [161, 164], [167, 168], [167, 171], [174, 175], [174, 177], [203, 204], [203, 206], [206, 207], [206, 209], [212, 213], [212, 216], [219, 220], [219, 222]], "functions": {"create_empty_figure": {"executed_lines": [28, 29, 41], "summary": {"covered_lines": 3, "num_statements": 3, "percent_covered": 100.0, "percent_covered_display": "100.00", "missing_lines": 0, "excluded_lines": 0, "num_branches": 0, "num_partial_branches": 0, "covered_branches": 0, "missing_branches": 0}, "missing_lines": [], "excluded_lines": [], "executed_branches": [], "missing_branches": []}, "register_graph_callbacks": {"executed_lines": [47, 49, 57, 98, 106, 147, 155, 188, 199], "summary": {"covered_lines": 9, "num_statements": 9, "percent_covered": 100.0, "percent_covered_display": "100.00", "missing_lines": 0, "excluded_lines": 0, "num_branches": 0, "num_partial_branches": 0, "covered_branches": 0, "missing_branches": 0}, "missing_lines": [], "excluded_lines": [], "executed_branches": [], "missing_branches": []}, "register_graph_callbacks.update_graph_1": {"executed_lines": [], "summary": {"covered_lines": 0, "num_statements": 18, "percent_covered": 0.0, "percent_covered_display": "0.00", "missing_lines": 18, "excluded_lines": 0, "num_branches": 8, "num_partial_branches": 0, "covered_branches": 0, "missing_branches": 8}, "missing_lines": [59, 60, 61, 63, 64, 66, 68, 69, 72, 73, 75, 76, 78, 83, 93, 94, 95, 96], "excluded_lines": [], "executed_branches": [], "missing_branches": [[60, 61], [60, 63], [63, 64], [63, 66], [68, 69], [68, 72], [75, 76], [75, 78]]}, "register_graph_callbacks.update_graph_2": {"executed_lines": [], "summary": {"covered_lines": 0, "num_statements": 18, "percent_covered": 0.0, "percent_covered_display": "0.00", "missing_lines": 18, "excluded_lines": 0, "num_branches": 8, "num_partial_branches": 0, "covered_branches": 0, "missing_branches": 8}, "missing_lines": [108, 109, 110, 112, 113, 115, 117, 118, 121, 122, 124, 125, 127, 132, 142, 143, 144, 145], "excluded_lines": [], "executed_branches": [], "missing_branches": [[109, 110], [109, 112], [112, 113], [112, 115], [117, 118], [117, 121], [124, 125], [124, 127]]}, "register_graph_callbacks.update_2d_scatter": {"executed_lines": [], "summary": {"covered_lines": 0, "num_statements": 18, "percent_covered": 0.0, "percent_covered_display": "0.00", "missing_lines": 18, "excluded_lines": 0, "num_branches": 8, "num_partial_branches": 0, "covered_branches": 0, "missing_branches": 8}, "missing_lines": [157, 158, 159, 161, 162, 164, 165, 167, 168, 171, 172, 174, 175, 177, 183, 184, 185, 186], "excluded_lines": [], "executed_branches": [], "missing_branches": [[158, 159], [158, 161], [161, 162], [161, 164], [167, 168], [167, 171], [174, 175], [174, 177]]}, "register_graph_callbacks.update_custom_graph": {"executed_lines": [], "summary": {"covered_lines": 0, "num_statements": 19, "percent_covered": 0.0, "percent_covered_display": "0.00", "missing_lines": 19, "excluded_lines": 0, "num_branches": 8, "num_partial_branches": 0, "covered_branches": 0, "missing_branches": 8}, "missing_lines": [202, 203, 204, 206, 207, 209, 211, 212, 213, 216, 217, 219, 220, 222, 227, 237, 238, 239, 240], "excluded_lines": [], "executed_branches": [], "missing_branches": [[203, 204], [203, 206], [206, 207], [206, 209], [212, 213], [212, 216], [219, 220], [219, 222]]}, "": {"executed_lines": [1, 6, 7, 8, 9, 10, 11, 12, 14, 15, 21, 23, 26, 44], "summary": {"covered_lines": 13, "num_statements": 13, "percent_covered": 100.0, "percent_covered_display": "100.00", "missing_lines": 0, "excluded_lines": 0, "num_branches": 0, "num_partial_branches": 0, "covered_branches": 0, "missing_branches": 0}, "missing_lines": [], "excluded_lines": [], "executed_branches": [], "missing_branches": []}}, "classes": {"": {"executed_lines": [1, 6, 7, 8, 9, 10, 11, 12, 14, 15, 21, 23, 26, 28, 29, 41, 44, 47, 49, 57, 98, 106, 147, 155, 188, 199], "summary": {"covered_lines": 25, "num_statements": 98, "percent_covered": 19.23076923076923, "percent_covered_display": "19.23", "missing_lines": 73, "excluded_lines": 0, "num_branches": 32, "num_partial_branches": 0, "covered_branches": 0, "missing_branches": 32}, "missing_lines": [59, 60, 61, 63, 64, 66, 68, 69, 72, 73, 75, 76, 78, 83, 93, 94, 95, 96, 108, 109, 110, 112, 113, 115, 117, 118, 121, 122, 124, 125, 127, 132, 142, 143, 144, 145, 157, 158, 159, 161, 162, 164, 165, 167, 168, 171, 172, 174, 175, 177, 183, 184, 185, 186, 202, 203, 204, 206, 207, 209, 211, 212, 213, 216, 217, 219, 220, 222, 227, 237, 238, 239, 240], "excluded_lines": [], "executed_branches": [], "missing_branches": [[60, 61], [60, 63], [63, 64], [63, 66], [68, 69], [68, 72], [75, 76], [75, 78], [109, 110], [109, 112], [112, 113], [112, 115], [117, 118], [117, 121], [124, 125], [124, 127], [158, 159], [158, 161], [161, 162], [161, 164], [167, 168], [167, 171], [174, 175], [174, 177], [203, 204], [203, 206], [206, 207], [206, 209], [212, 213], [212, 216], [219, 220], [219, 222]]}}}, "src\\meld_visualizer\\callbacks\\visualization_callbacks.py": {"executed_lines": [1, 6, 7, 8, 9, 10, 11, 13, 14, 15, 21, 23, 26, 29, 31, 38, 84, 91, 99, 109, 167, 175, 263, 271], "summary": {"covered_lines": 23, "num_statements": 86, "percent_covered": 19.82758620689655, "percent_covered_display": "19.83", "missing_lines": 63, "excluded_lines": 0, "num_branches": 30, "num_partial_branches": 0, "covered_branches": 0, "missing_branches": 30}, "missing_lines": [40, 41, 43, 44, 46, 47, 50, 51, 53, 54, 56, 65, 82, 93, 94, 96, 97, 111, 112, 114, 115, 117, 118, 121, 123, 124, 127, 128, 130, 131, 133, 148, 165, 177, 178, 180, 181, 183, 184, 187, 188, 190, 191, 193, 194, 203, 220, 222, 223, 224, 226, 227, 229, 242, 259, 261, 273, 274, 276, 278, 279, 281, 283], "excluded_lines": [], "executed_branches": [], "missing_branches": [[40, 41], [40, 43], [46, 47], [46, 50], [50, 51], [50, 53], [93, 94], [93, 96], [111, 112], [111, 114], [117, 118], [117, 121], [123, 124], [123, 127], [127, 128], [127, 130], [177, 178], [177, 180], [183, 184], [183, 187], [187, 188], [187, 190], [193, 194], [193, 222], [222, 223], [222, 261], [226, 227], [226, 229], [273, 274], [273, 276]], "functions": {"register_visualization_callbacks": {"executed_lines": [29, 31, 38, 84, 91, 99, 109, 167, 175, 263, 271], "summary": {"covered_lines": 11, "num_statements": 11, "percent_covered": 100.0, "percent_covered_display": "100.00", "missing_lines": 0, "excluded_lines": 0, "num_branches": 0, "num_partial_branches": 0, "covered_branches": 0, "missing_branches": 0}, "missing_lines": [], "excluded_lines": [], "executed_branches": [], "missing_branches": []}, "register_visualization_callbacks.update_line_plot": {"executed_lines": [], "summary": {"covered_lines": 0, "num_statements": 13, "percent_covered": 0.0, "percent_covered_display": "0.00", "missing_lines": 13, "excluded_lines": 0, "num_branches": 6, "num_partial_branches": 0, "covered_branches": 0, "missing_branches": 6}, "missing_lines": [40, 41, 43, 44, 46, 47, 50, 51, 53, 54, 56, 65, 82], "excluded_lines": [], "executed_branches": [], "missing_branches": [[40, 41], [40, 43], [46, 47], [46, 50], [50, 51], [50, 53]]}, "register_visualization_callbacks.update_color_range_for_mesh_plot": {"executed_lines": [], "summary": {"covered_lines": 0, "num_statements": 4, "percent_covered": 0.0, "percent_covered_display": "0.00", "missing_lines": 4, "excluded_lines": 0, "num_branches": 2, "num_partial_branches": 0, "covered_branches": 0, "missing_branches": 2}, "missing_lines": [93, 94, 96, 97], "excluded_lines": [], "executed_branches": [], "missing_branches": [[93, 94], [93, 96]]}, "register_visualization_callbacks.update_mesh_plot": {"executed_lines": [], "summary": {"covered_lines": 0, "num_statements": 16, "percent_covered": 0.0, "percent_covered_display": "0.00", "missing_lines": 16, "excluded_lines": 0, "num_branches": 8, "num_partial_branches": 0, "covered_branches": 0, "missing_branches": 8}, "missing_lines": [111, 112, 114, 115, 117, 118, 121, 123, 124, 127, 128, 130, 131, 133, 148, 165], "excluded_lines": [], "executed_branches": [], "missing_branches": [[111, 112], [111, 114], [117, 118], [117, 121], [123, 124], [123, 127], [127, 128], [127, 130]]}, "register_visualization_callbacks.update_gcode_visualization": {"executed_lines": [], "summary": {"covered_lines": 0, "num_statements": 23, "percent_covered": 0.0, "percent_covered_display": "0.00", "missing_lines": 23, "excluded_lines": 0, "num_branches": 12, "num_partial_branches": 0, "covered_branches": 0, "missing_branches": 12}, "missing_lines": [177, 178, 180, 181, 183, 184, 187, 188, 190, 191, 193, 194, 203, 220, 222, 223, 224, 226, 227, 229, 242, 259, 261], "excluded_lines": [], "executed_branches": [], "missing_branches": [[177, 178], [177, 180], [183, 184], [183, 187], [187, 188], [187, 190], [193, 194], [193, 222], [222, 223], [222, 261], [226, 227], [226, 229]]}, "register_visualization_callbacks.update_data_table": {"executed_lines": [], "summary": {"covered_lines": 0, "num_statements": 7, "percent_covered": 0.0, "percent_covered_display": "0.00", "missing_lines": 7, "excluded_lines": 0, "num_branches": 2, "num_partial_branches": 0, "covered_branches": 0, "missing_branches": 2}, "missing_lines": [273, 274, 276, 278, 279, 281, 283], "excluded_lines": [], "executed_branches": [], "missing_branches": [[273, 274], [273, 276]]}, "": {"executed_lines": [1, 6, 7, 8, 9, 10, 11, 13, 14, 15, 21, 23, 26], "summary": {"covered_lines": 12, "num_statements": 12, "percent_covered": 100.0, "percent_covered_display": "100.00", "missing_lines": 0, "excluded_lines": 0, "num_branches": 0, "num_partial_branches": 0, "covered_branches": 0, "missing_branches": 0}, "missing_lines": [], "excluded_lines": [], "executed_branches": [], "missing_branches": []}}, "classes": {"": {"executed_lines": [1, 6, 7, 8, 9, 10, 11, 13, 14, 15, 21, 23, 26, 29, 31, 38, 84, 91, 99, 109, 167, 175, 263, 271], "summary": {"covered_lines": 23, "num_statements": 86, "percent_covered": 19.82758620689655, "percent_covered_display": "19.83", "missing_lines": 63, "excluded_lines": 0, "num_branches": 30, "num_partial_branches": 0, "covered_branches": 0, "missing_branches": 30}, "missing_lines": [40, 41, 43, 44, 46, 47, 50, 51, 53, 54, 56, 65, 82, 93, 94, 96, 97, 111, 112, 114, 115, 117, 118, 121, 123, 124, 127, 128, 130, 131, 133, 148, 165, 177, 178, 180, 181, 183, 184, 187, 188, 190, 191, 193, 194, 203, 220, 222, 223, 224, 226, 227, 229, 242, 259, 261, 273, 274, 276, 278, 279, 281, 283], "excluded_lines": [], "executed_branches": [], "missing_branches": [[40, 41], [40, 43], [46, 47], [46, 50], [50, 51], [50, 53], [93, 94], [93, 96], [111, 112], [111, 114], [117, 118], [117, 121], [123, 124], [123, 127], [127, 128], [127, 130], [177, 178], [177, 180], [183, 184], [183, 187], [187, 188], [187, 190], [193, 194], [193, 222], [222, 223], [222, 261], [226, 227], [226, 229], [273, 274], [273, 276]]}}}, "src\\meld_visualizer\\config.py": {"executed_lines": [3, 4, 7, 23, 28, 35, 40, 46, 47, 50, 51, 52, 54, 57, 61, 64, 69, 70, 73, 76, 79, 91, 94, 95, 104, 107, 108, 110, 112, 121, 131, 143, 144, 148], "summary": {"covered_lines": 34, "num_statements": 44, "percent_covered": 70.6896551724138, "percent_covered_display": "70.69", "missing_lines": 10, "excluded_lines": 0, "num_branches": 14, "num_partial_branches": 3, "covered_branches": 7, "missing_branches": 7}, "missing_lines": [58, 62, 63, 65, 66, 96, 97, 98, 99, 101], "excluded_lines": [], "executed_branches": [[57, 61], [61, 64], [94, 95], [107, 108], [107, 110], [143, 144], [143, 148]], "missing_branches": [[57, 58], [61, 62], [94, 96], [96, 97], [96, 98], [98, 99], [98, 101]], "functions": {"load_config": {"executed_lines": [40, 46, 47, 50, 51, 52, 54, 57, 61, 64], "summary": {"covered_lines": 10, "num_statements": 15, "percent_covered": 63.1578947368421, "percent_covered_display": "63.16", "missing_lines": 5, "excluded_lines": 0, "num_branches": 4, "num_partial_branches": 2, "covered_branches": 2, "missing_branches": 2}, "missing_lines": [58, 62, 63, 65, 66], "excluded_lines": [], "executed_branches": [[57, 61], [61, 64]], "missing_branches": [[57, 58], [61, 62]]}, "get_responsive_plot_style": {"executed_lines": [91, 94, 95, 104, 107, 108, 110, 112], "summary": {"covered_lines": 8, "num_statements": 13, "percent_covered": 52.38095238095238, "percent_covered_display": "52.38", "missing_lines": 5, "excluded_lines": 0, "num_branches": 8, "num_partial_branches": 1, "covered_branches": 3, "missing_branches": 5}, "missing_lines": [96, 97, 98, 99, 101], "excluded_lines": [], "executed_branches": [[94, 95], [107, 108], [107, 110]], "missing_branches": [[94, 96], [96, 97], [96, 98], [98, 99], [98, 101]]}, "get_responsive_plotly_config": {"executed_lines": [131, 143, 144, 148], "summary": {"covered_lines": 4, "num_statements": 4, "percent_covered": 100.0, "percent_covered_display": "100.00", "missing_lines": 0, "excluded_lines": 0, "num_branches": 2, "num_partial_branches": 0, "covered_branches": 2, "missing_branches": 0}, "missing_lines": [], "excluded_lines": [], "executed_branches": [[143, 144], [143, 148]], "missing_branches": []}, "": {"executed_lines": [3, 4, 7, 23, 28, 35, 69, 70, 73, 76, 79, 121], "summary": {"covered_lines": 12, "num_statements": 12, "percent_covered": 100.0, "percent_covered_display": "100.00", "missing_lines": 0, "excluded_lines": 0, "num_branches": 0, "num_partial_branches": 0, "covered_branches": 0, "missing_branches": 0}, "missing_lines": [], "excluded_lines": [], "executed_branches": [], "missing_branches": []}}, "classes": {"": {"executed_lines": [3, 4, 7, 23, 28, 35, 40, 46, 47, 50, 51, 52, 54, 57, 61, 64, 69, 70, 73, 76, 79, 91, 94, 95, 104, 107, 108, 110, 112, 121, 131, 143, 144, 148], "summary": {"covered_lines": 34, "num_statements": 44, "percent_covered": 70.6896551724138, "percent_covered_display": "70.69", "missing_lines": 10, "excluded_lines": 0, "num_branches": 14, "num_partial_branches": 3, "covered_branches": 7, "missing_branches": 7}, "missing_lines": [58, 62, 63, 65, 66, 96, 97, 98, 99, 101], "excluded_lines": [], "executed_branches": [[57, 61], [61, 64], [94, 95], [107, 108], [107, 110], [143, 144], [143, 148]], "missing_branches": [[57, 58], [61, 62], [94, 96], [96, 97], [96, 98], [98, 99], [98, 101]]}}}, "src\\meld_visualizer\\constants.py": {"executed_lines": [1, 7, 8, 11, 12, 13, 14, 17, 18, 19, 20, 21, 22, 26, 27, 28, 31, 34, 46, 49, 50, 51, 52, 53, 56, 57, 58, 59, 60, 64, 92, 102, 103, 104, 105, 108, 109, 112, 113, 116, 117, 118, 119, 122, 123, 124, 125, 126, 127, 130, 131, 132, 133, 134, 137, 138, 139, 140, 141, 144, 151, 152, 153, 154, 155, 156, 159, 160, 161], "summary": {"covered_lines": 68, "num_statements": 68, "percent_covered": 100.0, "percent_covered_display": "100.00", "missing_lines": 0, "excluded_lines": 0, "num_branches": 0, "num_partial_branches": 0, "covered_branches": 0, "missing_branches": 0}, "missing_lines": [], "excluded_lines": [], "executed_branches": [], "missing_branches": [], "functions": {"": {"executed_lines": [1, 7, 8, 11, 12, 13, 14, 17, 18, 19, 20, 21, 22, 26, 27, 28, 31, 34, 46, 49, 50, 51, 52, 53, 56, 57, 58, 59, 60, 64, 92, 102, 103, 104, 105, 108, 109, 112, 113, 116, 117, 118, 119, 122, 123, 124, 125, 126, 127, 130, 131, 132, 133, 134, 137, 138, 139, 140, 141, 144, 151, 152, 153, 154, 155, 156, 159, 160, 161], "summary": {"covered_lines": 68, "num_statements": 68, "percent_covered": 100.0, "percent_covered_display": "100.00", "missing_lines": 0, "excluded_lines": 0, "num_branches": 0, "num_partial_branches": 0, "covered_branches": 0, "missing_branches": 0}, "missing_lines": [], "excluded_lines": [], "executed_branches": [], "missing_branches": []}}, "classes": {"": {"executed_lines": [1, 7, 8, 11, 12, 13, 14, 17, 18, 19, 20, 21, 22, 26, 27, 28, 31, 34, 46, 49, 50, 51, 52, 53, 56, 57, 58, 59, 60, 64, 92, 102, 103, 104, 105, 108, 109, 112, 113, 116, 117, 118, 119, 122, 123, 124, 125, 126, 127, 130, 131, 132, 133, 134, 137, 138, 139, 140, 141, 144, 151, 152, 153, 154, 155, 156, 159, 160, 161], "summary": {"covered_lines": 68, "num_statements": 68, "percent_covered": 100.0, "percent_covered_display": "100.00", "missing_lines": 0, "excluded_lines": 0, "num_branches": 0, "num_partial_branches": 0, "covered_branches": 0, "missing_branches": 0}, "missing_lines": [], "excluded_lines": [], "executed_branches": [], "missing_branches": []}}}, "src\\meld_visualizer\\core\\__init__.py": {"executed_lines": [1, 9, 11, 12, 13, 17, 18], "summary": {"covered_lines": 6, "num_statements": 10, "percent_covered": 60.0, "percent_covered_display": "60.00", "missing_lines": 4, "excluded_lines": 0, "num_branches": 0, "num_partial_branches": 0, "covered_branches": 0, "missing_branches": 0}, "missing_lines": [14, 15, 19, 20], "excluded_lines": [], "executed_branches": [], "missing_branches": [], "functions": {"": {"executed_lines": [1, 9, 11, 12, 13, 17, 18], "summary": {"covered_lines": 6, "num_statements": 10, "percent_covered": 60.0, "percent_covered_display": "60.00", "missing_lines": 4, "excluded_lines": 0, "num_branches": 0, "num_partial_branches": 0, "covered_branches": 0, "missing_branches": 0}, "missing_lines": [14, 15, 19, 20], "excluded_lines": [], "executed_branches": [], "missing_branches": []}}, "classes": {"": {"executed_lines": [1, 9, 11, 12, 13, 17, 18], "summary": {"covered_lines": 6, "num_statements": 10, "percent_covered": 60.0, "percent_covered_display": "60.00", "missing_lines": 4, "excluded_lines": 0, "num_branches": 0, "num_partial_branches": 0, "covered_branches": 0, "missing_branches": 0}, "missing_lines": [14, 15, 19, 20], "excluded_lines": [], "executed_branches": [], "missing_branches": []}}}, "src\\meld_visualizer\\core\\data_processing.py": {"executed_lines": [3, 4, 5, 6, 7, 10, 12, 71, 214, 249], "summary": {"covered_lines": 10, "num_statements": 178, "percent_covered": 4.132231404958677, "percent_covered_display": "4.13", "missing_lines": 168, "excluded_lines": 0, "num_branches": 64, "num_partial_branches": 0, "covered_branches": 0, "missing_branches": 64}, "missing_lines": [24, 25, 28, 31, 32, 33, 35, 36, 37, 38, 39, 41, 44, 45, 46, 48, 49, 50, 52, 55, 57, 59, 61, 62, 63, 64, 65, 66, 67, 68, 69, 84, 85, 88, 91, 92, 93, 95, 96, 97, 98, 99, 100, 101, 104, 107, 108, 109, 112, 115, 123, 126, 130, 132, 134, 136, 137, 139, 142, 143, 144, 145, 146, 148, 149, 150, 152, 153, 154, 155, 158, 161, 162, 163, 164, 166, 167, 168, 170, 171, 173, 174, 177, 180, 188, 191, 193, 194, 196, 197, 199, 202, 203, 204, 207, 208, 209, 211, 219, 220, 223, 225, 226, 227, 228, 229, 230, 232, 233, 235, 236, 237, 238, 239, 241, 242, 243, 244, 245, 247, 261, 262, 265, 266, 267, 268, 269, 273, 274, 277, 278, 279, 282, 284, 285, 291, 292, 294, 295, 298, 299, 300, 302, 303, 304, 306, 307, 308, 309, 312, 313, 316, 317, 319, 320, 323, 324, 327, 328, 329, 330, 331, 333, 334, 335, 337, 338, 340], "excluded_lines": [], "executed_branches": [], "missing_branches": [[24, 25], [24, 28], [32, 33], [32, 35], [38, 39], [38, 41], [44, 45], [44, 46], [46, 48], [46, 55], [62, 63], [62, 67], [65, 66], [65, 67], [84, 85], [84, 88], [92, 93], [92, 95], [108, 109], [108, 112], [134, 136], [134, 196], [136, 137], [136, 139], [142, 143], [142, 152], [144, 145], [144, 149], [146, 148], [146, 152], [149, 150], [149, 152], [152, 134], [152, 153], [154, 134], [154, 155], [171, 173], [171, 174], [196, 197], [196, 199], [207, 208], [207, 211], [208, 207], [208, 209], [219, 220], [219, 223], [227, 228], [227, 229], [236, 237], [236, 241], [242, 243], [242, 247], [261, 262], [261, 265], [266, 267], [266, 273], [306, 307], [306, 337], [312, 313], [312, 316], [327, 328], [327, 335], [337, 338], [337, 340]], "functions": {"parse_contents": {"executed_lines": [], "summary": {"covered_lines": 0, "num_statements": 31, "percent_covered": 0.0, "percent_covered_display": "0.00", "missing_lines": 31, "excluded_lines": 0, "num_branches": 14, "num_partial_branches": 0, "covered_branches": 0, "missing_branches": 14}, "missing_lines": [24, 25, 28, 31, 32, 33, 35, 36, 37, 38, 39, 41, 44, 45, 46, 48, 49, 50, 52, 55, 57, 59, 61, 62, 63, 64, 65, 66, 67, 68, 69], "excluded_lines": [], "executed_branches": [], "missing_branches": [[24, 25], [24, 28], [32, 33], [32, 35], [38, 39], [38, 41], [44, 45], [44, 46], [46, 48], [46, 55], [62, 63], [62, 67], [65, 66], [65, 67]]}, "parse_gcode_file": {"executed_lines": [], "summary": {"covered_lines": 0, "num_statements": 67, "percent_covered": 0.0, "percent_covered_display": "0.00", "missing_lines": 67, "excluded_lines": 0, "num_branches": 30, "num_partial_branches": 0, "covered_branches": 0, "missing_branches": 30}, "missing_lines": [84, 85, 88, 91, 92, 93, 95, 96, 97, 98, 99, 100, 101, 104, 107, 108, 109, 112, 115, 123, 126, 130, 132, 134, 136, 137, 139, 142, 143, 144, 145, 146, 148, 149, 150, 152, 153, 154, 155, 158, 161, 162, 163, 164, 166, 167, 168, 170, 171, 173, 174, 177, 180, 188, 191, 193, 194, 196, 197, 199, 202, 203, 204, 207, 208, 209, 211], "excluded_lines": [], "executed_branches": [], "missing_branches": [[84, 85], [84, 88], [92, 93], [92, 95], [108, 109], [108, 112], [134, 136], [134, 196], [136, 137], [136, 139], [142, 143], [142, 152], [144, 145], [144, 149], [146, 148], [146, 152], [149, 150], [149, 152], [152, 134], [152, 153], [154, 134], [154, 155], [171, 173], [171, 174], [196, 197], [196, 199], [207, 208], [207, 211], [208, 207], [208, 209]]}, "get_cross_section_vertices": {"executed_lines": [], "summary": {"covered_lines": 0, "num_statements": 22, "percent_covered": 0.0, "percent_covered_display": "0.00", "missing_lines": 22, "excluded_lines": 0, "num_branches": 8, "num_partial_branches": 0, "covered_branches": 0, "missing_branches": 8}, "missing_lines": [219, 220, 223, 225, 226, 227, 228, 229, 230, 232, 233, 235, 236, 237, 238, 239, 241, 242, 243, 244, 245, 247], "excluded_lines": [], "executed_branches": [], "missing_branches": [[219, 220], [219, 223], [227, 228], [227, 229], [236, 237], [236, 241], [242, 243], [242, 247]]}, "generate_volume_mesh": {"executed_lines": [], "summary": {"covered_lines": 0, "num_statements": 48, "percent_covered": 0.0, "percent_covered_display": "0.00", "missing_lines": 48, "excluded_lines": 0, "num_branches": 12, "num_partial_branches": 0, "covered_branches": 0, "missing_branches": 12}, "missing_lines": [261, 262, 265, 266, 267, 268, 269, 273, 274, 277, 278, 279, 282, 284, 285, 291, 292, 294, 295, 298, 299, 300, 302, 303, 304, 306, 307, 308, 309, 312, 313, 316, 317, 319, 320, 323, 324, 327, 328, 329, 330, 331, 333, 334, 335, 337, 338, 340], "excluded_lines": [], "executed_branches": [], "missing_branches": [[261, 262], [261, 265], [266, 267], [266, 273], [306, 307], [306, 337], [312, 313], [312, 316], [327, 328], [327, 335], [337, 338], [337, 340]]}, "": {"executed_lines": [3, 4, 5, 6, 7, 10, 12, 71, 214, 249], "summary": {"covered_lines": 10, "num_statements": 10, "percent_covered": 100.0, "percent_covered_display": "100.00", "missing_lines": 0, "excluded_lines": 0, "num_branches": 0, "num_partial_branches": 0, "covered_branches": 0, "missing_branches": 0}, "missing_lines": [], "excluded_lines": [], "executed_branches": [], "missing_branches": []}}, "classes": {"": {"executed_lines": [3, 4, 5, 6, 7, 10, 12, 71, 214, 249], "summary": {"covered_lines": 10, "num_statements": 178, "percent_covered": 4.132231404958677, "percent_covered_display": "4.13", "missing_lines": 168, "excluded_lines": 0, "num_branches": 64, "num_partial_branches": 0, "covered_branches": 0, "missing_branches": 64}, "missing_lines": [24, 25, 28, 31, 32, 33, 35, 36, 37, 38, 39, 41, 44, 45, 46, 48, 49, 50, 52, 55, 57, 59, 61, 62, 63, 64, 65, 66, 67, 68, 69, 84, 85, 88, 91, 92, 93, 95, 96, 97, 98, 99, 100, 101, 104, 107, 108, 109, 112, 115, 123, 126, 130, 132, 134, 136, 137, 139, 142, 143, 144, 145, 146, 148, 149, 150, 152, 153, 154, 155, 158, 161, 162, 163, 164, 166, 167, 168, 170, 171, 173, 174, 177, 180, 188, 191, 193, 194, 196, 197, 199, 202, 203, 204, 207, 208, 209, 211, 219, 220, 223, 225, 226, 227, 228, 229, 230, 232, 233, 235, 236, 237, 238, 239, 241, 242, 243, 244, 245, 247, 261, 262, 265, 266, 267, 268, 269, 273, 274, 277, 278, 279, 282, 284, 285, 291, 292, 294, 295, 298, 299, 300, 302, 303, 304, 306, 307, 308, 309, 312, 313, 316, 317, 319, 320, 323, 324, 327, 328, 329, 330, 331, 333, 334, 335, 337, 338, 340], "excluded_lines": [], "executed_branches": [], "missing_branches": [[24, 25], [24, 28], [32, 33], [32, 35], [38, 39], [38, 41], [44, 45], [44, 46], [46, 48], [46, 55], [62, 63], [62, 67], [65, 66], [65, 67], [84, 85], [84, 88], [92, 93], [92, 95], [108, 109], [108, 112], [134, 136], [134, 196], [136, 137], [136, 139], [142, 143], [142, 152], [144, 145], [144, 149], [146, 148], [146, 152], [149, 150], [149, 152], [152, 134], [152, 153], [154, 134], [154, 155], [171, 173], [171, 174], [196, 197], [196, 199], [207, 208], [207, 211], [208, 207], [208, 209], [219, 220], [219, 223], [227, 228], [227, 229], [236, 237], [236, 241], [242, 243], [242, 247], [261, 262], [261, 265], [266, 267], [266, 273], [306, 307], [306, 337], [312, 313], [312, 316], [327, 328], [327, 335], [337, 338], [337, 340]]}}}, "src\\meld_visualizer\\core\\enhanced_ui.py": {"executed_lines": [1, 6, 7, 8, 9, 12, 13, 15, 16, 79, 80, 130, 131, 153, 154, 182, 183, 202, 203, 237, 238, 251, 252, 280, 281, 283, 284, 323, 324, 326, 327, 346, 347], "summary": {"covered_lines": 29, "num_statements": 69, "percent_covered": 32.58426966292135, "percent_covered_display": "32.58", "missing_lines": 40, "excluded_lines": 0, "num_branches": 20, "num_partial_branches": 0, "covered_branches": 0, "missing_branches": 20}, "missing_lines": [28, 29, 30, 32, 42, 98, 99, 101, 102, 103, 105, 106, 107, 111, 145, 146, 148, 168, 175, 176, 180, 195, 219, 221, 245, 266, 302, 303, 305, 312, 337, 338, 339, 340, 341, 342, 344, 357, 384, 385], "excluded_lines": [], "executed_branches": [], "missing_branches": [[29, 30], [29, 42], [98, 99], [98, 101], [102, 103], [102, 105], [106, 107], [106, 111], [145, 146], [145, 148], [175, 176], [175, 180], [302, 303], [302, 305], [337, 338], [337, 339], [339, 340], [339, 341], [341, 342], [341, 344]], "functions": {"EnhancedUIComponents.create_enhanced_tabs": {"executed_lines": [], "summary": {"covered_lines": 0, "num_statements": 5, "percent_covered": 0.0, "percent_covered_display": "0.00", "missing_lines": 5, "excluded_lines": 0, "num_branches": 2, "num_partial_branches": 0, "covered_branches": 0, "missing_branches": 2}, "missing_lines": [28, 29, 30, 32, 42], "excluded_lines": [], "executed_branches": [], "missing_branches": [[29, 30], [29, 42]]}, "EnhancedUIComponents.create_control_panel": {"executed_lines": [], "summary": {"covered_lines": 0, "num_statements": 9, "percent_covered": 0.0, "percent_covered_display": "0.00", "missing_lines": 9, "excluded_lines": 0, "num_branches": 6, "num_partial_branches": 0, "covered_branches": 0, "missing_branches": 6}, "missing_lines": [98, 99, 101, 102, 103, 105, 106, 107, 111], "excluded_lines": [], "executed_branches": [], "missing_branches": [[98, 99], [98, 101], [102, 103], [102, 105], [106, 107], [106, 111]]}, "EnhancedUIComponents.create_control_group": {"executed_lines": [], "summary": {"covered_lines": 0, "num_statements": 3, "percent_covered": 0.0, "percent_covered_display": "0.00", "missing_lines": 3, "excluded_lines": 0, "num_branches": 2, "num_partial_branches": 0, "covered_branches": 0, "missing_branches": 2}, "missing_lines": [145, 146, 148], "excluded_lines": [], "executed_branches": [], "missing_branches": [[145, 146], [145, 148]]}, "EnhancedUIComponents.create_enhanced_input_group": {"executed_lines": [], "summary": {"covered_lines": 0, "num_statements": 4, "percent_covered": 0.0, "percent_covered_display": "0.00", "missing_lines": 4, "excluded_lines": 0, "num_branches": 2, "num_partial_branches": 0, "covered_branches": 0, "missing_branches": 2}, "missing_lines": [168, 175, 176, 180], "excluded_lines": [], "executed_branches": [], "missing_branches": [[175, 176], [175, 180]]}, "EnhancedUIComponents.create_loading_overlay": {"executed_lines": [], "summary": {"covered_lines": 0, "num_statements": 1, "percent_covered": 0.0, "percent_covered_display": "0.00", "missing_lines": 1, "excluded_lines": 0, "num_branches": 0, "num_partial_branches": 0, "covered_branches": 0, "missing_branches": 0}, "missing_lines": [195], "excluded_lines": [], "executed_branches": [], "missing_branches": []}, "EnhancedUIComponents.create_progress_indicator": {"executed_lines": [], "summary": {"covered_lines": 0, "num_statements": 2, "percent_covered": 0.0, "percent_covered_display": "0.00", "missing_lines": 2, "excluded_lines": 0, "num_branches": 0, "num_partial_branches": 0, "covered_branches": 0, "missing_branches": 0}, "missing_lines": [219, 221], "excluded_lines": [], "executed_branches": [], "missing_branches": []}, "EnhancedUIComponents.create_toast_container": {"executed_lines": [], "summary": {"covered_lines": 0, "num_statements": 1, "percent_covered": 0.0, "percent_covered_display": "0.00", "missing_lines": 1, "excluded_lines": 0, "num_branches": 0, "num_partial_branches": 0, "covered_branches": 0, "missing_branches": 0}, "missing_lines": [245], "excluded_lines": [], "executed_branches": [], "missing_branches": []}, "EnhancedUIComponents.create_enhanced_upload_area": {"executed_lines": [], "summary": {"covered_lines": 0, "num_statements": 1, "percent_covered": 0.0, "percent_covered_display": "0.00", "missing_lines": 1, "excluded_lines": 0, "num_branches": 0, "num_partial_branches": 0, "covered_branches": 0, "missing_branches": 0}, "missing_lines": [266], "excluded_lines": [], "executed_branches": [], "missing_branches": []}, "UserFeedbackManager.create_toast_component": {"executed_lines": [], "summary": {"covered_lines": 0, "num_statements": 4, "percent_covered": 0.0, "percent_covered_display": "0.00", "missing_lines": 4, "excluded_lines": 0, "num_branches": 2, "num_partial_branches": 0, "covered_branches": 0, "missing_branches": 2}, "missing_lines": [302, 303, 305, 312], "excluded_lines": [], "executed_branches": [], "missing_branches": [[302, 303], [302, 305]]}, "ResponsiveLayoutManager.get_desktop_breakpoint_class": {"executed_lines": [], "summary": {"covered_lines": 0, "num_statements": 7, "percent_covered": 0.0, "percent_covered_display": "0.00", "missing_lines": 7, "excluded_lines": 0, "num_branches": 6, "num_partial_branches": 0, "covered_branches": 0, "missing_branches": 6}, "missing_lines": [337, 338, 339, 340, 341, 342, 344], "excluded_lines": [], "executed_branches": [], "missing_branches": [[337, 338], [337, 339], [339, 340], [339, 341], [341, 342], [341, 344]]}, "ResponsiveLayoutManager.get_layout_config": {"executed_lines": [], "summary": {"covered_lines": 0, "num_statements": 3, "percent_covered": 0.0, "percent_covered_display": "0.00", "missing_lines": 3, "excluded_lines": 0, "num_branches": 0, "num_partial_branches": 0, "covered_branches": 0, "missing_branches": 0}, "missing_lines": [357, 384, 385], "excluded_lines": [], "executed_branches": [], "missing_branches": []}, "": {"executed_lines": [1, 6, 7, 8, 9, 12, 13, 15, 16, 79, 80, 130, 131, 153, 154, 182, 183, 202, 203, 237, 238, 251, 252, 280, 281, 283, 284, 323, 324, 326, 327, 346, 347], "summary": {"covered_lines": 29, "num_statements": 29, "percent_covered": 100.0, "percent_covered_display": "100.00", "missing_lines": 0, "excluded_lines": 0, "num_branches": 0, "num_partial_branches": 0, "covered_branches": 0, "missing_branches": 0}, "missing_lines": [], "excluded_lines": [], "executed_branches": [], "missing_branches": []}}, "classes": {"EnhancedUIComponents": {"executed_lines": [], "summary": {"covered_lines": 0, "num_statements": 26, "percent_covered": 0.0, "percent_covered_display": "0.00", "missing_lines": 26, "excluded_lines": 0, "num_branches": 12, "num_partial_branches": 0, "covered_branches": 0, "missing_branches": 12}, "missing_lines": [28, 29, 30, 32, 42, 98, 99, 101, 102, 103, 105, 106, 107, 111, 145, 146, 148, 168, 175, 176, 180, 195, 219, 221, 245, 266], "excluded_lines": [], "executed_branches": [], "missing_branches": [[29, 30], [29, 42], [98, 99], [98, 101], [102, 103], [102, 105], [106, 107], [106, 111], [145, 146], [145, 148], [175, 176], [175, 180]]}, "UserFeedbackManager": {"executed_lines": [], "summary": {"covered_lines": 0, "num_statements": 4, "percent_covered": 0.0, "percent_covered_display": "0.00", "missing_lines": 4, "excluded_lines": 0, "num_branches": 2, "num_partial_branches": 0, "covered_branches": 0, "missing_branches": 2}, "missing_lines": [302, 303, 305, 312], "excluded_lines": [], "executed_branches": [], "missing_branches": [[302, 303], [302, 305]]}, "ResponsiveLayoutManager": {"executed_lines": [], "summary": {"covered_lines": 0, "num_statements": 10, "percent_covered": 0.0, "percent_covered_display": "0.00", "missing_lines": 10, "excluded_lines": 0, "num_branches": 6, "num_partial_branches": 0, "covered_branches": 0, "missing_branches": 6}, "missing_lines": [337, 338, 339, 340, 341, 342, 344, 357, 384, 385], "excluded_lines": [], "executed_branches": [], "missing_branches": [[337, 338], [337, 339], [339, 340], [339, 341], [341, 342], [341, 344]]}, "": {"executed_lines": [1, 6, 7, 8, 9, 12, 13, 15, 16, 79, 80, 130, 131, 153, 154, 182, 183, 202, 203, 237, 238, 251, 252, 280, 281, 283, 284, 323, 324, 326, 327, 346, 347], "summary": {"covered_lines": 29, "num_statements": 29, "percent_covered": 100.0, "percent_covered_display": "100.00", "missing_lines": 0, "excluded_lines": 0, "num_branches": 0, "num_partial_branches": 0, "covered_branches": 0, "missing_branches": 0}, "missing_lines": [], "excluded_lines": [], "executed_branches": [], "missing_branches": []}}}, "src\\meld_visualizer\\core\\layout.py": {"executed_lines": [3, 4, 5, 10, 22, 25, 28, 31, 36, 41, 43, 52, 54, 80, 100, 102, 125, 127, 178, 180, 205, 207, 254, 256, 265, 267, 282, 284, 288, 290, 291, 292, 318, 320, 341, 343, 368, 370, 417, 419, 462, 468, 474, 476], "summary": {"covered_lines": 44, "num_statements": 49, "percent_covered": 86.79245283018868, "percent_covered_display": "86.79", "missing_lines": 5, "excluded_lines": 0, "num_branches": 4, "num_partial_branches": 2, "covered_branches": 2, "missing_branches": 2}, "missing_lines": [32, 33, 37, 38, 82], "excluded_lines": [], "executed_branches": [[31, 36], [36, 41]], "missing_branches": [[31, 32], [36, 37]], "functions": {"create_responsive_graph": {"executed_lines": [22, 25, 28, 31, 36, 41, 43], "summary": {"covered_lines": 7, "num_statements": 11, "percent_covered": 60.0, "percent_covered_display": "60.00", "missing_lines": 4, "excluded_lines": 0, "num_branches": 4, "num_partial_branches": 2, "covered_branches": 2, "missing_branches": 2}, "missing_lines": [32, 33, 37, 38], "excluded_lines": [], "executed_branches": [[31, 36], [36, 41]], "missing_branches": [[31, 32], [36, 37]]}, "add_viewport_detection": {"executed_lines": [54], "summary": {"covered_lines": 1, "num_statements": 1, "percent_covered": 100.0, "percent_covered_display": "100.00", "missing_lines": 0, "excluded_lines": 0, "num_branches": 0, "num_partial_branches": 0, "covered_branches": 0, "missing_branches": 0}, "missing_lines": [], "excluded_lines": [], "executed_branches": [], "missing_branches": []}, "add_enhanced_ui_scripts": {"executed_lines": [], "summary": {"covered_lines": 0, "num_statements": 1, "percent_covered": 0.0, "percent_covered_display": "0.00", "missing_lines": 1, "excluded_lines": 0, "num_branches": 0, "num_partial_branches": 0, "covered_branches": 0, "missing_branches": 0}, "missing_lines": [82], "excluded_lines": [], "executed_branches": [], "missing_branches": []}, "build_header": {"executed_lines": [102], "summary": {"covered_lines": 1, "num_statements": 1, "percent_covered": 100.0, "percent_covered_display": "100.00", "missing_lines": 0, "excluded_lines": 0, "num_branches": 0, "num_partial_branches": 0, "covered_branches": 0, "missing_branches": 0}, "missing_lines": [], "excluded_lines": [], "executed_branches": [], "missing_branches": []}, "create_filter_controls": {"executed_lines": [127], "summary": {"covered_lines": 1, "num_statements": 1, "percent_covered": 100.0, "percent_covered_display": "100.00", "missing_lines": 0, "excluded_lines": 0, "num_branches": 0, "num_partial_branches": 0, "covered_branches": 0, "missing_branches": 0}, "missing_lines": [], "excluded_lines": [], "executed_branches": [], "missing_branches": []}, "create_color_scale_controls": {"executed_lines": [180], "summary": {"covered_lines": 1, "num_statements": 1, "percent_covered": 100.0, "percent_covered_display": "100.00", "missing_lines": 0, "excluded_lines": 0, "num_branches": 0, "num_partial_branches": 0, "covered_branches": 0, "missing_branches": 0}, "missing_lines": [], "excluded_lines": [], "executed_branches": [], "missing_branches": []}, "build_main_controls_and_graphs": {"executed_lines": [207], "summary": {"covered_lines": 1, "num_statements": 1, "percent_covered": 100.0, "percent_covered_display": "100.00", "missing_lines": 0, "excluded_lines": 0, "num_branches": 0, "num_partial_branches": 0, "covered_branches": 0, "missing_branches": 0}, "missing_lines": [], "excluded_lines": [], "executed_branches": [], "missing_branches": []}, "build_2d_plotter": {"executed_lines": [256], "summary": {"covered_lines": 1, "num_statements": 1, "percent_covered": 100.0, "percent_covered_display": "100.00", "missing_lines": 0, "excluded_lines": 0, "num_branches": 0, "num_partial_branches": 0, "covered_branches": 0, "missing_branches": 0}, "missing_lines": [], "excluded_lines": [], "executed_branches": [], "missing_branches": []}, "build_custom_plotter": {"executed_lines": [267], "summary": {"covered_lines": 1, "num_statements": 1, "percent_covered": 100.0, "percent_covered_display": "100.00", "missing_lines": 0, "excluded_lines": 0, "num_branches": 0, "num_partial_branches": 0, "covered_branches": 0, "missing_branches": 0}, "missing_lines": [], "excluded_lines": [], "executed_branches": [], "missing_branches": []}, "build_data_table": {"executed_lines": [284], "summary": {"covered_lines": 1, "num_statements": 1, "percent_covered": 100.0, "percent_covered_display": "100.00", "missing_lines": 0, "excluded_lines": 0, "num_branches": 0, "num_partial_branches": 0, "covered_branches": 0, "missing_branches": 0}, "missing_lines": [], "excluded_lines": [], "executed_branches": [], "missing_branches": []}, "build_config_tab": {"executed_lines": [290, 291, 292], "summary": {"covered_lines": 3, "num_statements": 3, "percent_covered": 100.0, "percent_covered_display": "100.00", "missing_lines": 0, "excluded_lines": 0, "num_branches": 0, "num_partial_branches": 0, "covered_branches": 0, "missing_branches": 0}, "missing_lines": [], "excluded_lines": [], "executed_branches": [], "missing_branches": []}, "build_line_plot_tab": {"executed_lines": [320], "summary": {"covered_lines": 1, "num_statements": 1, "percent_covered": 100.0, "percent_covered_display": "100.00", "missing_lines": 0, "excluded_lines": 0, "num_branches": 0, "num_partial_branches": 0, "covered_branches": 0, "missing_branches": 0}, "missing_lines": [], "excluded_lines": [], "executed_branches": [], "missing_branches": []}, "build_mesh_plot_tab": {"executed_lines": [343], "summary": {"covered_lines": 1, "num_statements": 1, "percent_covered": 100.0, "percent_covered_display": "100.00", "missing_lines": 0, "excluded_lines": 0, "num_branches": 0, "num_partial_branches": 0, "covered_branches": 0, "missing_branches": 0}, "missing_lines": [], "excluded_lines": [], "executed_branches": [], "missing_branches": []}, "build_gcode_tab": {"executed_lines": [370], "summary": {"covered_lines": 1, "num_statements": 1, "percent_covered": 100.0, "percent_covered_display": "100.00", "missing_lines": 0, "excluded_lines": 0, "num_branches": 0, "num_partial_branches": 0, "covered_branches": 0, "missing_branches": 0}, "missing_lines": [], "excluded_lines": [], "executed_branches": [], "missing_branches": []}, "build_app_body_with_tabs": {"executed_lines": [419, 462], "summary": {"covered_lines": 2, "num_statements": 2, "percent_covered": 100.0, "percent_covered_display": "100.00", "missing_lines": 0, "excluded_lines": 0, "num_branches": 0, "num_partial_branches": 0, "covered_branches": 0, "missing_branches": 0}, "missing_lines": [], "excluded_lines": [], "executed_branches": [], "missing_branches": []}, "get_layout": {"executed_lines": [474, 476], "summary": {"covered_lines": 2, "num_statements": 2, "percent_covered": 100.0, "percent_covered_display": "100.00", "missing_lines": 0, "excluded_lines": 0, "num_branches": 0, "num_partial_branches": 0, "covered_branches": 0, "missing_branches": 0}, "missing_lines": [], "excluded_lines": [], "executed_branches": [], "missing_branches": []}, "": {"executed_lines": [3, 4, 5, 10, 52, 80, 100, 125, 178, 205, 254, 265, 282, 288, 318, 341, 368, 417, 468], "summary": {"covered_lines": 19, "num_statements": 19, "percent_covered": 100.0, "percent_covered_display": "100.00", "missing_lines": 0, "excluded_lines": 0, "num_branches": 0, "num_partial_branches": 0, "covered_branches": 0, "missing_branches": 0}, "missing_lines": [], "excluded_lines": [], "executed_branches": [], "missing_branches": []}}, "classes": {"": {"executed_lines": [3, 4, 5, 10, 22, 25, 28, 31, 36, 41, 43, 52, 54, 80, 100, 102, 125, 127, 178, 180, 205, 207, 254, 256, 265, 267, 282, 284, 288, 290, 291, 292, 318, 320, 341, 343, 368, 370, 417, 419, 462, 468, 474, 476], "summary": {"covered_lines": 44, "num_statements": 49, "percent_covered": 86.79245283018868, "percent_covered_display": "86.79", "missing_lines": 5, "excluded_lines": 0, "num_branches": 4, "num_partial_branches": 2, "covered_branches": 2, "missing_branches": 2}, "missing_lines": [32, 33, 37, 38, 82], "excluded_lines": [], "executed_branches": [[31, 36], [36, 41]], "missing_branches": [[31, 32], [36, 37]]}}}, "src\\meld_visualizer\\core\\volume_calculations.py": {"executed_lines": [1, 9, 10, 11, 12, 13, 15, 18, 19, 22, 23, 24, 30, 31, 33, 34, 36, 38, 39, 41, 42, 49, 59, 60, 61, 68, 69, 70, 72, 73, 77, 92, 104, 114, 115, 122, 132, 133, 136, 137, 138, 140, 143, 171, 191, 212, 273, 321, 335, 336, 337, 338, 340, 356, 357, 388], "summary": {"covered_lines": 52, "num_statements": 120, "percent_covered": 37.857142857142854, "percent_covered_display": "37.86", "missing_lines": 68, "excluded_lines": 0, "num_branches": 20, "num_partial_branches": 1, "covered_branches": 1, "missing_branches": 19}, "missing_lines": [43, 45, 47, 51, 75, 89, 90, 102, 106, 161, 164, 167, 169, 184, 186, 187, 189, 205, 208, 210, 223, 224, 227, 228, 229, 230, 233, 238, 244, 247, 248, 251, 253, 254, 255, 256, 259, 260, 261, 262, 265, 267, 268, 269, 271, 283, 286, 287, 289, 290, 297, 304, 305, 306, 312, 319, 347, 367, 372, 378, 379, 384, 402, 404, 405, 406, 407, 409], "excluded_lines": [], "executed_branches": [[41, 42]], "missing_branches": [[41, 43], [43, 45], [43, 47], [186, 187], [186, 189], [223, 224], [223, 227], [229, 230], [229, 233], [251, 253], [251, 267], [289, 290], [289, 319], [304, 305], [304, 312], [404, 405], [404, 406], [406, 407], [406, 409]], "functions": {"FeedstockParameters.dimension_mm": {"executed_lines": [36], "summary": {"covered_lines": 1, "num_statements": 1, "percent_covered": 100.0, "percent_covered_display": "100.00", "missing_lines": 0, "excluded_lines": 0, "num_branches": 0, "num_partial_branches": 0, "covered_branches": 0, "missing_branches": 0}, "missing_lines": [], "excluded_lines": [], "executed_branches": [], "missing_branches": []}, "FeedstockParameters.cross_sectional_area_mm2": {"executed_lines": [41, 42], "summary": {"covered_lines": 2, "num_statements": 5, "percent_covered": 33.333333333333336, "percent_covered_display": "33.33", "missing_lines": 3, "excluded_lines": 0, "num_branches": 4, "num_partial_branches": 1, "covered_branches": 1, "missing_branches": 3}, "missing_lines": [43, 45, 47], "excluded_lines": [], "executed_branches": [[41, 42]], "missing_branches": [[41, 43], [43, 45], [43, 47]]}, "FeedstockParameters.to_dict": {"executed_lines": [], "summary": {"covered_lines": 0, "num_statements": 1, "percent_covered": 0.0, "percent_covered_display": "0.00", "missing_lines": 1, "excluded_lines": 0, "num_branches": 0, "num_partial_branches": 0, "covered_branches": 0, "missing_branches": 0}, "missing_lines": [51], "excluded_lines": [], "ex
[...]
ered_display": "0.00", "missing_lines": 1, "excluded_lines": 0, "num_branches": 0, "num_partial_branches": 0, "covered_branches": 0, "missing_branches": 0}, "missing_lines": [94], "excluded_lines": [], "executed_branches": [], "missing_branches": []}, "SecurityLogger.__init__": {"executed_lines": [102, 103, 106, 107, 112, 113], "summary": {"covered_lines": 6, "num_statements": 6, "percent_covered": 87.5, "percent_covered_display": "87.50", "missing_lines": 0, "excluded_lines": 0, "num_branches": 2, "num_partial_branches": 1, "covered_branches": 1, "missing_branches": 1}, "missing_lines": [], "excluded_lines": [], "executed_branches": [[106, 107]], "missing_branches": [[106, -100]]}, "SecurityLogger.log_file_upload": {"executed_lines": [], "summary": {"covered_lines": 0, "num_statements": 1, "percent_covered": 0.0, "percent_covered_display": "0.00", "missing_lines": 1, "excluded_lines": 0, "num_branches": 0, "num_partial_branches": 0, "covered_branches": 0, "missing_branches": 0}, "missing_lines": [118], "excluded_lines": [], "executed_branches": [], "missing_branches": []}, "SecurityLogger.log_validation_failure": {"executed_lines": [], "summary": {"covered_lines": 0, "num_statements": 4, "percent_covered": 0.0, "percent_covered_display": "0.00", "missing_lines": 4, "excluded_lines": 0, "num_branches": 2, "num_partial_branches": 0, "covered_branches": 0, "missing_branches": 2}, "missing_lines": [124, 125, 126, 127], "excluded_lines": [], "executed_branches": [], "missing_branches": [[125, 126], [125, 127]]}, "SecurityLogger.log_config_change": {"executed_lines": [], "summary": {"covered_lines": 0, "num_statements": 1, "percent_covered": 0.0, "percent_covered_display": "0.00", "missing_lines": 1, "excluded_lines": 0, "num_branches": 0, "num_partial_branches": 0, "covered_branches": 0, "missing_branches": 0}, "missing_lines": [131], "excluded_lines": [], "executed_branches": [], "missing_branches": []}, "setup_logging": {"executed_lines": [152, 153, 156, 159, 160, 163, 165, 166, 167, 170, 171, 176, 177, 178, 181, 186, 187, 188, 191, 192, 194], "summary": {"covered_lines": 21, "num_statements": 22, "percent_covered": 85.71428571428571, "percent_covered_display": "85.71", "missing_lines": 1, "excluded_lines": 0, "num_branches": 6, "num_partial_branches": 3, "covered_branches": 3, "missing_branches": 3}, "missing_lines": [161], "excluded_lines": [], "executed_branches": [[159, 160], [160, 163], [170, 171]], "missing_branches": [[159, 170], [160, 161], [170, 191]]}, "get_logger": {"executed_lines": [], "summary": {"covered_lines": 0, "num_statements": 1, "percent_covered": 0.0, "percent_covered_display": "0.00", "missing_lines": 1, "excluded_lines": 0, "num_branches": 0, "num_partial_branches": 0, "covered_branches": 0, "missing_branches": 0}, "missing_lines": [207], "excluded_lines": [], "executed_branches": [], "missing_branches": []}, "log_execution_time": {"executed_lines": [], "summary": {"covered_lines": 0, "num_statements": 5, "percent_covered": 0.0, "percent_covered_display": "0.00", "missing_lines": 5, "excluded_lines": 0, "num_branches": 0, "num_partial_branches": 0, "covered_branches": 0, "missing_branches": 0}, "missing_lines": [218, 219, 221, 222, 241], "excluded_lines": [], "executed_branches": [], "missing_branches": []}, "log_execution_time.wrapper": {"executed_lines": [], "summary": {"covered_lines": 0, "num_statements": 10, "percent_covered": 0.0, "percent_covered_display": "0.00", "missing_lines": 10, "excluded_lines": 0, "num_branches": 0, "num_partial_branches": 0, "covered_branches": 0, "missing_branches": 0}, "missing_lines": [223, 224, 225, 226, 227, 231, 232, 233, 234, 239], "excluded_lines": [], "executed_branches": [], "missing_branches": []}, "log_errors": {"executed_lines": [], "summary": {"covered_lines": 0, "num_statements": 4, "percent_covered": 0.0, "percent_covered_display": "0.00", "missing_lines": 4, "excluded_lines": 0, "num_branches": 0, "num_partial_branches": 0, "covered_branches": 0, "missing_branches": 0}, "missing_lines": [246, 248, 249, 263], "excluded_lines": [], "executed_branches": [], "missing_branches": []}, "log_errors.decorator": {"executed_lines": [], "summary": {"covered_lines": 0, "num_statements": 2, "percent_covered": 0.0, "percent_covered_display": "0.00", "missing_lines": 2, "excluded_lines": 0, "num_branches": 0, "num_partial_branches": 0, "covered_branches": 0, "missing_branches": 0}, "missing_lines": [250, 261], "excluded_lines": [], "executed_branches": [], "missing_branches": []}, "log_errors.decorator.wrapper": {"executed_lines": [], "summary": {"covered_lines": 0, "num_statements": 6, "percent_covered": 0.0, "percent_covered_display": "0.00", "missing_lines": 6, "excluded_lines": 0, "num_branches": 0, "num_partial_branches": 0, "covered_branches": 0, "missing_branches": 0}, "missing_lines": [251, 252, 253, 254, 255, 259], "excluded_lines": [], "executed_branches": [], "missing_branches": []}, "": {"executed_lines": [1, 6, 7, 8, 9, 10, 11, 12, 15, 16, 19, 20, 21, 22, 25, 29, 30, 33, 43, 44, 46, 62, 63, 65, 80, 88, 92, 97, 98, 100, 115, 122, 129, 136, 197, 211, 212, 216, 244, 267, 268], "summary": {"covered_lines": 37, "num_statements": 37, "percent_covered": 97.43589743589743, "percent_covered_display": "97.44", "missing_lines": 0, "excluded_lines": 0, "num_branches": 2, "num_partial_branches": 1, "covered_branches": 1, "missing_branches": 1}, "missing_lines": [], "excluded_lines": [], "executed_branches": [[267, 268]], "missing_branches": [[267, -1]]}}, "classes": {"ColoredConsoleHandler": {"executed_lines": [], "summary": {"covered_lines": 0, "num_statements": 8, "percent_covered": 0.0, "percent_covered_display": "0.00", "missing_lines": 8, "excluded_lines": 0, "num_branches": 2, "num_partial_branches": 0, "covered_branches": 0, "missing_branches": 2}, "missing_lines": [48, 50, 51, 52, 54, 57, 58, 59], "excluded_lines": [], "executed_branches": [], "missing_branches": [[51, 52], [51, 54]]}, "PerformanceLogger": {"executed_lines": [67, 68, 71, 72, 77, 78], "summary": {"covered_lines": 6, "num_statements": 12, "percent_covered": 43.75, "percent_covered_display": "43.75", "missing_lines": 6, "excluded_lines": 0, "num_branches": 4, "num_partial_branches": 1, "covered_branches": 1, "missing_branches": 3}, "missing_lines": [83, 84, 85, 86, 90, 94], "excluded_lines": [], "executed_branches": [[71, 72]], "missing_branches": [[71, -65], [84, 85], [84, 86]]}, "SecurityLogger": {"executed_lines": [102, 103, 106, 107, 112, 113], "summary": {"covered_lines": 6, "num_statements": 12, "percent_covered": 43.75, "percent_covered_display": "43.75", "missing_lines": 6, "excluded_lines": 0, "num_branches": 4, "num_partial_branches": 1, "covered_branches": 1, "missing_branches": 3}, "missing_lines": [118, 124, 125, 126, 127, 131], "excluded_lines": [], "executed_branches": [[106, 107]], "missing_branches": [[106, -100], [125, 126], [125, 127]]}, "": {"executed_lines": [1, 6, 7, 8, 9, 10, 11, 12, 15, 16, 19, 20, 21, 22, 25, 29, 30, 33, 43, 44, 46, 62, 63, 65, 80, 88, 92, 97, 98, 100, 115, 122, 129, 136, 152, 153, 156, 159, 160, 163, 165, 166, 167, 170, 171, 176, 177, 178, 181, 186, 187, 188, 191, 192, 194, 197, 211, 212, 216, 244, 267, 268], "summary": {"covered_lines": 58, "num_statements": 87, "percent_covered": 65.26315789473684, "percent_covered_display": "65.26", "missing_lines": 29, "excluded_lines": 0, "num_branches": 8, "num_partial_branches": 4, "covered_branches": 4, "missing_branches": 4}, "missing_lines": [161, 207, 218, 219, 221, 222, 223, 224, 225, 226, 227, 231, 232, 233, 234, 239, 241, 246, 248, 249, 250, 251, 252, 253, 254, 255, 259, 261, 263], "excluded_lines": [], "executed_branches": [[159, 160], [160, 163], [170, 171], [267, 268]], "missing_branches": [[159, 170], [160, 161], [170, 191], [267, -1]]}}}, "src\\meld_visualizer\\utils\\security_utils.py": {"executed_lines": [1, 6, 7, 8, 9, 10, 11, 12, 15, 18, 19, 20, 21, 27, 28, 31, 32, 33, 36, 37, 39, 40, 92, 93, 95, 96, 127, 128, 150, 151, 194, 195, 197, 198, 247, 248, 260, 261, 309, 310, 312, 313, 349], "summary": {"covered_lines": 37, "num_statements": 171, "percent_covered": 14.859437751004016, "percent_covered_display": "14.86", "missing_lines": 134, "excluded_lines": 0, "num_branches": 78, "num_partial_branches": 0, "covered_branches": 0, "missing_branches": 78}, "missing_lines": [51, 53, 54, 57, 58, 59, 62, 63, 64, 65, 66, 68, 69, 70, 73, 76, 81, 82, 83, 85, 87, 88, 89, 110, 111, 114, 115, 117, 118, 119, 120, 122, 124, 125, 139, 140, 143, 145, 146, 148, 161, 162, 165, 167, 168, 169, 170, 172, 173, 174, 176, 177, 180, 181, 183, 184, 185, 188, 189, 191, 209, 211, 212, 213, 216, 219, 220, 221, 224, 225, 226, 229, 230, 231, 234, 235, 236, 239, 241, 243, 244, 245, 250, 251, 252, 253, 254, 255, 258, 272, 274, 275, 276, 277, 279, 281, 282, 285, 286, 287, 289, 290, 293, 294, 295, 296, 297, 300, 301, 302, 304, 305, 306, 325, 327, 328, 331, 339, 340, 341, 344, 360, 361, 363, 364, 366, 367, 368, 369, 370, 372, 374, 375, 376], "excluded_lines": [], "executed_branches": [], "missing_branches": [[53, 54], [53, 57], [58, 59], [58, 62], [69, 70], [69, 73], [81, 82], [81, 85], [82, 81], [82, 83], [114, 115], [114, 117], [117, 118], [117, 119], [119, 120], [119, 122], [139, 140], [139, 143], [145, 146], [145, 148], [161, 162], [161, 165], [165, 167], [165, 170], [170, 172], [170, 173], [173, 174], [173, 176], [176, 177], [176, 180], [183, 184], [183, 191], [184, 185], [184, 188], [188, 183], [188, 189], [212, 213], [212, 216], [220, 221], [220, 224], [224, 225], [224, 229], [225, 224], [225, 226], [230, 231], [230, 234], [250, 251], [250, 252], [252, 253], [252, 254], [254, 255], [254, 258], [275, 276], [275, 279], [281, 282], [281, 285], [285, 286], [285, 289], [294, 295], [294, 300], [295, 294], [295, 296], [296, 294], [296, 297], [300, 301], [300, 302], [327, 328], [327, 331], [339, 340], [339, 344], [340, 339], [340, 341], [363, 364], [363, 366], [367, 368], [367, 372], [369, 367], [369, 370]], "functions": {"FileValidator.validate_file_upload": {"executed_lines": [], "summary": {"covered_lines": 0, "num_statements": 23, "percent_covered": 0.0, "percent_covered_display": "0.00", "missing_lines": 23, "excluded_lines": 0, "num_branches": 10, "num_partial_branches": 0, "covered_branches": 0, "missing_branches": 10}, "missing_lines": [51, 53, 54, 57, 58, 59, 62, 63, 64, 65, 66, 68, 69, 70, 73, 76, 81, 82, 83, 85, 87, 88, 89], "excluded_lines": [], "executed_branches": [], "missing_branches": [[53, 54], [53, 57], [58, 59], [58, 62], [69, 70], [69, 73], [81, 82], [81, 85], [82, 81], [82, 83]]}, "InputValidator.sanitize_numeric_input": {"executed_lines": [], "summary": {"covered_lines": 0, "num_statements": 11, "percent_covered": 0.0, "percent_covered_display": "0.00", "missing_lines": 11, "excluded_lines": 0, "num_branches": 6, "num_partial_branches": 0, "covered_branches": 0, "missing_branches": 6}, "missing_lines": [110, 111, 114, 115, 117, 118, 119, 120, 122, 124, 125], "excluded_lines": [], "executed_branches": [], "missing_branches": [[114, 115], [114, 117], [117, 118], [117, 119], [119, 120], [119, 122]]}, "InputValidator.sanitize_column_name": {"executed_lines": [], "summary": {"covered_lines": 0, "num_statements": 6, "percent_covered": 0.0, "percent_covered_display": "0.00", "missing_lines": 6, "excluded_lines": 0, "num_branches": 4, "num_partial_branches": 0, "covered_branches": 0, "missing_branches": 4}, "missing_lines": [139, 140, 143, 145, 146, 148], "excluded_lines": [], "executed_branches": [], "missing_branches": [[139, 140], [139, 143], [145, 146], [145, 148]]}, "InputValidator.sanitize_gcode_line": {"executed_lines": [], "summary": {"covered_lines": 0, "num_statements": 20, "percent_covered": 0.0, "percent_covered_display": "0.00", "missing_lines": 20, "excluded_lines": 0, "num_branches": 16, "num_partial_branches": 0, "covered_branches": 0, "missing_branches": 16}, "missing_lines": [161, 162, 165, 167, 168, 169, 170, 172, 173, 174, 176, 177, 180, 181, 183, 184, 185, 188, 189, 191], "excluded_lines": [], "executed_branches": [], "missing_branches": [[161, 162], [161, 165], [165, 167], [165, 170], [170, 172], [170, 173], [173, 174], [173, 176], [176, 177], [176, 180], [183, 184], [183, 191], [184, 185], [184, 188], [188, 183], [188, 189]]}, "ConfigurationManager.save_config": {"executed_lines": [], "summary": {"covered_lines": 0, "num_statements": 22, "percent_covered": 0.0, "percent_covered_display": "0.00", "missing_lines": 22, "excluded_lines": 0, "num_branches": 10, "num_partial_branches": 0, "covered_branches": 0, "missing_branches": 10}, "missing_lines": [209, 211, 212, 213, 216, 219, 220, 221, 224, 225, 226, 229, 230, 231, 234, 235, 236, 239, 241, 243, 244, 245], "excluded_lines": [], "executed_branches": [], "missing_branches": [[212, 213], [212, 216], [220, 221], [220, 224], [224, 225], [224, 229], [225, 224], [225, 226], [230, 231], [230, 234]]}, "ConfigurationManager._validate_config_value": {"executed_lines": [], "summary": {"covered_lines": 0, "num_statements": 7, "percent_covered": 0.0, "percent_covered_display": "0.00", "missing_lines": 7, "excluded_lines": 0, "num_branches": 6, "num_partial_branches": 0, "covered_branches": 0, "missing_branches": 6}, "missing_lines": [250, 251, 252, 253, 254, 255, 258], "excluded_lines": [], "executed_branches": [], "missing_branches": [[250, 251], [250, 252], [252, 253], [252, 254], [254, 255], [254, 258]]}, "ConfigurationManager.load_config": {"executed_lines": [], "summary": {"covered_lines": 0, "num_statements": 24, "percent_covered": 0.0, "percent_covered_display": "0.00", "missing_lines": 24, "excluded_lines": 0, "num_branches": 14, "num_partial_branches": 0, "covered_branches": 0, "missing_branches": 14}, "missing_lines": [272, 274, 275, 276, 277, 279, 281, 282, 285, 286, 287, 289, 290, 293, 294, 295, 296, 297, 300, 301, 302, 304, 305, 306], "excluded_lines": [], "executed_branches": [], "missing_branches": [[275, 276], [275, 279], [281, 282], [281, 285], [285, 286], [285, 289], [294, 295], [294, 300], [295, 294], [295, 296], [296, 294], [296, 297], [300, 301], [300, 302]]}, "ErrorHandler.handle_error": {"executed_lines": [], "summary": {"covered_lines": 0, "num_statements": 8, "percent_covered": 0.0, "percent_covered_display": "0.00", "missing_lines": 8, "excluded_lines": 0, "num_branches": 6, "num_partial_branches": 0, "covered_branches": 0, "missing_branches": 6}, "missing_lines": [325, 327, 328, 331, 339, 340, 341, 344], "excluded_lines": [], "executed_branches": [], "missing_branches": [[327, 328], [327, 331], [339, 340], [339, 344], [340, 339], [340, 341]]}, "secure_parse_gcode": {"executed_lines": [], "summary": {"covered_lines": 0, "num_statements": 13, "percent_covered": 0.0, "percent_covered_display": "0.00", "missing_lines": 13, "excluded_lines": 0, "num_branches": 6, "num_partial_branches": 0, "covered_branches": 0, "missing_branches": 6}, "missing_lines": [360, 361, 363, 364, 366, 367, 368, 369, 370, 372, 374, 375, 376], "excluded_lines": [], "executed_branches": [], "missing_branches": [[363, 364], [363, 366], [367, 368], [367, 372], [369, 367], [369, 370]]}, "": {"executed_lines": [1, 6, 7, 8, 9, 10, 11, 12, 15, 18, 19, 20, 21, 27, 28, 31, 32, 33, 36, 37, 39, 40, 92, 93, 95, 96, 127, 128, 150, 151, 194, 195, 197, 198, 247, 248, 260, 261, 309, 310, 312, 313, 349], "summary": {"covered_lines": 37, "num_statements": 37, "percent_covered": 100.0, "percent_covered_display": "100.00", "missing_lines": 0, "excluded_lines": 0, "num_branches": 0, "num_partial_branches": 0, "covered_branches": 0, "missing_branches": 0}, "missing_lines": [], "excluded_lines": [], "executed_branches": [], "missing_branches": []}}, "classes": {"SecurityError": {"executed_lines": [], "summary": {"covered_lines": 0, "num_statements": 0, "percent_covered": 100.0, "percent_covered_display": "100.00", "missing_lines": 0, "excluded_lines": 0, "num_branches": 0, "num_partial_branches": 0, "covered_branches": 0, "missing_branches": 0}, "missing_lines": [], "excluded_lines": [], "executed_branches": [], "missing_branches": []}, "FileValidator": {"executed_lines": [], "summary": {"covered_lines": 0, "num_statements": 23, "percent_covered": 0.0, "percent_covered_display": "0.00", "missing_lines": 23, "excluded_lines": 0, "num_branches": 10, "num_partial_branches": 0, "covered_branches": 0, "missing_branches": 10}, "missing_lines": [51, 53, 54, 57, 58, 59, 62, 63, 64, 65, 66, 68, 69, 70, 73, 76, 81, 82, 83, 85, 87, 88, 89], "excluded_lines": [], "executed_branches": [], "missing_branches": [[53, 54], [53, 57], [58, 59], [58, 62], [69, 70], [69, 73], [81, 82], [81, 85], [82, 81], [82, 83]]}, "InputValidator": {"executed_lines": [], "summary": {"covered_lines": 0, "num_statements": 37, "percent_covered": 0.0, "percent_covered_display": "0.00", "missing_lines": 37, "excluded_lines": 0, "num_branches": 26, "num_partial_branches": 0, "covered_branches": 0, "missing_branches": 26}, "missing_lines": [110, 111, 114, 115, 117, 118, 119, 120, 122, 124, 125, 139, 140, 143, 145, 146, 148, 161, 162, 165, 167, 168, 169, 170, 172, 173, 174, 176, 177, 180, 181, 183, 184, 185, 188, 189, 191], "excluded_lines": [], "executed_branches": [], "missing_branches": [[114, 115], [114, 117], [117, 118], [117, 119], [119, 120], [119, 122], [139, 140], [139, 143], [145, 146], [145, 148], [161, 162], [161, 165], [165, 167], [165, 170], [170, 172], [170, 173], [173, 174], [173, 176], [176, 177], [176, 180], [183, 184], [183, 191], [184, 185], [184, 188], [188, 183], [188, 189]]}, "ConfigurationManager": {"executed_lines": [], "summary": {"covered_lines": 0, "num_statements": 53, "percent_covered": 0.0, "percent_covered_display": "0.00", "missing_lines": 53, "excluded_lines": 0, "num_branches": 30, "num_partial_branches": 0, "covered_branches": 0, "missing_branches": 30}, "missing_lines": [209, 211, 212, 213, 216, 219, 220, 221, 224, 225, 226, 229, 230, 231, 234, 235, 236, 239, 241, 243, 244, 245, 250, 251, 252, 253, 254, 255, 258, 272, 274, 275, 276, 277, 279, 281, 282, 285, 286, 287, 289, 290, 293, 294, 295, 296, 297, 300, 301, 302, 304, 305, 306], "excluded_lines": [], "executed_branches": [], "missing_branches": [[212, 213], [212, 216], [220, 221], [220, 224], [224, 225], [224, 229], [225, 224], [225, 226], [230, 231], [230, 234], [250, 251], [250, 252], [252, 253], [252, 254], [254, 255], [254, 258], [275, 276], [275, 279], [281, 282], [281, 285], [285, 286], [285, 289], [294, 295], [294, 300], [295, 294], [295, 296], [296, 294], [296, 297], [300, 301], [300, 302]]}, "ErrorHandler": {"executed_lines": [], "summary": {"covered_lines": 0, "num_statements": 8, "percent_covered": 0.0, "percent_covered_display": "0.00", "missing_lines": 8, "excluded_lines": 0, "num_branches": 6, "num_partial_branches": 0, "covered_branches": 0, "missing_branches": 6}, "missing_lines": [325, 327, 328, 331, 339, 340, 341, 344], "excluded_lines": [], "executed_branches": [], "missing_branches": [[327, 328], [327, 331], [339, 340], [339, 344], [340, 339], [340, 341]]}, "": {"executed_lines": [1, 6, 7, 8, 9, 10, 11, 12, 15, 18, 19, 20, 21, 27, 28, 31, 32, 33, 36, 37, 39, 40, 92, 93, 95, 96, 127, 128, 150, 151, 194, 195, 197, 198, 247, 248, 260, 261, 309, 310, 312, 313, 349], "summary": {"covered_lines": 37, "num_statements": 50, "percent_covered": 66.07142857142857, "percent_covered_display": "66.07", "missing_lines": 13, "excluded_lines": 0, "num_branches": 6, "num_partial_branches": 0, "covered_branches": 0, "missing_branches": 6}, "missing_lines": [360, 361, 363, 364, 366, 367, 368, 369, 370, 372, 374, 375, 376], "excluded_lines": [], "executed_branches": [], "missing_branches": [[363, 364], [363, 366], [367, 368], [367, 372], [369, 367], [369, 370]]}}}}, "totals": {"covered_lines": 698, "num_statements": 1979, "percent_covered": 29.118002416431736, "percent_covered_display": "29.12", "missing_lines": 1281, "excluded_lines": 2, "num_branches": 504, "num_partial_branches": 19, "covered_branches": 25, "missing_branches": 479}}