{"meta": {"format": 3, "version": "7.10.4", "timestamp": "2025-09-10T18:08:01.712628", "branch_coverage": true, "show_contexts": false}, "files": {"src\\meld_visualizer\\__init__.py": {"executed_lines": [1, 13, 14, 17, 18, 19], "summary": {"covered_lines": 5, "num_statements": 7, "percent_covered": 71.42857142857143, "percent_covered_display": "71.43", "missing_lines": 2, "excluded_lines": 0, "num_branches": 0, "num_partial_branches": 0, "covered_branches": 0, "missing_branches": 0}, "missing_lines": [20, 21], "excluded_lines": [], "executed_branches": [], "missing_branches": [], "functions": {"": {"executed_lines": [1, 13, 14, 17, 18, 19], "summary": {"covered_lines": 5, "num_statements": 7, "percent_covered": 71.42857142857143, "percent_covered_display": "71.43", "missing_lines": 2, "excluded_lines": 0, "num_branches": 0, "num_partial_branches": 0, "covered_branches": 0, "missing_branches": 0}, "missing_lines": [20, 21], "excluded_lines": [], "executed_branches": [], "missing_branches": []}}, "classes": {"": {"executed_lines": [1, 13, 14, 17, 18, 19], "summary": {"covered_lines": 5, "num_statements": 7, "percent_covered": 71.42857142857143, "percent_covered_display": "71.43", "missing_lines": 2, "excluded_lines": 0, "num_branches": 0, "num_partial_branches": 0, "covered_branches": 0, "missing_branches": 0}, "missing_lines": [20, 21], "excluded_lines": [], "executed_branches": [], "missing_branches": []}}}, "src\\meld_visualizer\\app.py": {"executed_lines": [1, 2, 3, 4, 5, 7, 9, 11, 16, 17, 19, 20, 21, 22, 23, 24, 25, 26, 27, 28, 39, 41, 43, 44, 46, 47, 48, 49, 62, 63, 64, 66, 68, 69, 72, 73, 75, 82, 84, 86, 94, 95, 97, 100, 102, 106, 120], "summary": {"covered_lines": 46, "num_statements": 78, "percent_covered": 53.191489361702125, "percent_covered_display": "53.19", "missing_lines": 32, "excluded_lines": 2, "num_branches": 16, "num_partial_branches": 4, "covered_branches": 4, "missing_branches": 12}, "missing_lines": [30, 31, 32, 33, 34, 35, 36, 37, 38, 50, 51, 52, 53, 54, 55, 56, 57, 58, 59, 60, 76, 77, 78, 79, 80, 104, 109, 110, 111, 115, 116, 118], "excluded_lines": [120, 121], "executed_branches": [[23, 24], [25, 26], [27, 28], [48, 49]], "missing_branches": [[23, 25], [25, 31], [27, 30], [31, 32], [31, 39], [48, 50], [50, 51], [50, 52], [52, 53], [52, 60], [115, 116], [115, 118]], "functions": {"_resolve_external_stylesheets": {"executed_lines": [16, 17, 19, 20, 21, 22, 23, 24, 25, 26, 27, 28, 39], "summary": {"covered_lines": 13, "num_statements": 22, "percent_covered": 53.333333333333336, "percent_covered_display": "53.33", "missing_lines": 9, "excluded_lines": 0, "num_branches": 8, "num_partial_branches": 3, "covered_branches": 3, "missing_branches": 5}, "missing_lines": [30, 31, 32, 33, 34, 35, 36, 37, 38], "excluded_lines": [], "executed_branches": [[23, 24], [25, 26], [27, 28]], "missing_branches": [[23, 25], [25, 31], [27, 30], [31, 32], [31, 39]]}, "_build_layout": {"executed_lines": [43, 44, 46, 47, 48, 49], "summary": {"covered_lines": 6, "num_statements": 17, "percent_covered": 30.434782608695652, "percent_covered_display": "30.43", "missing_lines": 11, "excluded_lines": 0, "num_branches": 6, "num_partial_branches": 1, "covered_branches": 1, "missing_branches": 5}, "missing_lines": [50, 51, 52, 53, 54, 55, 56, 57, 58, 59, 60], "excluded_lines": [], "executed_branches": [[48, 49]], "missing_branches": [[48, 50], [50, 51], [50, 52], [52, 53], [52, 60]]}, "_register_callbacks": {"executed_lines": [63, 64, 66, 68, 69, 72, 73, 75], "summary": {"covered_lines": 8, "num_statements": 13, "percent_covered": 61.53846153846154, "percent_covered_display": "61.54", "missing_lines": 5, "excluded_lines": 0, "num_branches": 0, "num_partial_branches": 0, "covered_branches": 0, "missing_branches": 0}, "missing_lines": [76, 77, 78, 79, 80], "excluded_lines": [], "executed_branches": [], "missing_branches": []}, "create_app": {"executed_lines": [84, 86, 94, 95, 97], "summary": {"covered_lines": 5, "num_statements": 5, "percent_covered": 100.0, "percent_covered_display": "100.00", "missing_lines": 0, "excluded_lines": 0, "num_branches": 0, "num_partial_branches": 0, "covered_branches": 0, "missing_branches": 0}, "missing_lines": [], "excluded_lines": [], "executed_branches": [], "missing_branches": []}, "open_browser": {"executed_lines": [], "summary": {"covered_lines": 0, "num_statements": 1, "percent_covered": 0.0, "percent_covered_display": "0.00", "missing_lines": 1, "excluded_lines": 0, "num_branches": 0, "num_partial_branches": 0, "covered_branches": 0, "missing_branches": 0}, "missing_lines": [104], "excluded_lines": [], "executed_branches": [], "missing_branches": []}, "main": {"executed_lines": [], "summary": {"covered_lines": 0, "num_statements": 6, "percent_covered": 0.0, "percent_covered_display": "0.00", "missing_lines": 6, "excluded_lines": 0, "num_branches": 2, "num_partial_branches": 0, "covered_branches": 0, "missing_branches": 2}, "missing_lines": [109, 110, 111, 115, 116, 118], "excluded_lines": [], "executed_branches": [], "missing_branches": [[115, 116], [115, 118]]}, "": {"executed_lines": [1, 2, 3, 4, 5, 7, 9, 11, 41, 62, 82, 100, 102, 106, 120], "summary": {"covered_lines": 14, "num_statements": 14, "percent_covered": 100.0, "percent_covered_display": "100.00", "missing_lines": 0, "excluded_lines": 2, "num_branches": 0, "num_partial_branches": 0, "covered_branches": 0, "missing_branches": 0}, "missing_lines": [], "excluded_lines": [120, 121], "executed_branches": [], "missing_branches": []}}, "classes": {"": {"executed_lines": [1, 2, 3, 4, 5, 7, 9, 11, 16, 17, 19, 20, 21, 22, 23, 24, 25, 26, 27, 28, 39, 41, 43, 44, 46, 47, 48, 49, 62, 63, 64, 66, 68, 69, 72, 73, 75, 82, 84, 86, 94, 95, 97, 100, 102, 106, 120], "summary": {"covered_lines": 46, "num_statements": 78, "percent_covered": 53.191489361702125, "percent_covered_display": "53.19", "missing_lines": 32, "excluded_lines": 2, "num_branches": 16, "num_partial_branches": 4, "covered_branches": 4, "missing_branches": 12}, "missing_lines": [30, 31, 32, 33, 34, 35, 36, 37, 38, 50, 51, 52, 53, 54, 55, 56, 57, 58, 59, 60, 76, 77, 78, 79, 80, 104, 109, 110, 111, 115, 116, 118], "excluded_lines": [120, 121], "executed_branches": [[23, 24], [25, 26], [27, 28], [48, 49]], "missing_branches": [[23, 25], [25, 31], [27, 30], [31, 32], [31, 39], [48, 50], [50, 51], [50, 52], [52, 53], [52, 60], [115, 116], [115, 118]]}}}, "src\\meld_visualizer\\callbacks\\__init__.py": {"executed_lines": [1, 7, 8, 9, 10, 11, 14, 21, 22, 25, 26, 27, 29, 30, 32, 33, 35, 36, 38, 39, 41, 47, 49], "summary": {"covered_lines": 22, "num_statements": 25, "percent_covered": 88.0, "percent_covered_display": "88.00", "missing_lines": 3, "excluded_lines": 0, "num_branches": 0, "num_partial_branches": 0, "covered_branches": 0, "missing_branches": 0}, "missing_lines": [42, 43, 44], "excluded_lines": [], "executed_branches": [], "missing_branches": [], "functions": {"register_all_callbacks": {"executed_lines": [21, 22, 25, 26, 27, 29, 30, 32, 33, 35, 36, 38, 39, 41], "summary": {"covered_lines": 14, "num_statements": 17, "percent_covered": 82.3529411764706, "percent_covered_display": "82.35", "missing_lines": 3, "excluded_lines": 0, "num_branches": 0, "num_partial_branches": 0, "covered_branches": 0, "missing_branches": 0}, "missing_lines": [42, 43, 44], "excluded_lines": [], "executed_branches": [], "missing_branches": []}, "": {"executed_lines": [1, 7, 8, 9, 10, 11, 14, 47, 49], "summary": {"covered_lines": 8, "num_statements": 8, "percent_covered": 100.0, "percent_covered_display": "100.00", "missing_lines": 0, "excluded_lines": 0, "num_branches": 0, "num_partial_branches": 0, "covered_branches": 0, "missing_branches": 0}, "missing_lines": [], "excluded_lines": [], "executed_branches": [], "missing_branches": []}}, "classes": {"": {"executed_lines": [1, 7, 8, 9, 10, 11, 14, 21, 22, 25, 26, 27, 29, 30, 32, 33, 35, 36, 38, 39, 41, 47, 49], "summary": {"covered_lines": 22, "num_statements": 25, "percent_covered": 88.0, "percent_covered_display": "88.00", "missing_lines": 3, "excluded_lines": 0, "num_branches": 0, "num_partial_branches": 0, "covered_branches": 0, "missing_branches": 0}, "missing_lines": [42, 43, 44], "excluded_lines": [], "executed_branches": [], "missing_branches": []}}}, "src\\meld_visualizer\\callbacks\\config_callbacks.py": {"executed_lines": [1, 6, 7, 8, 10, 11, 12, 14, 17, 20, 27, 35, 43, 61, 74, 102, 111, 141, 150, 180, 195], "summary": {"covered_lines": 20, "num_statements": 89, "percent_covered": 18.69158878504673, "percent_covered_display": "18.69", "missing_lines": 69, "excluded_lines": 0, "num_branches": 18, "num_partial_branches": 0, "covered_branches": 0, "missing_branches": 18}, "missing_lines": [29, 30, 32, 33, 45, 46, 48, 50, 52, 54, 56, 59, 77, 78, 80, 90, 92, 93, 95, 96, 97, 99, 100, 113, 114, 115, 118, 119, 120, 121, 123, 125, 127, 129, 132, 133, 135, 137, 138, 139, 152, 153, 154, 157, 158, 159, 160, 162, 164, 166, 168, 171, 172, 174, 176, 177, 178, 197, 198, 200, 203, 209, 212, 215, 218, 221, 223, 224, 228], "excluded_lines": [], "executed_branches": [], "missing_branches": [[29, 30], [29, 32], [45, 46], [45, 48], [77, 78], [77, 80], [92, 93], [92, 99], [114, 115], [114, 118], [118, 119], [118, 123], [153, 154], [153, 157], [157, 158], [157, 162], [197, 198], [197, 200]], "functions": {"register_config_callbacks": {"executed_lines": [20, 27, 35, 43, 61, 74, 102, 111, 141, 150, 180, 195], "summary": {"covered_lines": 12, "num_statements": 12, "percent_covered": 100.0, "percent_covered_display": "100.00", "missing_lines": 0, "excluded_lines": 0, "num_branches": 0, "num_partial_branches": 0, "covered_branches": 0, "missing_branches": 0}, "missing_lines": [], "excluded_lines": [], "executed_branches": [], "missing_branches": []}, "register_config_callbacks.update_config_tab_options": {"executed_lines": [], "summary": {"covered_lines": 0, "num_statements": 4, "percent_covered": 0.0, "percent_covered_display": "0.00", "missing_lines": 4, "excluded_lines": 0, "num_branches": 2, "num_partial_branches": 0, "covered_branches": 0, "missing_branches": 2}, "missing_lines": [29, 30, 32, 33], "excluded_lines": [], "executed_branches": [], "missing_branches": [[29, 30], [29, 32]]}, "register_config_callbacks.populate_config_tab_values": {"executed_lines": [], "summary": {"covered_lines": 0, "num_statements": 8, "percent_covered": 0.0, "percent_covered_display": "0.00", "missing_lines": 8, "excluded_lines": 0, "num_branches": 2, "num_partial_branches": 0, "covered_branches": 0, "missing_branches": 2}, "missing_lines": [45, 46, 48, 50, 52, 54, 56, 59], "excluded_lines": [], "executed_branches": [], "missing_branches": [[45, 46], [45, 48]]}, "register_config_callbacks.save_config_and_advise_restart": {"executed_lines": [], "summary": {"covered_lines": 0, "num_statements": 11, "percent_covered": 0.0, "percent_covered_display": "0.00", "missing_lines": 11, "excluded_lines": 0, "num_branches": 4, "num_partial_branches": 0, "covered_branches": 0, "missing_branches": 4}, "missing_lines": [77, 78, 80, 90, 92, 93, 95, 96, 97, 99, 100], "excluded_lines": [], "executed_branches": [], "missing_branches": [[77, 78], [77, 80], [92, 93], [92, 99]]}, "register_config_callbacks.update_main_graph_radios": {"executed_lines": [], "summary": {"covered_lines": 0, "num_statements": 17, "percent_covered": 0.0, "percent_covered_display": "0.00", "missing_lines": 17, "excluded_lines": 0, "num_branches": 4, "num_partial_branches": 0, "covered_branches": 0, "missing_branches": 4}, "missing_lines": [113, 114, 115, 118, 119, 120, 121, 123, 125, 127, 129, 132, 133, 135, 137, 138, 139], "excluded_lines": [], "executed_branches": [], "missing_branches": [[114, 115], [114, 118], [118, 119], [118, 123]]}, "register_config_callbacks.update_2d_plot_radios": {"executed_lines": [], "summary": {"covered_lines": 0, "num_statements": 17, "percent_covered": 0.0, "percent_covered_display": "0.00", "missing_lines": 17, "excluded_lines": 0, "num_branches": 4, "num_partial_branches": 0, "covered_branches": 0, "missing_branches": 4}, "missing_lines": [152, 153, 154, 157, 158, 159, 160, 162, 164, 166, 168, 171, 172, 174, 176, 177, 178], "excluded_lines": [], "executed_branches": [], "missing_branches": [[153, 154], [153, 157], [157, 158], [157, 162]]}, "register_config_callbacks.update_custom_and_mesh_plot_controls": {"executed_lines": [], "summary": {"covered_lines": 0, "num_statements": 12, "percent_covered": 0.0, "percent_covered_display": "0.00", "missing_lines": 12, "excluded_lines": 0, "num_branches": 2, "num_partial_branches": 0, "covered_branches": 0, "missing_branches": 2}, "missing_lines": [197, 198, 200, 203, 209, 212, 215, 218, 221, 223, 224, 228], "excluded_lines": [], "executed_branches": [], "missing_branches": [[197, 198], [197, 200]]}, "": {"executed_lines": [1, 6, 7, 8, 10, 11, 12, 14, 17], "summary": {"covered_lines": 8, "num_statements": 8, "percent_covered": 100.0, "percent_covered_display": "100.00", "missing_lines": 0, "excluded_lines": 0, "num_branches": 0, "num_partial_branches": 0, "covered_branches": 0, "missing_branches": 0}, "missing_lines": [], "excluded_lines": [], "executed_branches": [], "missing_branches": []}}, "classes": {"": {"executed_lines": [1, 6, 7, 8, 10, 11, 12, 14, 17, 20, 27, 35, 43, 61, 74, 102, 111, 141, 150, 180, 195], "summary": {"covered_lines": 20, "num_statements": 89, "percent_covered": 18.69158878504673, "percent_covered_display": "18.69", "missing_lines": 69, "excluded_lines": 0, "num_branches": 18, "num_partial_branches": 0, "covered_branches": 0, "missing_branches": 18}, "missing_lines": [29, 30, 32, 33, 45, 46, 48, 50, 52, 54, 56, 59, 77, 78, 80, 90, 92, 93, 95, 96, 97, 99, 100, 113, 114, 115, 118, 119, 120, 121, 123, 125, 127, 129, 132, 133, 135, 137, 138, 139, 152, 153, 154, 157, 158, 159, 160, 162, 164, 166, 168, 171, 172, 174, 176, 177, 178, 197, 198, 200, 203, 209, 212, 215, 218, 221, 223, 224, 228], "excluded_lines": [], "executed_branches": [], "missing_branches": [[29, 30], [29, 32], [45, 46], [45, 48], [77, 78], [77, 80], [92, 93], [92, 99], [114, 115], [114, 118], [118, 119], [118, 123], [153, 154], [153, 157], [157, 158], [157, 162], [197, 198], [197, 200]]}}}, "src\\meld_visualizer\\callbacks\\data_callbacks.py": {"executed_lines": [1, 6, 7, 8, 9, 11, 12, 14, 17, 20, 29, 82, 87, 93, 101], "summary": {"covered_lines": 14, "num_statements": 51, "percent_covered": 20.28985507246377, "percent_covered_display": "20.29", "missing_lines": 37, "excluded_lines": 0, "num_branches": 18, "num_partial_branches": 0, "covered_branches": 0, "missing_branches": 18}, "missing_lines": [34, 35, 38, 39, 41, 42, 45, 46, 47, 50, 51, 54, 59, 62, 63, 64, 66, 67, 68, 69, 70, 76, 78, 80, 89, 90, 91, 105, 106, 109, 112, 113, 115, 116, 119, 121, 123], "excluded_lines": [], "executed_branches": [], "missing_branches": [[34, 35], [34, 38], [41, 42], [41, 45], [46, 47], [46, 50], [66, 67], [66, 76], [67, 66], [67, 68], [69, 66], [69, 70], [89, 90], [89, 91], [105, 106], [105, 109], [115, 116], [115, 119]], "functions": {"register_data_callbacks": {"executed_lines": [20, 29, 82, 87, 93, 101], "summary": {"covered_lines": 6, "num_statements": 6, "percent_covered": 100.0, "percent_covered_display": "100.00", "missing_lines": 0, "excluded_lines": 0, "num_branches": 0, "num_partial_branches": 0, "covered_branches": 0, "missing_branches": 0}, "missing_lines": [], "excluded_lines": [], "executed_branches": [], "missing_branches": []}, "register_data_callbacks.update_data_and_configs": {"executed_lines": [], "summary": {"covered_lines": 0, "num_statements": 24, "percent_covered": 0.0, "percent_covered_display": "0.00", "missing_lines": 24, "excluded_lines": 0, "num_branches": 12, "num_partial_branches": 0, "covered_branches": 0, "missing_branches": 12}, "missing_lines": [34, 35, 38, 39, 41, 42, 45, 46, 47, 50, 51, 54, 59, 62, 63, 64, 66, 67, 68, 69, 70, 76, 78, 80], "excluded_lines": [], "executed_branches": [], "missing_branches": [[34, 35], [34, 38], [41, 42], [41, 45], [46, 47], [46, 50], [66, 67], [66, 76], [67, 66], [67, 68], [69, 66], [69, 70]]}, "register_data_callbacks.display_config_warnings": {"executed_lines": [], "summary": {"covered_lines": 0, "num_statements": 3, "percent_covered": 0.0, "percent_covered_display": "0.00", "missing_lines": 3, "excluded_lines": 0, "num_branches": 2, "num_partial_branches": 0, "covered_branches": 0, "missing_branches": 2}, "missing_lines": [89, 90, 91], "excluded_lines": [], "executed_branches": [], "missing_branches": [[89, 90], [89, 91]]}, "register_data_callbacks.handle_gcode_upload": {"executed_lines": [], "summary": {"covered_lines": 0, "num_statements": 10, "percent_covered": 0.0, "percent_covered_display": "0.00", "missing_lines": 10, "excluded_lines": 0, "num_branches": 4, "num_partial_branches": 0, "covered_branches": 0, "missing_branches": 4}, "missing_lines": [105, 106, 109, 112, 113, 115, 116, 119, 121, 123], "excluded_lines": [], "executed_branches": [], "missing_branches": [[105, 106], [105, 109], [115, 116], [115, 119]]}, "": {"executed_lines": [1, 6, 7, 8, 9, 11, 12, 14, 17], "summary": {"covered_lines": 8, "num_statements": 8, "percent_covered": 100.0, "percent_covered_display": "100.00", "missing_lines": 0, "excluded_lines": 0, "num_branches": 0, "num_partial_branches": 0, "covered_branches": 0, "missing_branches": 0}, "missing_lines": [], "excluded_lines": [], "executed_branches": [], "missing_branches": []}}, "classes": {"": {"executed_lines": [1, 6, 7, 8, 9, 11, 12, 14, 17, 20, 29, 82, 87, 93, 101], "summary": {"covered_lines": 14, "num_statements": 51, "percent_covered": 20.28985507246377, "percent_covered_display": "20.29", "missing_lines": 37, "excluded_lines": 0, "num_branches": 18, "num_partial_branches": 0, "covered_branches": 0, "missing_branches": 18}, "missing_lines": [34, 35, 38, 39, 41, 42, 45, 46, 47, 50, 51, 54, 59, 62, 63, 64, 66, 67, 68, 69, 70, 76, 78, 80, 89, 90, 91, 105, 106, 109, 112, 113, 115, 116, 119, 121, 123], "excluded_lines": [], "executed_branches": [], "missing_branches": [[34, 35], [34, 38], [41, 42], [41, 45], [46, 47], [46, 50], [66, 67], [66, 76], [67, 66], [67, 68], [69, 66], [69, 70], [89, 90], [89, 91], [105, 106], [105, 109], [115, 116], [115, 119]]}}}, "src\\meld_visualizer\\callbacks\\enhanced_ui_callbacks.py": {"executed_lines": [], "summary": {"covered_lines": 0, "num_statements": 134, "percent_covered": 0.0, "percent_covered_display": "0.00", "missing_lines": 134, "excluded_lines": 0, "num_branches": 30, "num_partial_branches": 0, "covered_branches": 0, "missing_branches": 30}, "missing_lines": [6, 7, 8, 9, 11, 12, 13, 15, 16, 22, 25, 28, 29, 30, 31, 32, 35, 39, 82, 86, 88, 91, 92, 93, 94, 97, 101, 123, 129, 131, 132, 133, 134, 135, 136, 137, 140, 146, 148, 150, 151, 152, 153, 154, 155, 158, 162, 183, 192, 194, 195, 196, 199, 200, 206, 207, 210, 211, 217, 218, 220, 222, 223, 224, 227, 236, 238, 239, 240, 242, 244, 246, 252, 253, 255, 257, 258, 259, 262, 270, 272, 273, 274, 276, 277, 283, 284, 286, 288, 289, 290, 293, 297, 321, 325, 358, 364, 366, 367, 368, 370, 371, 373, 375, 376, 377, 379, 387, 389, 390, 391, 394, 398, 412, 416, 443, 446, 453, 455, 456, 457, 460, 462, 463, 464, 467, 468, 470, 471, 472, 474, 476, 477, 478], "excluded_lines": [], "executed_branches": [], "missing_branches": [[132, 133], [132, 134], [150, 151], [150, 152], [195, 196], [195, 199], [199, 200], [199, 210], [210, 211], [210, 220], [239, 240], [239, 242], [242, 244], [242, 255], [273, 274], [273, 276], [276, 277], [276, 286], [367, 368], [367, 370], [370, 371], [370, 373], [456, 457], [456, 460], [462, 463], [462, 470], [467, 468], [467, 470], [470, 471], [470, 474]], "functions": {"register_enhanced_ui_callbacks": {"executed_lines": [], "summary": {"covered_lines": 0, "num_statements": 5, "percent_covered": 0.0, "percent_covered_display": "0.00", "missing_lines": 5, "excluded_lines": 0, "num_branches": 0, "num_partial_branches": 0, "covered_branches": 0, "missing_branches": 0}, "missing_lines": [28, 29, 30, 31, 32], "excluded_lines": [], "executed_branches": [], "missing_branches": []}, "register_tab_navigation_callbacks": {"executed_lines": [], "summary": {"covered_lines": 0, "num_statements": 3, "percent_covered": 0.0, "percent_covered_display": "0.00", "missing_lines": 3, "excluded_lines": 0, "num_branches": 0, "num_partial_branches": 0, "covered_branches": 0, "missing_branches": 0}, "missing_lines": [39, 82, 86], "excluded_lines": [], "executed_branches": [], "missing_branches": []}, "register_tab_navigation_callbacks.update_tab_content": {"executed_lines": [], "summary": {"covered_lines": 0, "num_statements": 5, "percent_covered": 0.0, "percent_covered_display": "0.00", "missing_lines": 5, "excluded_lines": 0, "num_branches": 0, "num_partial_branches": 0, "covered_branches": 0, "missing_branches": 0}, "missing_lines": [88, 91, 92, 93, 94], "excluded_lines": [], "executed_branches": [], "missing_branches": []}, "register_loading_state_callbacks": {"executed_lines": [], "summary": {"covered_lines": 0, "num_statements": 5, "percent_covered": 0.0, "percent_covered_display": "0.00", "missing_lines": 5, "excluded_lines": 0, "num_branches": 0, "num_partial_branches": 0, "covered_branches": 0, "missing_branches": 0}, "missing_lines": [101, 123, 129, 140, 146], "excluded_lines": [], "executed_branches": [], "missing_branches": []}, "register_loading_state_callbacks.show_loading_on_upload": {"executed_lines": [], "summary": {"covered_lines": 0, "num_statements": 7, "percent_covered": 0.0, "percent_covered_display": "0.00", "missing_lines": 7, "excluded_lines": 0, "num_branches": 2, "num_partial_branches": 0, "covered_branches": 0, "missing_branches": 2}, "missing_lines": [131, 132, 133, 134, 135, 136, 137], "excluded_lines": [], "executed_branches": [], "missing_branches": [[132, 133], [132, 134]]}, "register_loading_state_callbacks.hide_loading_after_processing": {"executed_lines": [], "summary": {"covered_lines": 0, "num_statements": 7, "percent_covered": 0.0, "percent_covered_display": "0.00", "missing_lines": 7, "excluded_lines": 0, "num_branches": 2, "num_partial_branches": 0, "covered_branches": 0, "missing_branches": 2}, "missing_lines": [148, 150, 151, 152, 153, 154, 155], "excluded_lines": [], "executed_branches": [], "missing_branches": [[150, 151], [150, 152]]}, "register_toast_notification_callbacks": {"executed_lines": [], "summary": {"covered_lines": 0, "num_statements": 7, "percent_covered": 0.0, "percent_covered_display": "0.00", "missing_lines": 7, "excluded_lines": 0, "num_branches": 0, "num_partial_branches": 0, "covered_branches": 0, "missing_branches": 0}, "missing_lines": [162, 183, 192, 227, 236, 262, 270], "excluded_lines": [], "executed_branches": [], "missing_branches": []}, "register_toast_notification_callbacks.show_upload_success_toast": {"executed_lines": [], "summary": {"covered_lines": 0, "num_statements": 15, "percent_covered": 0.0, "percent_covered_display": "0.00", "missing_lines": 15, "excluded_lines": 0, "num_branches": 6, "num_partial_branches": 0, "covered_branches": 0, "missing_branches": 6}, "missing_lines": [194, 195, 196, 199, 200, 206, 207, 210, 211, 217, 218, 220, 222, 223, 224], "excluded_lines": [], "executed_branches": [], "missing_branches": [[195, 196], [195, 199], [199, 200], [199, 210], [210, 211], [210, 220]]}, "register_toast_notification_callbacks.show_warning_toast": {"executed_lines": [], "summary": {"covered_lines": 0, "num_statements": 12, "percent_covered": 0.0, "percent_covered_display": "0.00", "missing_lines": 12, "excluded_lines": 0, "num_branches": 4, "num_partial_branches": 0, "covered_branches": 0, "missing_branches": 4}, "missing_lines": [238, 239, 240, 242, 244, 246, 252, 253, 255, 257, 258, 259], "excluded_lines": [], "executed_branches": [], "missing_branches": [[239, 240], [239, 242], [242, 244], [242, 255]]}, "register_toast_notification_callbacks.show_config_save_toast": {"executed_lines": [], "summary": {"covered_lines": 0, "num_statements": 11, "percent_covered": 0.0, "percent_covered_display": "0.00", "missing_lines": 11, "excluded_lines": 0, "num_branches": 4, "num_partial_branches": 0, "covered_branches": 0, "missing_branches": 4}, "missing_lines": [272, 273, 274, 276, 277, 283, 284, 286, 288, 289, 290], "excluded_lines": [], "executed_branches": [], "missing_branches": [[273, 274], [273, 276], [276, 277], [276, 286]]}, "register_progress_indicator_callbacks": {"executed_lines": [], "summary": {"covered_lines": 0, "num_statements": 1, "percent_covered": 0.0, "percent_covered_display": "0.00", "missing_lines": 1, "excluded_lines": 0, "num_branches": 0, "num_partial_branches": 0, "covered_branches": 0, "missing_branches": 0}, "missing_lines": [297], "excluded_lines": [], "executed_branches": [], "missing_branches": []}, "register_control_panel_callbacks": {"executed_lines": [], "summary": {"covered_lines": 0, "num_statements": 3, "percent_covered": 0.0, "percent_covered_display": "0.00", "missing_lines": 3, "excluded_lines": 0, "num_branches": 0, "num_partial_branches": 0, "covered_branches": 0, "missing_branches": 0}, "missing_lines": [325, 358, 364], "excluded_lines": [], "executed_branches": [], "missing_branches": []}, "register_control_panel_callbacks.update_responsive_layout": {"executed_lines": [], "summary": {"covered_lines": 0, "num_statements": 14, "percent_covered": 0.0, "percent_covered_display": "0.00", "missing_lines": 14, "excluded_lines": 0, "num_branches": 4, "num_partial_branches": 0, "covered_branches": 0, "missing_branches": 4}, "missing_lines": [366, 367, 368, 370, 371, 373, 375, 376, 377, 379, 387, 389, 390, 391], "excluded_lines": [], "executed_branches": [], "missing_branches": [[367, 368], [367, 370], [370, 371], [370, 373]]}, "register_keyboard_navigation_callbacks": {"executed_lines": [], "summary": {"covered_lines": 0, "num_statements": 1, "percent_covered": 0.0, "percent_covered_display": "0.00", "missing_lines": 1, "excluded_lines": 0, "num_branches": 0, "num_partial_branches": 0, "covered_branches": 0, "missing_branches": 0}, "missing_lines": [398], "excluded_lines": [], "executed_branches": [], "missing_branches": []}, "register_accessibility_callbacks": {"executed_lines": [], "summary": {"covered_lines": 0, "num_statements": 1, "percent_covered": 0.0, "percent_covered_display": "0.00", "missing_lines": 1, "excluded_lines": 0, "num_branches": 0, "num_partial_branches": 0, "covered_branches": 0, "missing_branches": 0}, "missing_lines": [416], "excluded_lines": [], "executed_branches": [], "missing_branches": []}, "register_performance_callbacks": {"executed_lines": [], "summary": {"covered_lines": 0, "num_statements": 2, "percent_covered": 0.0, "percent_covered_display": "0.00", "missing_lines": 2, "excluded_lines": 0, "num_branches": 0, "num_partial_branches": 0, "covered_branches": 0, "missing_branches": 0}, "missing_lines": [446, 453], "excluded_lines": [], "executed_branches": [], "missing_branches": []}, "register_performance_callbacks.track_data_processing_performance": {"executed_lines": [], "summary": {"covered_lines": 0, "num_statements": 16, "percent_covered": 0.0, "percent_covered_display": "0.00", "missing_lines": 16, "excluded_lines": 0, "num_branches": 8, "num_partial_branches": 0, "covered_branches": 0, "missing_branches": 8}, "missing_lines": [455, 456, 457, 460, 462, 463, 464, 467, 468, 470, 471, 472, 474, 476, 477, 478], "excluded_lines": [], "executed_branches": [], "missing_branches": [[456, 457], [456, 460], [462, 463], [462, 470], [467, 468], [467, 470], [470, 471], [470, 474]]}, "": {"executed_lines": [], "summary": {"covered_lines": 0, "num_statements": 19, "percent_covered": 0.0, "percent_covered_display": "0.00", "missing_lines": 19, "excluded_lines": 0, "num_branches": 0, "num_partial_branches": 0, "covered_branches": 0, "missing_branches": 0}, "missing_lines": [6, 7, 8, 9, 11, 12, 13, 15, 16, 22, 25, 35, 97, 158, 293, 321, 394, 412, 443], "excluded_lines": [], "executed_branches": [], "missing_branches": []}}, "classes": {"": {"executed_lines": [], "summary": {"covered_lines": 0, "num_statements": 134, "percent_covered": 0.0, "percent_covered_display": "0.00", "missing_lines": 134, "excluded_lines": 0, "num_branches": 30, "num_partial_branches": 0, "covered_branches": 0, "missing_branches": 30}, "missing_lines": [6, 7, 8, 9, 11, 12, 13, 15, 16, 22, 25, 28, 29, 30, 31, 32, 35, 39, 82, 86, 88, 91, 92, 93, 94, 97, 101, 123, 129, 131, 132, 133, 134, 135, 136, 137, 140, 146, 148, 150, 151, 152, 153, 154, 155, 158, 162, 183, 192, 194, 195, 196, 199, 200, 206, 207, 210, 211, 217, 218, 220, 222, 223, 224, 227, 236, 238, 239, 240, 242, 244, 246, 252, 253, 255, 257, 258, 259, 262, 270, 272, 273, 274, 276, 277, 283, 284, 286, 288, 289, 290, 293, 297, 321, 325, 358, 364, 366, 367, 368, 370, 371, 373, 375, 376, 377, 379, 387, 389, 390, 391, 394, 398, 412, 416, 443, 446, 453, 455, 456, 457, 460, 462, 463, 464, 467, 468, 470, 471, 472, 474, 476, 477, 478], "excluded_lines": [], "executed_branches": [], "missing_branches": [[132, 133], [132, 134], [150, 151], [150, 152], [195, 196], [195, 199], [199, 200], [199, 210], [210, 211], [210, 220], [239, 240], [239, 242], [242, 244], [242, 255], [273, 274], [273, 276], [276, 277], [276, 286], [367, 368], [367, 370], [370, 371], [370, 373], [456, 457], [456, 460], [462, 463], [462, 470], [467, 468], [467, 470], [470, 471], [470, 474]]}}}, "src\\meld_visualizer\\callbacks\\filter_callbacks.py": {"executed_lines": [1, 6, 7, 8, 10, 12, 15, 18, 34, 142, 148, 168, 176], "summary": {"covered_lines": 12, "num_statements": 86, "percent_covered": 9.836065573770492, "percent_covered_display": "9.84", "missing_lines": 74, "excluded_lines": 0, "num_branches": 36, "num_partial_branches": 0, "covered_branches": 0, "missing_branches": 36}, "missing_lines": [40, 41, 42, 45, 48, 49, 52, 53, 54, 55, 56, 57, 59, 61, 62, 65, 68, 69, 72, 75, 79, 80, 82, 85, 87, 88, 89, 90, 92, 95, 96, 98, 100, 103, 105, 107, 110, 112, 114, 118, 120, 125, 126, 128, 129, 131, 132, 134, 136, 138, 139, 140, 150, 151, 152, 154, 157, 158, 160, 162, 164, 165, 166, 178, 179, 180, 183, 184, 187, 188, 190, 192, 193, 194], "excluded_lines": [], "executed_branches": [], "missing_branches": [[41, 42], [41, 45], [52, 53], [52, 54], [54, 55], [54, 56], [56, 57], [56, 59], [61, 62], [61, 65], [79, 80], [79, 82], [85, 87], [85, 92], [92, 95], [92, 98], [95, 96], [95, 125], [98, 100], [98, 105], [105, 107], [105, 112], [112, 114], [112, 118], [118, 120], [118, 125], [125, 126], [125, 128], [131, 132], [131, 134], [151, 152], [151, 154], [179, 180], [179, 183], [187, 188], [187, 190]], "functions": {"register_filter_callbacks": {"executed_lines": [18, 34, 142, 148, 168, 176], "summary": {"covered_lines": 6, "num_statements": 6, "percent_covered": 100.0, "percent_covered_display": "100.00", "missing_lines": 0, "excluded_lines": 0, "num_branches": 0, "num_partial_branches": 0, "covered_branches": 0, "missing_branches": 0}, "missing_lines": [], "excluded_lines": [], "executed_branches": [], "missing_branches": []}, "register_filter_callbacks.sync_filter_controls": {"executed_lines": [], "summary": {"covered_lines": 0, "num_statements": 52, "percent_covered": 0.0, "percent_covered_display": "0.00", "missing_lines": 52, "excluded_lines": 0, "num_branches": 30, "num_partial_branches": 0, "covered_branches": 0, "missing_branches": 30}, "missing_lines": [40, 41, 42, 45, 48, 49, 52, 53, 54, 55, 56, 57, 59, 61, 62, 65, 68, 69, 72, 75, 79, 80, 82, 85, 87, 88, 89, 90, 92, 95, 96, 98, 100, 103, 105, 107, 110, 112, 114, 118, 120, 125, 126, 128, 129, 131, 132, 134, 136, 138, 139, 140], "excluded_lines": [], "executed_branches": [], "missing_branches": [[41, 42], [41, 45], [52, 53], [52, 54], [54, 55], [54, 56], [56, 57], [56, 59], [61, 62], [61, 65], [79, 80], [79, 82], [85, 87], [85, 92], [92, 95], [92, 98], [95, 96], [95, 125], [98, 100], [98, 105], [105, 107], [105, 112], [112, 114], [112, 118], [118, 120], [118, 125], [125, 126], [125, 128], [131, 132], [131, 134]]}, "register_filter_callbacks.update_bounds_from_slider": {"executed_lines": [], "summary": {"covered_lines": 0, "num_statements": 11, "percent_covered": 0.0, "percent_covered_display": "0.00", "missing_lines": 11, "excluded_lines": 0, "num_branches": 2, "num_partial_branches": 0, "covered_branches": 0, "missing_branches": 2}, "missing_lines": [150, 151, 152, 154, 157, 158, 160, 162, 164, 165, 166], "excluded_lines": [], "executed_branches": [], "missing_branches": [[151, 152], [151, 154]]}, "register_filter_callbacks.update_slider_from_bounds": {"executed_lines": [], "summary": {"covered_lines": 0, "num_statements": 11, "percent_covered": 0.0, "percent_covered_display": "0.00", "missing_lines": 11, "excluded_lines": 0, "num_branches": 4, "num_partial_branches": 0, "covered_branches": 0, "missing_branches": 4}, "missing_lines": [178, 179, 180, 183, 184, 187, 188, 190, 192, 193, 194], "excluded_lines": [], "executed_branches": [], "missing_branches": [[179, 180], [179, 183], [187, 188], [187, 190]]}, "": {"executed_lines": [1, 6, 7, 8, 10, 12, 15], "summary": {"covered_lines": 6, "num_statements": 6, "percent_covered": 100.0, "percent_covered_display": "100.00", "missing_lines": 0, "excluded_lines": 0, "num_branches": 0, "num_partial_branches": 0, "covered_branches": 0, "missing_branches": 0}, "missing_lines": [], "excluded_lines": [], "executed_branches": [], "missing_branches": []}}, "classes": {"": {"executed_lines": [1, 6, 7, 8, 10, 12, 15, 18, 34, 142, 148, 168, 176], "summary": {"covered_lines": 12, "num_statements": 86, "percent_covered": 9.836065573770492, "percent_covered_display": "9.84", "missing_lines": 74, "excluded_lines": 0, "num_branches": 36, "num_partial_branches": 0, "covered_branches": 0, "missing_branches": 36}, "missing_lines": [40, 41, 42, 45, 48, 49, 52, 53, 54, 55, 56, 57, 59, 61, 62, 65, 68, 69, 72, 75, 79, 80, 82, 85, 87, 88, 89, 90, 92, 95, 96, 98, 100, 103, 105, 107, 110, 112, 114, 118, 120, 125, 126, 128, 129, 131, 132, 134, 136, 138, 139, 140, 150, 151, 152, 154, 157, 158, 160, 162, 164, 165, 166, 178, 179, 180, 183, 184, 187, 188, 190, 192, 193, 194], "excluded_lines": [], "executed_branches": [], "missing_branches": [[41, 42], [41, 45], [52, 53], [52, 54], [54, 55], [54, 56], [56, 57], [56, 59], [61, 62], [61, 65], [79, 80], [79, 82], [85, 87], [85, 92], [92, 95], [92, 98], [95, 96], [95, 125], [98, 100], [98, 105], [105, 107], [105, 112], [112, 114], [112, 118], [118, 120], [118, 125], [125, 126], [125, 128], [131, 132], [131, 134], [151, 152], [151, 154], [179, 180], [179, 183], [187, 188], [187, 190]]}}}, "src\\meld_visualizer\\callbacks\\graph_callbacks.py": {"executed_lines": [1, 6, 7, 8, 9, 10, 11, 12, 14, 15, 22, 24, 27, 29, 30, 42, 45, 48, 50, 58, 99, 107, 148, 156, 189, 200], "summary": {"covered_lines": 25, "num_statements": 98, "percent_covered": 19.23076923076923, "percent_covered_display": "19.23", "missing_lines": 73, "excluded_lines": 0, "num_branches": 32, "num_partial_branches": 0, "covered_branches": 0, "missing_branches": 32}, "missing_lines": [60, 61, 62, 64, 65, 67, 69, 70, 73, 74, 76, 77, 79, 84, 94, 95, 96, 97, 109, 110, 111, 113, 114, 116, 118, 119, 122, 123, 125, 126, 128, 133, 143, 144, 145, 146, 158, 159, 160, 162, 163, 165, 166, 168, 169, 172, 173, 175, 176, 178, 184, 185, 186, 187, 203, 204, 205, 207, 208, 210, 212, 213, 214, 217, 218, 220, 221, 223, 228, 238, 239, 240, 241], "excluded_lines": [], "executed_branches": [], "missing_branches": [[61, 62], [61, 64], [64, 65], [64, 67], [69, 70], [69, 73], [76, 77], [76, 79], [110, 111], [110, 113], [113, 114], [113, 116], [118, 119], [118, 122], [125, 126], [125, 128], [159, 160], [159, 162], [162, 163], [162, 165], [168, 169], [168, 172], [175, 176], [175, 178], [204, 205], [204, 207], [207, 208], [207, 210], [213, 214], [213, 217], [220, 221], [220, 223]], "functions": {"create_empty_figure": {"executed_lines": [29, 30, 42], "summary": {"covered_lines": 3, "num_statements": 3, "percent_covered": 100.0, "percent_covered_display": "100.00", "missing_lines": 0, "excluded_lines": 0, "num_branches": 0, "num_partial_branches": 0, "covered_branches": 0, "missing_branches": 0}, "missing_lines": [], "excluded_lines": [], "executed_branches": [], "missing_branches": []}, "register_graph_callbacks": {"executed_lines": [48, 50, 58, 99, 107, 148, 156, 189, 200], "summary": {"covered_lines": 9, "num_statements": 9, "percent_covered": 100.0, "percent_covered_display": "100.00", "missing_lines": 0, "excluded_lines": 0, "num_branches": 0, "num_partial_branches": 0, "covered_branches": 0, "missing_branches": 0}, "missing_lines": [], "excluded_lines": [], "executed_branches": [], "missing_branches": []}, "register_graph_callbacks.update_graph_1": {"executed_lines": [], "summary": {"covered_lines": 0, "num_statements": 18, "percent_covered": 0.0, "percent_covered_display": "0.00", "missing_lines": 18, "excluded_lines": 0, "num_branches": 8, "num_partial_branches": 0, "covered_branches": 0, "missing_branches": 8}, "missing_lines": [60, 61, 62, 64, 65, 67, 69, 70, 73, 74, 76, 77, 79, 84, 94, 95, 96, 97], "excluded_lines": [], "executed_branches": [], "missing_branches": [[61, 62], [61, 64], [64, 65], [64, 67], [69, 70], [69, 73], [76, 77], [76, 79]]}, "register_graph_callbacks.update_graph_2": {"executed_lines": [], "summary": {"covered_lines": 0, "num_statements": 18, "percent_covered": 0.0, "percent_covered_display": "0.00", "missing_lines": 18, "excluded_lines": 0, "num_branches": 8, "num_partial_branches": 0, "covered_branches": 0, "missing_branches": 8}, "missing_lines": [109, 110, 111, 113, 114, 116, 118, 119, 122, 123, 125, 126, 128, 133, 143, 144, 145, 146], "excluded_lines": [], "executed_branches": [], "missing_branches": [[110, 111], [110, 113], [113, 114], [113, 116], [118, 119], [118, 122], [125, 126], [125, 128]]}, "register_graph_callbacks.update_2d_scatter": {"executed_lines": [], "summary": {"covered_lines": 0, "num_statements": 18, "percent_covered": 0.0, "percent_covered_display": "0.00", "missing_lines": 18, "excluded_lines": 0, "num_branches": 8, "num_partial_branches": 0, "covered_branches": 0, "missing_branches": 8}, "missing_lines": [158, 159, 160, 162, 163, 165, 166, 168, 169, 172, 173, 175, 176, 178, 184, 185, 186, 187], "excluded_lines": [], "executed_branches": [], "missing_branches": [[159, 160], [159, 162], [162, 163], [162, 165], [168, 169], [168, 172], [175, 176], [175, 178]]}, "register_graph_callbacks.update_custom_graph": {"executed_lines": [], "summary": {"covered_lines": 0, "num_statements": 19, "percent_covered": 0.0, "percent_covered_display": "0.00", "missing_lines": 19, "excluded_lines": 0, "num_branches": 8, "num_partial_branches": 0, "covered_branches": 0, "missing_branches": 8}, "missing_lines": [203, 204, 205, 207, 208, 210, 212, 213, 214, 217, 218, 220, 221, 223, 228, 238, 239, 240, 241], "excluded_lines": [], "executed_branches": [], "missing_branches": [[204, 205], [204, 207], [207, 208], [207, 210], [213, 214], [213, 217], [220, 221], [220, 223]]}, "": {"executed_lines": [1, 6, 7, 8, 9, 10, 11, 12, 14, 15, 22, 24, 27, 45], "summary": {"covered_lines": 13, "num_statements": 13, "percent_covered": 100.0, "percent_covered_display": "100.00", "missing_lines": 0, "excluded_lines": 0, "num_branches": 0, "num_partial_branches": 0, "covered_branches": 0, "missing_branches": 0}, "missing_lines": [], "excluded_lines": [], "executed_branches": [], "missing_branches": []}}, "classes": {"": {"executed_lines": [1, 6, 7, 8, 9, 10, 11, 12, 14, 15, 22, 24, 27, 29, 30, 42, 45, 48, 50, 58, 99, 107, 148, 156, 189, 200], "summary": {"covered_lines": 25, "num_statements": 98, "percent_covered": 19.23076923076923, "percent_covered_display": "19.23", "missing_lines": 73, "excluded_lines": 0, "num_branches": 32, "num_partial_branches": 0, "covered_branches": 0, "missing_branches": 32}, "missing_lines": [60, 61, 62, 64, 65, 67, 69, 70, 73, 74, 76, 77, 79, 84, 94, 95, 96, 97, 109, 110, 111, 113, 114, 116, 118, 119, 122, 123, 125, 126, 128, 133, 143, 144, 145, 146, 158, 159, 160, 162, 163, 165, 166, 168, 169, 172, 173, 175, 176, 178, 184, 185, 186, 187, 203, 204, 205, 207, 208, 210, 212, 213, 214, 217, 218, 220, 221, 223, 228, 238, 239, 240, 241], "excluded_lines": [], "executed_branches": [], "missing_branches": [[61, 62], [61, 64], [64, 65], [64, 67], [69, 70], [69, 73], [76, 77], [76, 79], [110, 111], [110, 113], [113, 114], [113, 116], [118, 119], [118, 122], [125, 126], [125, 128], [159, 160], [159, 162], [162, 163], [162, 165], [168, 169], [168, 172], [175, 176], [175, 178], [204, 205], [204, 207], [207, 208], [207, 210], [213, 214], [213, 217], [220, 221], [220, 223]]}}}, "src\\meld_visualizer\\callbacks\\visualization_callbacks.py": {"executed_lines": [1, 6, 7, 8, 9, 10, 11, 13, 14, 15, 21, 23, 26, 29, 31, 38, 84, 91, 99, 109, 167, 175, 263, 271], "summary": {"covered_lines": 23, "num_statements": 86, "percent_covered": 19.82758620689655, "percent_covered_display": "19.83", "missing_lines": 63, "excluded_lines": 0, "num_branches": 30, "num_partial_branches": 0, "covered_branches": 0, "missing_branches": 30}, "missing_lines": [40, 41, 43, 44, 46, 47, 50, 51, 53, 54, 56, 65, 82, 93, 94, 96, 97, 111, 112, 114, 115, 117, 118, 121, 123, 124, 127, 128, 130, 131, 133, 148, 165, 177, 178, 180, 181, 183, 184, 187, 188, 190, 191, 193, 194, 203, 220, 222, 223, 224, 226, 227, 229, 242, 259, 261, 273, 274, 276, 278, 279, 281, 283], "excluded_lines": [], "executed_branches": [], "missing_branches": [[40, 41], [40, 43], [46, 47], [46, 50], [50, 51], [50, 53], [93, 94], [93, 96], [111, 112], [111, 114], [117, 118], [117, 121], [123, 124], [123, 127], [127, 128], [127, 130], [177, 178], [177, 180], [183, 184], [183, 187], [187, 188], [187, 190], [193, 194], [193, 222], [222, 223], [222, 261], [226, 227], [226, 229], [273, 274], [273, 276]], "functions": {"register_visualization_callbacks": {"executed_lines": [29, 31, 38, 84, 91, 99, 109, 167, 175, 263, 271], "summary": {"covered_lines": 11, "num_statements": 11, "percent_covered": 100.0, "percent_covered_display": "100.00", "missing_lines": 0, "excluded_lines": 0, "num_branches": 0, "num_partial_branches": 0, "covered_branches": 0, "missing_branches": 0}, "missing_lines": [], "excluded_lines": [], "executed_branches": [], "missing_branches": []}, "register_visualization_callbacks.update_line_plot": {"executed_lines": [], "summary": {"covered_lines": 0, "num_statements": 13, "percent_covered": 0.0, "percent_covered_display": "0.00", "missing_lines": 13, "excluded_lines": 0, "num_branches": 6, "num_partial_branches": 0, "covered_branches": 0, "missing_branches": 6}, "missing_lines": [40, 41, 43, 44, 46, 47, 50, 51, 53, 54, 56, 65, 82], "excluded_lines": [], "executed_branches": [], "missing_branches": [[40, 41], [40, 43], [46, 47], [46, 50], [50, 51], [50, 53]]}, "register_visualization_callbacks.update_color_range_for_mesh_plot": {"executed_lines": [], "summary": {"covered_lines": 0, "num_statements": 4, "percent_covered": 0.0, "percent_covered_display": "0.00", "missing_lines": 4, "excluded_lines": 0, "num_branches": 2, "num_partial_branches": 0, "covered_branches": 0, "missing_branches": 2}, "missing_lines": [93, 94, 96, 97], "excluded_lines": [], "executed_branches": [], "missing_branches": [[93, 94], [93, 96]]}, "register_visualization_callbacks.update_mesh_plot": {"executed_lines": [], "summary": {"covered_lines": 0, "num_statements": 16, "percent_covered": 0.0, "percent_covered_display": "0.00", "missing_lines": 16, "excluded_lines": 0, "num_branches": 8, "num_partial_branches": 0, "covered_branches": 0, "missing_branches": 8}, "missing_lines": [111, 112, 114, 115, 117, 118, 121, 123, 124, 127, 128, 130, 131, 133, 148, 165], "excluded_lines": [], "executed_branches": [], "missing_branches": [[111, 112], [111, 114], [117, 118], [117, 121], [123, 124], [123, 127], [127, 128], [127, 130]]}, "register_visualization_callbacks.update_gcode_visualization": {"executed_lines": [], "summary": {"covered_lines": 0, "num_statements": 23, "percent_covered": 0.0, "percent_covered_display": "0.00", "missing_lines": 23, "excluded_lines": 0, "num_branches": 12, "num_partial_branches": 0, "covered_branches": 0, "missing_branches": 12}, "missing_lines": [177, 178, 180, 181, 183, 184, 187, 188, 190, 191, 193, 194, 203, 220, 222, 223, 224, 226, 227, 229, 242, 259, 261], "excluded_lines": [], "executed_branches": [], "missing_branches": [[177, 178], [177, 180], [183, 184], [183, 187], [187, 188], [187, 190], [193, 194], [193, 222], [222, 223], [222, 261], [226, 227], [226, 229]]}, "register_visualization_callbacks.update_data_table": {"executed_lines": [], "summary": {"covered_lines": 0, "num_statements": 7, "percent_covered": 0.0, "percent_covered_display": "0.00", "missing_lines": 7, "excluded_lines": 0, "num_branches": 2, "num_partial_branches": 0, "covered_branches": 0, "missing_branches": 2}, "missing_lines": [273, 274, 276, 278, 279, 281, 283], "excluded_lines": [], "executed_branches": [], "missing_branches": [[273, 274], [273, 276]]}, "": {"executed_lines": [1, 6, 7, 8, 9, 10, 11, 13, 14, 15, 21, 23, 26], "summary": {"covered_lines": 12, "num_statements": 12, "percent_covered": 100.0, "percent_covered_display": "100.00", "missing_lines": 0, "excluded_lines": 0, "num_branches": 0, "num_partial_branches": 0, "covered_branches": 0, "missing_branches": 0}, "missing_lines": [], "excluded_lines": [], "executed_branches": [], "missing_branches": []}}, "classes": {"": {"executed_lines": [1, 6, 7, 8, 9, 10, 11, 13, 14, 15, 21, 23, 26, 29, 31, 38, 84, 91, 99, 109, 167, 175, 263, 271], "summary": {"covered_lines": 23, "num_statements": 86, "percent_covered": 19.82758620689655, "percent_covered_display": "19.83", "missing_lines": 63, "excluded_lines": 0, "num_branches": 30, "num_partial_branches": 0, "covered_branches": 0, "missing_branches": 30}, "missing_lines": [40, 41, 43, 44, 46, 47, 50, 51, 53, 54, 56, 65, 82, 93, 94, 96, 97, 111, 112, 114, 115, 117, 118, 121, 123, 124, 127, 128, 130, 131, 133, 148, 165, 177, 178, 180, 181, 183, 184, 187, 188, 190, 191, 193, 194, 203, 220, 222, 223, 224, 226, 227, 229, 242, 259, 261, 273, 274, 276, 278, 279, 281, 283], "excluded_lines": [], "executed_branches": [], "missing_branches": [[40, 41], [40, 43], [46, 47], [46, 50], [50, 51], [50, 53], [93, 94], [93, 96], [111, 112], [111, 114], [117, 118], [117, 121], [123, 124], [123, 127], [127, 128], [127, 130], [177, 178], [177, 180], [183, 184], [183, 187], [187, 188], [187, 190], [193, 194], [193, 222], [222, 223], [222, 261], [226, 227], [226, 229], [273, 274], [273, 276]]}}}, "src\\meld_visualizer\\config.py": {"executed_lines": [3, 4, 7, 23, 28, 35, 40, 46, 47, 50, 51, 52, 54, 57, 61, 64, 69, 70, 73, 76, 79, 91, 94, 95, 104, 107, 108, 110, 112, 121, 131, 143, 144, 148], "summary": {"covered_lines": 34, "num_statements": 44, "percent_covered": 70.6896551724138, "percent_covered_display": "70.69", "missing_lines": 10, "excluded_lines": 0, "num_branches": 14, "num_partial_branches": 3, "covered_branches": 7, "missing_branches": 7}, "missing_lines": [58, 62, 63, 65, 66, 96, 97, 98, 99, 101], "excluded_lines": [], "executed_branches": [[57, 61], [61, 64], [94, 95], [107, 108], [107, 110], [143, 144], [143, 148]], "missing_branches": [[57, 58], [61, 62], [94, 96], [96, 97], [96, 98], [98, 99], [98, 101]], "functions": {"load_config": {"executed_lines": [40, 46, 47, 50, 51, 52, 54, 57, 61, 64], "summary": {"covered_lines": 10, "num_statements": 15, "percent_covered": 63.1578947368421, "percent_covered_display": "63.16", "missing_lines": 5, "excluded_lines": 0, "num_branches": 4, "num_partial_branches": 2, "covered_branches": 2, "missing_branches": 2}, "missing_lines": [58, 62, 63, 65, 66], "excluded_lines": [], "executed_branches": [[57, 61], [61, 64]], "missing_branches": [[57, 58], [61, 62]]}, "get_responsive_plot_style": {"executed_lines": [91, 94, 95, 104, 107, 108, 110, 112], "summary": {"covered_lines": 8, "num_statements": 13, "percent_covered": 52.38095238095238, "percent_covered_display": "52.38", "missing_lines": 5, "excluded_lines": 0, "num_branches": 8, "num_partial_branches": 1, "covered_branches": 3, "missing_branches": 5}, "missing_lines": [96, 97, 98, 99, 101], "excluded_lines": [], "executed_branches": [[94, 95], [107, 108], [107, 110]], "missing_branches": [[94, 96], [96, 97], [96, 98], [98, 99], [98, 101]]}, "get_responsive_plotly_config": {"executed_lines": [131, 143, 144, 148], "summary": {"covered_lines": 4, "num_statements": 4, "percent_covered": 100.0, "percent_covered_display": "100.00", "missing_lines": 0, "excluded_lines": 0, "num_branches": 2, "num_partial_branches": 0, "covered_branches": 2, "missing_branches": 0}, "missing_lines": [], "excluded_lines": [], "executed_branches": [[143, 144], [143, 148]], "missing_branches": []}, "": {"executed_lines": [3, 4, 7, 23, 28, 35, 69, 70, 73, 76, 79, 121], "summary": {"covered_lines": 12, "num_statements": 12, "percent_covered": 100.0, "percent_covered_display": "100.00", "missing_lines": 0, "excluded_lines": 0, "num_branches": 0, "num_partial_branches": 0, "covered_branches": 0, "missing_branches": 0}, "missing_lines": [], "excluded_lines": [], "executed_branches": [], "missing_branches": []}}, "classes": {"": {"executed_lines": [3, 4, 7, 23, 28, 35, 40, 46, 47, 50, 51, 52, 54, 57, 61, 64, 69, 70, 73, 76, 79, 91, 94, 95, 104, 107, 108, 110, 112, 121, 131, 143, 144, 148], "summary": {"covered_lines": 34, "num_statements": 44, "percent_covered": 70.6896551724138, "percent_covered_display": "70.69", "missing_lines": 10, "excluded_lines": 0, "num_branches": 14, "num_partial_branches": 3, "covered_branches": 7, "missing_branches": 7}, "missing_lines": [58, 62, 63, 65, 66, 96, 97, 98, 99, 101], "excluded_lines": [], "executed_branches": [[57, 61], [61, 64], [94, 95], [107, 108], [107, 110], [143, 144], [143, 148]], "missing_branches": [[57, 58], [61, 62], [94, 96], [96, 97], [96, 98], [98, 99], [98, 101]]}}}, "src\\meld_visualizer\\constants.py": {"executed_lines": [1, 7, 8, 11, 12, 13, 14, 17, 18, 21, 24, 25, 26, 27, 30, 31, 32, 33, 34, 35, 39, 40, 41, 44, 47, 59, 62, 63, 64, 65, 66, 69, 70, 71, 72, 73, 76, 77, 78, 79, 80, 81, 82, 85, 86, 87, 88, 89, 92, 96, 124, 134, 135, 136, 137, 140, 141, 144, 145, 148, 149, 150, 151, 154, 155, 156, 157, 158, 159, 162, 163, 164, 165, 166, 169, 170, 171, 172, 173, 176, 177, 178, 185, 186, 187, 190, 191, 192, 193, 194, 195, 198, 199, 200], "summary": {"covered_lines": 93, "num_statements": 93, "percent_covered": 100.0, "percent_covered_display": "100.00", "missing_lines": 0, "excluded_lines": 0, "num_branches": 0, "num_partial_branches": 0, "covered_branches": 0, "missing_branches": 0}, "missing_lines": [], "excluded_lines": [], "executed_branches": [], "missing_branches": [], "functions": {"": {"executed_lines": [1, 7, 8, 11, 12, 13, 14, 17, 18, 21, 24, 25, 26, 27, 30, 31, 32, 33, 34, 35, 39, 40, 41, 44, 47, 59, 62, 63, 64, 65, 66, 69, 70, 71, 72, 73, 76, 77, 78, 79, 80, 81, 82, 85, 86, 87, 88, 89, 92, 96, 124, 134, 135, 136, 137, 140, 141, 144, 145, 148, 149, 150, 151, 154, 155, 156, 157, 158, 159, 162, 163, 164, 165, 166, 169, 170, 171, 172, 173, 176, 177, 178, 185, 186, 187, 190, 191, 192, 193, 194, 195, 198, 199, 200], "summary": {"covered_lines": 93, "num_statements": 93, "percent_covered": 100.0, "percent_covered_display": "100.00", "missing_lines": 0, "excluded_lines": 0, "num_branches": 0, "num_partial_branches": 0, "covered_branches": 0, "missing_branches": 0}, "missing_lines": [], "excluded_lines": [], "executed_branches": [], "missing_branches": []}}, "classes": {"": {"executed_lines": [1, 7, 8, 11, 12, 13, 14, 17, 18, 21, 24, 25, 26, 27, 30, 31, 32, 33, 34, 35, 39, 40, 41, 44, 47, 59, 62, 63, 64, 65, 66, 69, 70, 71, 72, 73, 76, 77, 78, 79, 80, 81, 82, 85, 86, 87, 88, 89, 92, 96, 124, 134, 135, 136, 137, 140, 141, 144, 145, 148, 149, 150, 151, 154, 155, 156, 157, 158, 159, 162, 163, 164, 165, 166, 169, 170, 171, 172, 173, 176, 177, 178, 185, 186, 187, 190, 191, 192, 193, 194, 195, 198, 199, 200], "summary": {"covered_lines": 93, "num_statements": 93, "percent_covered": 100.0, "percent_covered_display": "100.00", "missing_lines": 0, "excluded_lines": 0, "num_branches": 0, "num_partial_branches": 0, "covered_branches": 0, "missing_branches": 0}, "missing_lines": [], "excluded_lines": [], "executed_branches": [], "missing_branches": []}}}, "src\\meld_visualizer\\core\\__init__.py": {"executed_lines": [1, 9, 11, 12, 13, 17, 18], "summary": {"covered_lines": 6, "num_statements": 10, "percent_covered": 60.0, "percent_covered_display": "60.00", "missing_lines": 4, "excluded_lines": 0, "num_branches": 0, "num_partial_branches": 0, "covered_branches": 0, "missing_branches": 0}, "missing_lines": [14, 15, 19, 20], "excluded_lines": [], "executed_branches": [], "missing_branches": [], "functions": {"": {"executed_lines": [1, 9, 11, 12, 13, 17, 18], "summary": {"covered_lines": 6, "num_statements": 10, "percent_covered": 60.0, "percent_covered_display": "60.00", "missing_lines": 4, "excluded_lines": 0, "num_branches": 0, "num_partial_branches": 0, "covered_branches": 0, "missing_branches": 0}, "missing_lines": [14, 15, 19, 20], "excluded_lines": [], "executed_branches": [], "missing_branches": []}}, "classes": {"": {"executed_lines": [1, 9, 11, 12, 13, 17, 18], "summary": {"covered_lines": 6, "num_statements": 10, "percent_covered": 60.0, "percent_covered_display": "60.00", "missing_lines": 4, "excluded_lines": 0, "num_branches": 0, "num_partial_branches": 0, "covered_branches": 0, "missing_branches": 0}, "missing_lines": [14, 15, 19, 20], "excluded_lines": [], "executed_branches": [], "missing_branches": []}}}, "src\\meld_visualizer\\core\\data_processing.py": {"executed_lines": [3, 4, 5, 6, 7, 10, 15, 74, 217, 252], "summary": {"covered_lines": 10, "num_statements": 176, "percent_covered": 4.166666666666667, "percent_covered_display": "4.17", "missing_lines": 166, "excluded_lines": 0, "num_branches": 64, "num_partial_branches": 0, "covered_branches": 0, "missing_branches": 64}, "missing_lines": [27, 28, 31, 34, 35, 36, 38, 39, 40, 41, 42, 44, 47, 48, 49, 51, 52, 53, 55, 58, 60, 62, 64, 65, 66, 67, 68, 69, 70, 71, 72, 87, 88, 91, 94, 95, 96, 98, 99, 100, 101, 102, 103, 104, 107, 110, 111, 112, 115, 118, 126, 129, 133, 135, 137, 139, 140, 142, 145, 146, 147, 148, 149, 151, 152, 153, 155, 156, 157, 158, 161, 164, 165, 166, 167, 169, 170, 171, 173, 174, 176, 177, 180, 183, 191, 194, 196, 197, 199, 200, 202, 205, 206, 207, 210, 211, 212, 214, 222, 223, 226, 228, 229, 230, 231, 232, 233, 235, 236, 238, 239, 240, 241, 242, 244, 245, 246, 247, 248, 250, 264, 265, 268, 269, 270, 271, 272, 279, 280, 281, 284, 286, 287, 293, 294, 296, 297, 300, 301, 302, 304, 305, 306, 308, 309, 310, 311, 314, 315, 318, 319, 321, 322, 325, 326, 329, 330, 331, 332, 333, 335, 336, 337, 339, 340, 342], "excluded_lines": [], "executed_branches": [], "missing_branches": [[27, 28], [27, 31], [35, 36], [35, 38], [41, 42], [41, 44], [47, 48], [47, 49], [49, 51], [49, 58], [65, 66], [65, 70], [68, 69], [68, 70], [87, 88], [87, 91], [95, 96], [95, 98], [111, 112], [111, 115], [137, 139], [137, 199], [139, 140], [139, 142], [145, 146], [145, 155], [147, 148], [147, 152], [149, 151], [149, 155], [152, 153], [152, 155], [155, 137], [155, 156], [157, 137], [157, 158], [174, 176], [174, 177], [199, 200], [199, 202], [210, 211], [210, 214], [211, 210], [211, 212], [222, 223], [222, 226], [230, 231], [230, 232], [239, 240], [239, 244], [245, 246], [245, 250], [264, 265], [264, 268], [269, 270], [269, 279], [308, 309], [308, 339], [314, 315], [314, 318], [329, 330], [329, 337], [339, 340], [339, 342]], "functions": {"parse_contents": {"executed_lines": [], "summary": {"covered_lines": 0, "num_statements": 31, "percent_covered": 0.0, "percent_covered_display": "0.00", "missing_lines": 31, "excluded_lines": 0, "num_branches": 14, "num_partial_branches": 0, "covered_branches": 0, "missing_branches": 14}, "missing_lines": [27, 28, 31, 34, 35, 36, 38, 39, 40, 41, 42, 44, 47, 48, 49, 51, 52, 53, 55, 58, 60, 62, 64, 65, 66, 67, 68, 69, 70, 71, 72], "excluded_lines": [], "executed_branches": [], "missing_branches": [[27, 28], [27, 31], [35, 36], [35, 38], [41, 42], [41, 44], [47, 48], [47, 49], [49, 51], [49, 58], [65, 66], [65, 70], [68, 69], [68, 70]]}, "parse_gcode_file": {"executed_lines": [], "summary": {"covered_lines": 0, "num_statements": 67, "percent_covered": 0.0, "percent_covered_display": "0.00", "missing_lines": 67, "excluded_lines": 0, "num_branches": 30, "num_partial_branches": 0, "covered_branches": 0, "missing_branches": 30}, "missing_lines": [87, 88, 91, 94, 95, 96, 98, 99, 100, 101, 102, 103, 104, 107, 110, 111, 112, 115, 118, 126, 129, 133, 135, 137, 139, 140, 142, 145, 146, 147, 148, 149, 151, 152, 153, 155, 156, 157, 158, 161, 164, 165, 166, 167, 169, 170, 171, 173, 174, 176, 177, 180, 183, 191, 194, 196, 197, 199, 200, 202, 205, 206, 207, 210, 211, 212, 214], "excluded_lines": [], "executed_branches": [], "missing_branches": [[87, 88], [87, 91], [95, 96], [95, 98], [111, 112], [111, 115], [137, 139], [137, 199], [139, 140], [139, 142], [145, 146], [145, 155], [147, 148], [147, 152], [149, 151], [149, 155], [152, 153], [152, 155], [155, 137], [155, 156], [157, 137], [157, 158], [174, 176], [174, 177], [199, 200], [199, 202], [210, 211], [210, 214], [211, 210], [211, 212]]}, "get_cross_section_vertices": {"executed_lines": [], "summary": {"covered_lines": 0, "num_statements": 22, "percent_covered": 0.0, "percent_covered_display": "0.00", "missing_lines": 22, "excluded_lines": 0, "num_branches": 8, "num_partial_branches": 0, "covered_branches": 0, "missing_branches": 8}, "missing_lines": [222, 223, 226, 228, 229, 230, 231, 232, 233, 235, 236, 238, 239, 240, 241, 242, 244, 245, 246, 247, 248, 250], "excluded_lines": [], "executed_branches": [], "missing_branches": [[222, 223], [222, 226], [230, 231], [230, 232], [239, 240], [239, 244], [245, 246], [245, 250]]}, "generate_volume_mesh": {"executed_lines": [], "summary": {"covered_lines": 0, "num_statements": 46, "percent_covered": 0.0, "percent_covered_display": "0.00", "missing_lines": 46, "excluded_lines": 0, "num_branches": 12, "num_partial_branches": 0, "covered_branches": 0, "missing_branches": 12}, "missing_lines": [264, 265, 268, 269, 270, 271, 272, 279, 280, 281, 284, 286, 287, 293, 294, 296, 297, 300, 301, 302, 304, 305, 306, 308, 309, 310, 311, 314, 315, 318, 319, 321, 322, 325, 326, 329, 330, 331, 332, 333, 335, 336, 337, 339, 340, 342], "excluded_lines": [], "executed_branches": [], "missing_branches": [[264, 265], [264, 268], [269, 270], [269, 279], [308, 309], [308, 339], [314, 315], [314, 318], [329, 330], [329, 337], [339, 340], [339, 342]]}, "": {"executed_lines": [3, 4, 5, 6, 7, 10, 15, 74, 217, 252], "summary": {"covered_lines": 10, "num_statements": 10, "percent_covered": 100.0, "percent_covered_display": "100.00", "missing_lines": 0, "excluded_lines": 0, "num_branches": 0, "num_partial_branches": 0, "covered_branches": 0, "missing_branches": 0}, "missing_lines": [], "excluded_lines": [], "executed_branches": [], "missing_branches": []}}, "classes": {"": {"executed_lines": [3, 4, 5, 6, 7, 10, 15, 74, 217, 252], "summary": {"covered_lines": 10, "num_statements": 176, "percent_covered": 4.166666666666667, "percent_covered_display": "4.17", "missing_lines": 166, "excluded_lines": 0, "num_branches": 64, "num_partial_branches": 0, "covered_branches": 0, "missing_branches": 64}, "missing_lines": [27, 28, 31, 34, 35, 36, 38, 39, 40, 41, 42, 44, 47, 48, 49, 51, 52, 53, 55, 58, 60, 62, 64, 65, 66, 67, 68, 69, 70, 71, 72, 87, 88, 91, 94, 95, 96, 98, 99, 100, 101, 102, 103, 104, 107, 110, 111, 112, 115, 118, 126, 129, 133, 135, 137, 139, 140, 142, 145, 146, 147, 148, 149, 151, 152, 153, 155, 156, 157, 158, 161, 164, 165, 166, 167, 169, 170, 171, 173, 174, 176, 177, 180, 183, 191, 194, 196, 197, 199, 200, 202, 205, 206, 207, 210, 211, 212, 214, 222, 223, 226, 228, 229, 230, 231, 232, 233, 235, 236, 238, 239, 240, 241, 242, 244, 245, 246, 247, 248, 250, 264, 265, 268, 269, 270, 271, 272, 279, 280, 281, 284, 286, 287, 293, 294, 296, 297, 300, 301, 302, 304, 305, 306, 308, 309, 310, 311, 314, 315, 318, 319, 321, 322, 325, 326, 329, 330, 331, 332, 333, 335, 336, 337, 339, 340, 342], "excluded_lines": [], "executed_branches": [], "missing_branches": [[27, 28], [27, 31], [35, 36], [35, 38], [41, 42], [41, 44], [47, 48], [47, 49], [49, 51], [49, 58], [65, 66], [65, 70], [68, 69], [68, 70], [87, 88], [87, 91], [95, 96], [95, 98], [111, 112], [111, 115], [137, 139], [137, 199], [139, 140], [139, 142], [145, 146], [145, 155], [147, 148], [147, 152], [149, 151], [149, 155], [152, 153], [152, 155], [155, 137], [155, 156], [157, 137], [157, 158], [174, 176], [174, 177], [199, 200], [199, 202], [210, 211], [210, 214], [211, 210], [211, 212], [222, 223], [222, 226], [230, 231], [230, 232], [239, 240], [239, 244], [245, 246], [245, 250], [264, 265], [264, 268], [269, 270], [269, 279], [308, 309], [308, 339], [314, 315], [314, 318], [329, 330], [329, 337], [339, 340], [339, 342]]}}}, "src\\meld_visualizer\\core\\enhanced_ui.py": {"executed_lines": [], "summary": {"covered_lines": 0, "num_statements": 69, "percent_covered": 0.0, "percent_covered_display": "0.00", "missing_lines": 69, "excluded_lines": 0, "num_branches": 20, "num_partial_branches": 0, "covered_branches": 0, "missing_branches": 20}, "missing_lines": [6, 7, 8, 9, 12, 15, 16, 28, 29, 30, 32, 42, 79, 80, 98, 99, 101, 102, 103, 105, 106, 107, 111, 130, 131, 145, 146, 148, 153, 154, 168, 175, 176, 180, 182, 183, 195, 202, 203, 219, 221, 237, 238, 245, 251, 252, 266, 280, 283, 284, 302, 303, 305, 312, 323, 326, 327, 337, 338, 339, 340, 341, 342, 344, 346, 347, 357, 384, 385], "excluded_lines": [], "executed_branches": [], "missing_branches": [[29, 30], [29, 42], [98, 99], [98, 101], [102, 103], [102, 105], [106, 107], [106, 111], [145, 146], [145, 148], [175, 176], [175, 180], [302, 303], [302, 305], [337, 338], [337, 339], [339, 340], [339, 341], [341, 342], [341, 344]], "functions": {"EnhancedUIComponents.create_enhanced_tabs": {"executed_lines": [], "summary": {"covered_lines": 0, "num_statements": 5, "percent_covered": 0.0, "percent_covered_display": "0.00", "missing_lines": 5, "excluded_lines": 0, "num_branches": 2, "num_partial_branches": 0, "covered_branches": 0, "missing_branches": 2}, "missing_lines": [28, 29, 30, 32, 42], "excluded_lines": [], "executed_branches": [], "missing_branches": [[29, 30], [29, 42]]}, "EnhancedUIComponents.create_control_panel": {"executed_lines": [], "summary": {"covered_lines": 0, "num_statements": 9, "percent_covered": 0.0, "percent_covered_display": "0.00", "missing_lines": 9, "excluded_lines": 0, "num_branches": 6, "num_partial_branches": 0, "covered_branches": 0, "missing_branches": 6}, "missing_lines": [98, 99, 101, 102, 103, 105, 106, 107, 111], "excluded_lines": [], "executed_branches": [], "missing_branches": [[98, 99], [98, 101], [102, 103], [102, 105], [106, 107], [106, 111]]}, "EnhancedUIComponents.create_control_group": {"executed_lines": [], "summary": {"covered_lines": 0, "num_statements": 3, "percent_covered": 0.0, "percent_covered_display": "0.00", "missing_lines": 3, "excluded_lines": 0, "num_branches": 2, "num_partial_branches": 0, "covered_branches": 0, "missing_branches": 2}, "missing_lines": [145, 146, 148], "excluded_lines": [], "executed_branches": [], "missing_branches": [[145, 146], [145, 148]]}, "EnhancedUIComponents.create_enhanced_input_group": {"executed_lines": [], "summary": {"covered_lines": 0, "num_statements": 4, "percent_covered": 0.0, "percent_covered_display": "0.00", "missing_lines": 4, "excluded_lines": 0, "num_branches": 2, "num_partial_branches": 0, "covered_branches": 0, "missing_branches": 2}, "missing_lines": [168, 175, 176, 180], "excluded_lines": [], "executed_branches": [], "missing_branches": [[175, 176], [175, 180]]}, "EnhancedUIComponents.create_loading_overlay": {"executed_lines": [], "summary": {"covered_lines": 0, "num_statements": 1, "percent_covered": 0.0, "percent_covered_display": "0.00", "missing_lines": 1, "excluded_lines": 0, "num_branches": 0, "num_partial_branches": 0, "covered_branches": 0, "missing_branches": 0}, "missing_lines": [195], "excluded_lines": [], "executed_branches": [], "missing_branches": []}, "EnhancedUIComponents.create_progress_indicator": {"executed_lines": [], "summary": {"covered_lines": 0, "num_statements": 2, "percent_covered": 0.0, "percent_covered_display": "0.00", "missing_lines": 2, "excluded_lines": 0, "num_branches": 0, "num_partial_branches": 0, "covered_branches": 0, "missing_branches": 0}, "missing_lines": [219, 221], "excluded_lines": [], "executed_branches": [], "missing_branches": []}, "EnhancedUIComponents.create_toast_container": {"executed_lines": [], "summary": {"covered_lines": 0, "num_statements": 1, "percent_covered": 0.0, "percent_covered_display": "0.00", "missing_lines": 1, "excluded_lines": 0, "num_branches": 0, "num_partial_branches": 0, "covered_branches": 0, "missing_branches": 0}, "missing_lines": [245], "excluded_lines": [], "executed_branches": [], "missing_branches": []}, "EnhancedUIComponents.create_enhanced_upload_area": {"executed_lines": [], "summary": {"covered_lines": 0, "num_statements": 1, "percent_covered": 0.0, "percent_covered_display": "0.00", "missing_lines": 1, "excluded_lines": 0, "num_branches": 0, "num_partial_branches": 0, "covered_branches": 0, "missing_branches": 0}, "missing_lines": [266], "excluded_lines": [], "executed_branches": [], "missing_branches": []}, "UserFeedbackManager.create_toast_component": {"executed_lines": [], "summary": {"covered_lines": 0, "num_statements": 4, "percent_covered": 0.0, "percent_covered_display": "0.00", "missing_lines": 4, "excluded_lines": 0, "num_branches": 2, "num_partial_branches": 0, "covered_branches": 0, "missing_branches": 2}, "missing_lines": [302, 303, 305, 312], "excluded_lines": [], "executed_branches": [], "missing_branches": [[302, 303], [302, 305]]}, "ResponsiveLayoutManager.get_desktop_breakpoint_class": {"executed_lines": [], "summary": {"covered_lines": 0, "num_statements": 7, "percent_covered": 0.0, "percent_covered_display": "0.00", "missing_lines": 7, "excluded_lines": 0, "num_branches": 6, "num_partial_branches": 0, "covered_branches": 0, "missing_branches": 6}, "missing_lines": [337, 338, 339, 340, 341, 342, 344], "excluded_lines": [], "executed_branches": [], "missing_branches": [[337, 338], [337, 339], [339, 340], [339, 341], [341, 342], [341, 344]]}, "ResponsiveLayoutManager.get_layout_config": {"executed_lines": [], "summary": {"covered_lines": 0, "num_statements": 3, "percent_covered": 0.0, "percent_covered_display": "0.00", "missing_lines": 3, "excluded_lines": 0, "num_branches": 0, "num_partial_branches": 0, "covered_branches": 0, "missing_branches": 0}, "missing_lines": [357, 384, 385], "excluded_lines": [], "executed_branches": [], "missing_branches": []}, "": {"executed_lines": [], "summary": {"covered_lines": 0, "num_statements": 29, "percent_covered": 0.0, "percent_covered_display": "0.00", "missing_lines": 29, "excluded_lines": 0, "num_branches": 0, "num_partial_branches": 0, "covered_branches": 0, "missing_branches": 0}, "missing_lines": [6, 7, 8, 9, 12, 15, 16, 79, 80, 130, 131, 153, 154, 182, 183, 202, 203, 237, 238, 251, 252, 280, 283, 284, 323, 326, 327, 346, 347], "excluded_lines": [], "executed_branches": [], "missing_branches": []}}, "classes": {"EnhancedUIComponents": {"executed_lines": [], "summary": {"covered_lines": 0, "num_statements": 26, "percent_covered": 0.0, "percent_covered_display": "0.00", "missing_lines": 26, "excluded_lines": 0, "num_branches": 12, "num_partial_branches": 0, "covered_branches": 0, "missing_branches": 12}, "missing_lines": [28, 29, 30, 32, 42, 98, 99, 101, 102, 103, 105, 106, 107, 111, 145, 146, 148, 168, 175, 176, 180, 195, 219, 221, 245, 266], "excluded_lines": [], "executed_branches": [], "missing_branches": [[29, 30], [29, 42], [98, 99], [98, 101], [102, 103], [102, 105], [106, 107], [106, 111], [145, 146], [145, 148], [175, 176], [175, 180]]}, "UserFeedbackManager": {"executed_lines": [], "summary": {"covered_lines": 0, "num_statements": 4, "percent_covered": 0.0, "percent_covered_display": "0.00", "missing_lines": 4, "excluded_lines": 0, "num_branches": 2, "num_partial_branches": 0, "covered_branches": 0, "missing_branches": 2}, "missing_lines": [302, 303, 305, 312], "excluded_lines": [], "executed_branches": [], "missing_branches": [[302, 303], [302, 305]]}, "ResponsiveLayoutManager": {"executed_lines": [], "summary": {"covered_lines": 0, "num_statements": 10, "percent_covered": 0.0, "percent_covered_display": "0.00", "missing_lines": 10, "excluded_lines": 0, "num_branches": 6, "num_partial_branches": 0, "covered_branches": 0, "missing_branches": 6}, "missing_lines": [337, 338, 339, 340, 341, 342, 344, 357, 384, 385], "excluded_lines": [], "executed_branches": [], "missing_branches": [[337, 338], [337, 339], [339, 340], [339, 341], [341, 342], [341, 344]]}, "": {"executed_lines": [], "summary": {"covered_lines": 0, "num_statements": 29, "percent_covered": 0.0, "percent_covered_display": "0.00", "missing_lines": 29, "excluded_lines": 0, "num_branches": 0, "num_partial_branches": 0, "covered_branches": 0, "missing_branches": 0}, "missing_lines": [6, 7, 8, 9, 12, 15, 16, 79, 80, 130, 131, 153, 154, 182, 183, 202, 203, 237, 238, 251, 252, 280, 283, 284, 323, 326, 327, 346, 347], "excluded_lines": [], "executed_branches": [], "missing_branches": []}}}, "src\\meld_visualizer\\core\\layout.py": {"executed_lines": [3, 4, 5, 6, 14, 26, 29, 32, 35, 40, 45, 47, 56, 58, 84, 104, 106, 129, 131, 182, 184, 209, 211, 258, 260, 269, 271, 286, 288, 292, 294, 295, 296, 322, 324, 345, 347, 372, 374, 421, 423, 466, 472, 478, 480], "summary": {"covered_lines": 45, "num_statements": 50, "percent_covered": 87.03703703703704, "percent_covered_display": "87.04", "missing_lines": 5, "excluded_lines": 0, "num_branches": 4, "num_partial_branches": 2, "covered_branches": 2, "missing_branches": 2}, "missing_lines": [36, 37, 41, 42, 86], "excluded_lines": [], "executed_branches": [[35, 40], [40, 45]], "missing_branches": [[35, 36], [40, 41]], "functions": {"create_responsive_graph": {"executed_lines": [26, 29, 32, 35, 40, 45, 47], "summary": {"covered_lines": 7, "num_statements": 11, "percent_covered": 60.0, "percent_covered_display": "60.00", "missing_lines": 4, "excluded_lines": 0, "num_branches": 4, "num_partial_branches": 2, "covered_branches": 2, "missing_branches": 2}, "missing_lines": [36, 37, 41, 42], "excluded_lines": [], "executed_branches": [[35, 40], [40, 45]], "missing_branches": [[35, 36], [40, 41]]}, "add_viewport_detection": {"executed_lines": [58], "summary": {"covered_lines": 1, "num_statements": 1, "percent_covered": 100.0, "percent_covered_display": "100.00", "missing_lines": 0, "excluded_lines": 0, "num_branches": 0, "num_partial_branches": 0, "covered_branches": 0, "missing_branches": 0}, "missing_lines": [], "excluded_lines": [], "executed_branches": [], "missing_branches": []}, "add_enhanced_ui_scripts": {"executed_lines": [], "summary": {"covered_lines": 0, "num_statements": 1, "percent_covered": 0.0, "percent_covered_display": "0.00", "missing_lines": 1, "excluded_lines": 0, "num_branches": 0, "num_partial_branches": 0, "covered_branches": 0, "missing_branches": 0}, "missing_lines": [86], "excluded_lines": [], "executed_branches": [], "missing_branches": []}, "build_header": {"executed_lines": [106], "summary": {"covered_lines": 1, "num_statements": 1, "percent_covered": 100.0, "percent_covered_display": "100.00", "missing_lines": 0, "excluded_lines": 0, "num_branches": 0, "num_partial_branches": 0, "covered_branches": 0, "missing_branches": 0}, "missing_lines": [], "excluded_lines": [], "executed_branches": [], "missing_branches": []}, "create_filter_controls": {"executed_lines": [131], "summary": {"covered_lines": 1, "num_statements": 1, "percent_covered": 100.0, "percent_covered_display": "100.00", "missing_lines": 0, "excluded_lines": 0, "num_branches": 0, "num_partial_branches": 0, "covered_branches": 0, "missing_branches": 0}, "missing_lines": [], "excluded_lines": [], "executed_branches": [], "missing_branches": []}, "create_color_scale_controls": {"executed_lines": [184], "summary": {"covered_lines": 1, "num_statements": 1, "percent_covered": 100.0, "percent_covered_display": "100.00", "missing_lines": 0, "excluded_lines": 0, "num_branches": 0, "num_partial_branches": 0, "covered_branches": 0, "missing_branches": 0}, "missing_lines": [], "excluded_lines": [], "executed_branches": [], "missing_branches": []}, "build_main_controls_and_graphs": {"executed_lines": [211], "summary": {"covered_lines": 1, "num_statements": 1, "percent_covered": 100.0, "percent_covered_display": "100.00", "missing_lines": 0, "excluded_lines": 0, "num_branches": 0, "num_partial_branches": 0, "covered_branches": 0, "missing_branches": 0}, "missing_lines": [], "excluded_lines": [], "executed_branches": [], "missing_branches": []}, "build_2d_plotter": {"executed_lines": [260], "summary": {"covered_lines": 1, "num_statements": 1, "percent_covered": 100.0, "percent_covered_display": "100.00", "missing_lines": 0, "excluded_lines": 0, "num_branches": 0, "num_partial_branches": 0, "covered_branches": 0, "missing_branches": 0}, "missing_lines": [], "excluded_lines": [], "executed_branches": [], "missing_branches": []}, "build_custom_plotter": {"executed_lines": [271], "summary": {"covered_lines": 1, "num_statements": 1, "percent_covered": 100.0, "percent_covered_display": "100.00", "missing_lines": 0, "excluded_lines": 0, "num_branches": 0, "num_partial_branches": 0, "covered_branches": 0, "missing_branches": 0}, "missing_lines": [], "excluded_lines": [], "executed_branches": [], "missing_branches": []}, "build_data_table": {"executed_lines": [288], "summary": {"covered_lines": 1, "num_statements": 1, "percent_covered": 100.0, "percent_covered_display": "100.00", "missing_lines": 0, "excluded_lines": 0, "num_branches": 0, "num_partial_branches": 0, "covered_branches": 0, "missing_branches": 0}, "missing_lines": [], "excluded_lines": [], "executed_branches": [], "missing_branches": []}, "build_config_tab": {"executed_lines": [294, 295, 296], "summary": {"covered_lines": 3, "num_statements": 3, "percent_covered": 100.0, "percent_covered_display": "100.00", "missing_lines": 0, "excluded_lines": 0, "num_branches": 0, "num_partial_branches": 0, "covered_branches": 0, "missing_branches": 0}, "missing_lines": [], "excluded_lines": [], "executed_branches": [], "missing_branches": []}, "build_line_plot_tab": {"executed_lines": [324], "summary": {"covered_lines": 1, "num_statements": 1, "percent_covered": 100.0, "percent_covered_display": "100.00", "missing_lines": 0, "excluded_lines": 0, "num_branches": 0, "num_partial_branches": 0, "covered_branches": 0, "missing_branches": 0}, "missing_lines": [], "excluded_lines": [], "executed_branches": [], "missing_branches": []}, "build_mesh_plot_tab": {"executed_lines": [347], "summary": {"covered_lines": 1, "num_statements": 1, "percent_covered": 100.0, "percent_covered_display": "100.00", "missing_lines": 0, "excluded_lines": 0, "num_branches": 0, "num_partial_branches": 0, "covered_branches": 0, "missing_branches": 0}, "missing_lines": [], "excluded_lines": [], "executed_branches": [], "missing_branches": []}, "build_gcode_tab": {"executed_lines": [374], "summary": {"covered_lines": 1, "num_statements": 1, "percent_covered": 100.0, "percent_covered_display": "100.00", "missing_lines": 0, "excluded_lines": 0, "num_branches": 0, "num_partial_branches": 0, "covered_branches": 0, "missing_branches": 0}, "missing_lines": [], "excluded_lines": [], "executed_branches": [], "missing_branches": []}, "build_app_body_with_tabs": {"executed_lines": [423, 466], "summary": {"covered_lines": 2, "num_statements": 2, "percent_covered": 100.0, "percent_covered_display": "100.00", "missing_lines": 0, "excluded_lines": 0, "num_branches": 0, "num_partial_branches": 0, "covered_branches": 0, "missing_branches": 0}, "missing_lines": [], "excluded_lines": [], "executed_branches": [], "missing_branches": []}, "get_layout": {"executed_lines": [478, 480], "summary": {"covered_lines": 2, "num_statements": 2, "percent_covered": 100.0, "percent_covered_display": "100.00", "missing_lines": 0, "excluded_lines": 0, "num_branches": 0, "num_partial_branches": 0, "covered_branches": 0, "missing_branches": 0}, "missing_lines": [], "excluded_lines": [], "executed_branches": [], "missing_branches": []}, "": {"executed_lines": [3, 4, 5, 6, 14, 56, 84, 104, 129, 182, 209, 258, 269, 286, 292, 322, 345, 372, 421, 472], "summary": {"covered_lines": 20, "num_statements": 20, "percent_covered": 100.0, "percent_covered_display": "100.00", "missing_lines": 0, "excluded_lines": 0, "num_branches": 0, "num_partial_branches": 0, "covered_branches": 0, "missing_branches": 0}, "missing_lines": [], "excluded_lines": [], "executed_branches": [], "missing_branches": []}}, "classes": {"": {"executed_lines": [3, 4, 5, 6, 14, 26, 29, 32, 35, 40, 45, 47, 56, 58, 84, 104, 106, 129, 131, 182, 184, 209, 211, 258, 260, 269, 271, 286, 288, 292, 294, 295, 296, 322, 324, 345, 347, 372, 374, 421, 423, 466, 472, 478, 480], "summary": {"covered_lines": 45, "num_statements": 50, "percent_covered": 87.03703703703704, "percent_covered_display": "87.04", "missing_lines": 5, "excluded_lines": 0, "num_branches": 4, "num_partial_branches": 2, "covered_branches": 2, "missing_branches": 2}, "missing_lines": [36, 37, 41, 42, 86], "excluded_lines": [], "executed_branches": [[35, 40], [40, 45]], "missing_branches": [[35, 36], [40, 41]]}}}, "src\\meld_visualizer\\core\\volume_calculations.py": {"executed_lines": [1, 9, 10, 11, 12, 13, 16, 18, 21, 22, 23, 29, 30, 32, 33, 35, 37, 38, 40, 41, 48, 58, 59, 60, 67, 68, 69, 71, 72, 76, 91, 103, 113, 114, 121, 131, 132, 135, 136, 137, 139, 142, 170, 190, 211, 272, 320, 334, 335, 336, 337, 339, 355, 356, 387], "summary": {"covered_lines": 51, "num_statements": 119, "percent_covered": 37.410071942446045, "percent_covered_display": "37.41", "missing_lines": 68, "excluded_lines": 0, "num_branches": 20, "num_partial_branches": 1, "covered_branches": 1, "missing_branches": 19}, "missing_lines": [42, 44, 46, 50, 74, 88, 89, 101, 105, 160, 163, 166, 168, 183, 185, 186, 188, 204, 207, 209, 222, 223, 226, 227, 228, 229, 232, 237, 243, 246, 247, 250, 252, 253, 254, 255, 258, 259, 260, 261, 264, 266, 267, 268, 270, 282, 285, 286, 288, 289, 296, 303, 304, 305, 311, 318, 346, 366, 371, 377, 378, 383, 401, 403, 404, 405, 406, 408], "excluded_lines": [], "executed_branches": [[40, 41]], "missing_branches": [[40, 42], [42, 44], [42, 46], [185, 186], [185, 188], [222, 223], [222, 226], [228, 229], [228, 232], [250, 252], [250, 266], [288, 289], [288, 318], [303, 304], [303, 311], [403, 404], [403, 405], [405, 406], [405, 408]], "functions": {"FeedstockParameters.dimension_mm": {"executed_lines": [35], "summary": {"covered_lines": 1, "num_statements": 1, "percent_covered": 100.0, "percent_covered_display": "100.00", "missing_lines": 0, "excluded_lines": 0, "num_branches": 0, "num_partial_branches": 0, "covered_branches": 0, "missing_branches": 0}, "missing_lines": [], "excluded_lines": [], "executed_branches": [], "missing_branches": []}, "FeedstockParameters.cross_sectional_area_mm2": {"executed_lines": [40, 41], "summary": {"covered_lines": 2, "num_statements": 5, "percent_covered": 33.333333333333336, "percent_covered_display": "33.33", "missing_lines": 3, "excluded_lines": 0, "num_branches": 4, "num_partial_branches": 1, "covered_branches": 1, "missing_branches": 3}, "missing_lines": [42, 44, 46], "excluded_lines": [], "executed_branches": [[40, 41]], "missing_branches": [[40, 42], [42, 44], [42, 46]]}, "FeedstockParameters.to_dict": {"executed_lines": [], "summary": {"covered_lines": 0, "num_statements": 1, "percent_covered": 0.0, "percent_covered_display": "0.00", "
[...]
sing_lines": 1, "excluded_lines": 0, "num_branches": 0, "num_partial_branches": 0, "covered_branches": 0, "missing_branches": 0}, "missing_lines": [96], "excluded_lines": [], "executed_branches": [], "missing_branches": []}, "SecurityLogger.__init__": {"executed_lines": [104, 105, 108, 109, 114, 115], "summary": {"covered_lines": 6, "num_statements": 6, "percent_covered": 87.5, "percent_covered_display": "87.50", "missing_lines": 0, "excluded_lines": 0, "num_branches": 2, "num_partial_branches": 1, "covered_branches": 1, "missing_branches": 1}, "missing_lines": [], "excluded_lines": [], "executed_branches": [[108, 109]], "missing_branches": [[108, -102]]}, "SecurityLogger.log_file_upload": {"executed_lines": [], "summary": {"covered_lines": 0, "num_statements": 1, "percent_covered": 0.0, "percent_covered_display": "0.00", "missing_lines": 1, "excluded_lines": 0, "num_branches": 0, "num_partial_branches": 0, "covered_branches": 0, "missing_branches": 0}, "missing_lines": [120], "excluded_lines": [], "executed_branches": [], "missing_branches": []}, "SecurityLogger.log_validation_failure": {"executed_lines": [], "summary": {"covered_lines": 0, "num_statements": 4, "percent_covered": 0.0, "percent_covered_display": "0.00", "missing_lines": 4, "excluded_lines": 0, "num_branches": 2, "num_partial_branches": 0, "covered_branches": 0, "missing_branches": 2}, "missing_lines": [126, 127, 128, 129], "excluded_lines": [], "executed_branches": [], "missing_branches": [[127, 128], [127, 129]]}, "SecurityLogger.log_config_change": {"executed_lines": [], "summary": {"covered_lines": 0, "num_statements": 1, "percent_covered": 0.0, "percent_covered_display": "0.00", "missing_lines": 1, "excluded_lines": 0, "num_branches": 0, "num_partial_branches": 0, "covered_branches": 0, "missing_branches": 0}, "missing_lines": [133], "excluded_lines": [], "executed_branches": [], "missing_branches": []}, "setup_logging": {"executed_lines": [144, 145, 146, 156, 157, 160, 163, 164, 167, 169, 170, 171, 174, 175, 180, 181, 182, 185, 190, 191, 192, 195, 196, 198], "summary": {"covered_lines": 24, "num_statements": 25, "percent_covered": 87.09677419354838, "percent_covered_display": "87.10", "missing_lines": 1, "excluded_lines": 0, "num_branches": 6, "num_partial_branches": 3, "covered_branches": 3, "missing_branches": 3}, "missing_lines": [165], "excluded_lines": [], "executed_branches": [[163, 164], [164, 167], [174, 175]], "missing_branches": [[163, 174], [164, 165], [174, 195]]}, "get_logger": {"executed_lines": [], "summary": {"covered_lines": 0, "num_statements": 1, "percent_covered": 0.0, "percent_covered_display": "0.00", "missing_lines": 1, "excluded_lines": 0, "num_branches": 0, "num_partial_branches": 0, "covered_branches": 0, "missing_branches": 0}, "missing_lines": [211], "excluded_lines": [], "executed_branches": [], "missing_branches": []}, "log_execution_time": {"executed_lines": [], "summary": {"covered_lines": 0, "num_statements": 5, "percent_covered": 0.0, "percent_covered_display": "0.00", "missing_lines": 5, "excluded_lines": 0, "num_branches": 0, "num_partial_branches": 0, "covered_branches": 0, "missing_branches": 0}, "missing_lines": [222, 223, 225, 226, 245], "excluded_lines": [], "executed_branches": [], "missing_branches": []}, "log_execution_time.wrapper": {"executed_lines": [], "summary": {"covered_lines": 0, "num_statements": 10, "percent_covered": 0.0, "percent_covered_display": "0.00", "missing_lines": 10, "excluded_lines": 0, "num_branches": 0, "num_partial_branches": 0, "covered_branches": 0, "missing_branches": 0}, "missing_lines": [227, 228, 229, 230, 231, 235, 236, 237, 238, 243], "excluded_lines": [], "executed_branches": [], "missing_branches": []}, "log_errors": {"executed_lines": [], "summary": {"covered_lines": 0, "num_statements": 4, "percent_covered": 0.0, "percent_covered_display": "0.00", "missing_lines": 4, "excluded_lines": 0, "num_branches": 0, "num_partial_branches": 0, "covered_branches": 0, "missing_branches": 0}, "missing_lines": [250, 252, 253, 267], "excluded_lines": [], "executed_branches": [], "missing_branches": []}, "log_errors.decorator": {"executed_lines": [], "summary": {"covered_lines": 0, "num_statements": 2, "percent_covered": 0.0, "percent_covered_display": "0.00", "missing_lines": 2, "excluded_lines": 0, "num_branches": 0, "num_partial_branches": 0, "covered_branches": 0, "missing_branches": 0}, "missing_lines": [254, 265], "excluded_lines": [], "executed_branches": [], "missing_branches": []}, "log_errors.decorator.wrapper": {"executed_lines": [], "summary": {"covered_lines": 0, "num_statements": 6, "percent_covered": 0.0, "percent_covered_display": "0.00", "missing_lines": 6, "excluded_lines": 0, "num_branches": 0, "num_partial_branches": 0, "covered_branches": 0, "missing_branches": 0}, "missing_lines": [255, 256, 257, 258, 259, 263], "excluded_lines": [], "executed_branches": [], "missing_branches": []}, "": {"executed_lines": [1, 6, 7, 8, 9, 10, 11, 12, 14, 17, 18, 21, 22, 23, 24, 27, 31, 32, 35, 45, 46, 48, 64, 65, 67, 82, 90, 94, 99, 100, 102, 117, 124, 131, 138, 201, 215, 216, 220, 248, 271, 272], "summary": {"covered_lines": 38, "num_statements": 38, "percent_covered": 97.5, "percent_covered_display": "97.50", "missing_lines": 0, "excluded_lines": 0, "num_branches": 2, "num_partial_branches": 1, "covered_branches": 1, "missing_branches": 1}, "missing_lines": [], "excluded_lines": [], "executed_branches": [[271, 272]], "missing_branches": [[271, -1]]}}, "classes": {"ColoredConsoleHandler": {"executed_lines": [], "summary": {"covered_lines": 0, "num_statements": 8, "percent_covered": 0.0, "percent_covered_display": "0.00", "missing_lines": 8, "excluded_lines": 0, "num_branches": 2, "num_partial_branches": 0, "covered_branches": 0, "missing_branches": 2}, "missing_lines": [50, 52, 53, 54, 56, 59, 60, 61], "excluded_lines": [], "executed_branches": [], "missing_branches": [[53, 54], [53, 56]]}, "PerformanceLogger": {"executed_lines": [69, 70, 73, 74, 79, 80], "summary": {"covered_lines": 6, "num_statements": 12, "percent_covered": 43.75, "percent_covered_display": "43.75", "missing_lines": 6, "excluded_lines": 0, "num_branches": 4, "num_partial_branches": 1, "covered_branches": 1, "missing_branches": 3}, "missing_lines": [85, 86, 87, 88, 92, 96], "excluded_lines": [], "executed_branches": [[73, 74]], "missing_branches": [[73, -67], [86, 87], [86, 88]]}, "SecurityLogger": {"executed_lines": [104, 105, 108, 109, 114, 115], "summary": {"covered_lines": 6, "num_statements": 12, "percent_covered": 43.75, "percent_covered_display": "43.75", "missing_lines": 6, "excluded_lines": 0, "num_branches": 4, "num_partial_branches": 1, "covered_branches": 1, "missing_branches": 3}, "missing_lines": [120, 126, 127, 128, 129, 133], "excluded_lines": [], "executed_branches": [[108, 109]], "missing_branches": [[108, -102], [127, 128], [127, 129]]}, "": {"executed_lines": [1, 6, 7, 8, 9, 10, 11, 12, 14, 17, 18, 21, 22, 23, 24, 27, 31, 32, 35, 45, 46, 48, 64, 65, 67, 82, 90, 94, 99, 100, 102, 117, 124, 131, 138, 144, 145, 146, 156, 157, 160, 163, 164, 167, 169, 170, 171, 174, 175, 180, 181, 182, 185, 190, 191, 192, 195, 196, 198, 201, 215, 216, 220, 248, 271, 272], "summary": {"covered_lines": 62, "num_statements": 91, "percent_covered": 66.66666666666667, "percent_covered_display": "66.67", "missing_lines": 29, "excluded_lines": 0, "num_branches": 8, "num_partial_branches": 4, "covered_branches": 4, "missing_branches": 4}, "missing_lines": [165, 211, 222, 223, 225, 226, 227, 228, 229, 230, 231, 235, 236, 237, 238, 243, 245, 250, 252, 253, 254, 255, 256, 257, 258, 259, 263, 265, 267], "excluded_lines": [], "executed_branches": [[163, 164], [164, 167], [174, 175], [271, 272]], "missing_branches": [[163, 174], [164, 165], [174, 195], [271, -1]]}}}, "src\\meld_visualizer\\utils\\security_utils.py": {"executed_lines": [1, 6, 7, 8, 9, 10, 11, 12, 15, 22, 25, 28, 29, 30, 33, 34, 36, 37, 48, 50, 51, 54, 55, 56, 59, 60, 61, 62, 63, 65, 66, 67, 70, 73, 78, 79, 80, 82, 84, 85, 86, 89, 90, 92, 93, 107, 108, 111, 112, 114, 115, 116, 117, 119, 121, 122, 124, 125, 136, 137, 140, 142, 143, 145, 147, 148, 158, 159, 162, 164, 165, 166, 167, 169, 170, 171, 173, 174, 177, 178, 180, 181, 182, 185, 186, 188, 191, 192, 194, 195, 206, 208, 209, 210, 213, 216, 217, 218, 221, 222, 223, 226, 227, 231, 232, 233, 236, 238, 240, 241, 242, 244, 245, 247, 248, 249, 250, 251, 252, 255, 257, 258, 269, 271, 272, 273, 274, 276, 278, 279, 282, 283, 284, 286, 287, 290, 291, 292, 293, 294, 297, 298, 299, 301, 302, 303, 306, 307, 309, 310, 322, 324, 325, 328, 336, 337, 338, 341, 346, 357, 358, 360, 361, 363, 364, 365, 366, 367, 369, 371, 372, 373], "summary": {"covered_lines": 166, "num_statements": 167, "percent_covered": 98.77551020408163, "percent_covered_display": "98.78", "missing_lines": 1, "excluded_lines": 0, "num_branches": 78, "num_partial_branches": 2, "covered_branches": 76, "missing_branches": 2}, "missing_lines": [228], "excluded_lines": [], "executed_branches": [[50, 51], [50, 54], [55, 56], [55, 59], [66, 67], [66, 70], [78, 79], [78, 82], [79, 78], [79, 80], [111, 112], [111, 114], [114, 115], [114, 116], [116, 117], [116, 119], [136, 137], [136, 140], [142, 143], [142, 145], [158, 159], [158, 162], [162, 164], [162, 167], [167, 169], [167, 170], [170, 171], [170, 173], [173, 174], [173, 177], [180, 181], [180, 188], [181, 182], [181, 185], [185, 180], [185, 186], [209, 210], [209, 213], [217, 218], [217, 221], [221, 222], [221, 226], [222, 221], [222, 223], [227, 231], [247, 248], [247, 249], [249, 250], [249, 251], [251, 252], [251, 255], [272, 273], [272, 276], [278, 279], [278, 282], [282, 283], [282, 286], [291, 292], [291, 297], [292, 291], [292, 293], [293, 294], [297, 298], [297, 299], [324, 325], [324, 328], [336, 337], [336, 341], [337, 336], [337, 338], [360, 361], [360, 363], [364, 365], [364, 369], [366, 364], [366, 367]], "missing_branches": [[227, 228], [293, 291]], "functions": {"FileValidator.validate_file_upload": {"executed_lines": [48, 50, 51, 54, 55, 56, 59, 60, 61, 62, 63, 65, 66, 67, 70, 73, 78, 79, 80, 82, 84, 85, 86], "summary": {"covered_lines": 23, "num_statements": 23, "percent_covered": 100.0, "percent_covered_display": "100.00", "missing_lines": 0, "excluded_lines": 0, "num_branches": 10, "num_partial_branches": 0, "covered_branches": 10, "missing_branches": 0}, "missing_lines": [], "excluded_lines": [], "executed_branches": [[50, 51], [50, 54], [55, 56], [55, 59], [66, 67], [66, 70], [78, 79], [78, 82], [79, 78], [79, 80]], "missing_branches": []}, "InputValidator.sanitize_numeric_input": {"executed_lines": [107, 108, 111, 112, 114, 115, 116, 117, 119, 121, 122], "summary": {"covered_lines": 11, "num_statements": 11, "percent_covered": 100.0, "percent_covered_display": "100.00", "missing_lines": 0, "excluded_lines": 0, "num_branches": 6, "num_partial_branches": 0, "covered_branches": 6, "missing_branches": 0}, "missing_lines": [], "excluded_lines": [], "executed_branches": [[111, 112], [111, 114], [114, 115], [114, 116], [116, 117], [116, 119]], "missing_branches": []}, "InputValidator.sanitize_column_name": {"executed_lines": [136, 137, 140, 142, 143, 145], "summary": {"covered_lines": 6, "num_statements": 6, "percent_covered": 100.0, "percent_covered_display": "100.00", "missing_lines": 0, "excluded_lines": 0, "num_branches": 4, "num_partial_branches": 0, "covered_branches": 4, "missing_branches": 0}, "missing_lines": [], "excluded_lines": [], "executed_branches": [[136, 137], [136, 140], [142, 143], [142, 145]], "missing_branches": []}, "InputValidator.sanitize_gcode_line": {"executed_lines": [158, 159, 162, 164, 165, 166, 167, 169, 170, 171, 173, 174, 177, 178, 180, 181, 182, 185, 186, 188], "summary": {"covered_lines": 20, "num_statements": 20, "percent_covered": 100.0, "percent_covered_display": "100.00", "missing_lines": 0, "excluded_lines": 0, "num_branches": 16, "num_partial_branches": 0, "covered_branches": 16, "missing_branches": 0}, "missing_lines": [], "excluded_lines": [], "executed_branches": [[158, 159], [158, 162], [162, 164], [162, 167], [167, 169], [167, 170], [170, 171], [170, 173], [173, 174], [173, 177], [180, 181], [180, 188], [181, 182], [181, 185], [185, 180], [185, 186]], "missing_branches": []}, "ConfigurationManager.save_config": {"executed_lines": [206, 208, 209, 210, 213, 216, 217, 218, 221, 222, 223, 226, 227, 231, 232, 233, 236, 238, 240, 241, 242], "summary": {"covered_lines": 21, "num_statements": 22, "percent_covered": 93.75, "percent_covered_display": "93.75", "missing_lines": 1, "excluded_lines": 0, "num_branches": 10, "num_partial_branches": 1, "covered_branches": 9, "missing_branches": 1}, "missing_lines": [228], "excluded_lines": [], "executed_branches": [[209, 210], [209, 213], [217, 218], [217, 221], [221, 222], [221, 226], [222, 221], [222, 223], [227, 231]], "missing_branches": [[227, 228]]}, "ConfigurationManager._validate_config_value": {"executed_lines": [247, 248, 249, 250, 251, 252, 255], "summary": {"covered_lines": 7, "num_statements": 7, "percent_covered": 100.0, "percent_covered_display": "100.00", "missing_lines": 0, "excluded_lines": 0, "num_branches": 6, "num_partial_branches": 0, "covered_branches": 6, "missing_branches": 0}, "missing_lines": [], "excluded_lines": [], "executed_branches": [[247, 248], [247, 249], [249, 250], [249, 251], [251, 252], [251, 255]], "missing_branches": []}, "ConfigurationManager.load_config": {"executed_lines": [269, 271, 272, 273, 274, 276, 278, 279, 282, 283, 284, 286, 287, 290, 291, 292, 293, 294, 297, 298, 299, 301, 302, 303], "summary": {"covered_lines": 24, "num_statements": 24, "percent_covered": 97.36842105263158, "percent_covered_display": "97.37", "missing_lines": 0, "excluded_lines": 0, "num_branches": 14, "num_partial_branches": 1, "covered_branches": 13, "missing_branches": 1}, "missing_lines": [], "excluded_lines": [], "executed_branches": [[272, 273], [272, 276], [278, 279], [278, 282], [282, 283], [282, 286], [291, 292], [291, 297], [292, 291], [292, 293], [293, 294], [297, 298], [297, 299]], "missing_branches": [[293, 291]]}, "ErrorHandler.handle_error": {"executed_lines": [322, 324, 325, 328, 336, 337, 338, 341], "summary": {"covered_lines": 8, "num_statements": 8, "percent_covered": 100.0, "percent_covered_display": "100.00", "missing_lines": 0, "excluded_lines": 0, "num_branches": 6, "num_partial_branches": 0, "covered_branches": 6, "missing_branches": 0}, "missing_lines": [], "excluded_lines": [], "executed_branches": [[324, 325], [324, 328], [336, 337], [336, 341], [337, 336], [337, 338]], "missing_branches": []}, "secure_parse_gcode": {"executed_lines": [357, 358, 360, 361, 363, 364, 365, 366, 367, 369, 371, 372, 373], "summary": {"covered_lines": 13, "num_statements": 13, "percent_covered": 100.0, "percent_covered_display": "100.00", "missing_lines": 0, "excluded_lines": 0, "num_branches": 6, "num_partial_branches": 0, "covered_branches": 6, "missing_branches": 0}, "missing_lines": [], "excluded_lines": [], "executed_branches": [[360, 361], [360, 363], [364, 365], [364, 369], [366, 364], [366, 367]], "missing_branches": []}, "": {"executed_lines": [1, 6, 7, 8, 9, 10, 11, 12, 15, 22, 25, 28, 29, 30, 33, 34, 36, 37, 89, 90, 92, 93, 124, 125, 147, 148, 191, 192, 194, 195, 244, 245, 257, 258, 306, 307, 309, 310, 346], "summary": {"covered_lines": 33, "num_statements": 33, "percent_covered": 100.0, "percent_covered_display": "100.00", "missing_lines": 0, "excluded_lines": 0, "num_branches": 0, "num_partial_branches": 0, "covered_branches": 0, "missing_branches": 0}, "missing_lines": [], "excluded_lines": [], "executed_branches": [], "missing_branches": []}}, "classes": {"SecurityError": {"executed_lines": [], "summary": {"covered_lines": 0, "num_statements": 0, "percent_covered": 100.0, "percent_covered_display": "100.00", "missing_lines": 0, "excluded_lines": 0, "num_branches": 0, "num_partial_branches": 0, "covered_branches": 0, "missing_branches": 0}, "missing_lines": [], "excluded_lines": [], "executed_branches": [], "missing_branches": []}, "FileValidator": {"executed_lines": [48, 50, 51, 54, 55, 56, 59, 60, 61, 62, 63, 65, 66, 67, 70, 73, 78, 79, 80, 82, 84, 85, 86], "summary": {"covered_lines": 23, "num_statements": 23, "percent_covered": 100.0, "percent_covered_display": "100.00", "missing_lines": 0, "excluded_lines": 0, "num_branches": 10, "num_partial_branches": 0, "covered_branches": 10, "missing_branches": 0}, "missing_lines": [], "excluded_lines": [], "executed_branches": [[50, 51], [50, 54], [55, 56], [55, 59], [66, 67], [66, 70], [78, 79], [78, 82], [79, 78], [79, 80]], "missing_branches": []}, "InputValidator": {"executed_lines": [107, 108, 111, 112, 114, 115, 116, 117, 119, 121, 122, 136, 137, 140, 142, 143, 145, 158, 159, 162, 164, 165, 166, 167, 169, 170, 171, 173, 174, 177, 178, 180, 181, 182, 185, 186, 188], "summary": {"covered_lines": 37, "num_statements": 37, "percent_covered": 100.0, "percent_covered_display": "100.00", "missing_lines": 0, "excluded_lines": 0, "num_branches": 26, "num_partial_branches": 0, "covered_branches": 26, "missing_branches": 0}, "missing_lines": [], "excluded_lines": [], "executed_branches": [[111, 112], [111, 114], [114, 115], [114, 116], [116, 117], [116, 119], [136, 137], [136, 140], [142, 143], [142, 145], [158, 159], [158, 162], [162, 164], [162, 167], [167, 169], [167, 170], [170, 171], [170, 173], [173, 174], [173, 177], [180, 181], [180, 188], [181, 182], [181, 185], [185, 180], [185, 186]], "missing_branches": []}, "ConfigurationManager": {"executed_lines": [206, 208, 209, 210, 213, 216, 217, 218, 221, 222, 223, 226, 227, 231, 232, 233, 236, 238, 240, 241, 242, 247, 248, 249, 250, 251, 252, 255, 269, 271, 272, 273, 274, 276, 278, 279, 282, 283, 284, 286, 287, 290, 291, 292, 293, 294, 297, 298, 299, 301, 302, 303], "summary": {"covered_lines": 52, "num_statements": 53, "percent_covered": 96.3855421686747, "percent_covered_display": "96.39", "missing_lines": 1, "excluded_lines": 0, "num_branches": 30, "num_partial_branches": 2, "covered_branches": 28, "missing_branches": 2}, "missing_lines": [228], "excluded_lines": [], "executed_branches": [[209, 210], [209, 213], [217, 218], [217, 221], [221, 222], [221, 226], [222, 221], [222, 223], [227, 231], [247, 248], [247, 249], [249, 250], [249, 251], [251, 252], [251, 255], [272, 273], [272, 276], [278, 279], [278, 282], [282, 283], [282, 286], [291, 292], [291, 297], [292, 291], [292, 293], [293, 294], [297, 298], [297, 299]], "missing_branches": [[227, 228], [293, 291]]}, "ErrorHandler": {"executed_lines": [322, 324, 325, 328, 336, 337, 338, 341], "summary": {"covered_lines": 8, "num_statements": 8, "percent_covered": 100.0, "percent_covered_display": "100.00", "missing_lines": 0, "excluded_lines": 0, "num_branches": 6, "num_partial_branches": 0, "covered_branches": 6, "missing_branches": 0}, "missing_lines": [], "excluded_lines": [], "executed_branches": [[324, 325], [324, 328], [336, 337], [336, 341], [337, 336], [337, 338]], "missing_branches": []}, "": {"executed_lines": [1, 6, 7, 8, 9, 10, 11, 12, 15, 22, 25, 28, 29, 30, 33, 34, 36, 37, 89, 90, 92, 93, 124, 125, 147, 148, 191, 192, 194, 195, 244, 245, 257, 258, 306, 307, 309, 310, 346, 357, 358, 360, 361, 363, 364, 365, 366, 367, 369, 371, 372, 373], "summary": {"covered_lines": 46, "num_statements": 46, "percent_covered": 100.0, "percent_covered_display": "100.00", "missing_lines": 0, "excluded_lines": 0, "num_branches": 6, "num_partial_branches": 0, "covered_branches": 6, "missing_branches": 0}, "missing_lines": [], "excluded_lines": [], "executed_branches": [[360, 361], [360, 363], [364, 365], [364, 369], [366, 364], [366, 367]], "missing_branches": []}}}}, "totals": {"covered_lines": 812, "num_statements": 2024, "percent_covered": 35.973207249802996, "percent_covered_display": "35.97", "missing_lines": 1212, "excluded_lines": 2, "num_branches": 514, "num_partial_branches": 21, "covered_branches": 101, "missing_branches": 413}}